#
# There is insufficient memory for the Java Runtime Environment to continue.
# Native memory allocation (malloc) failed to allocate 193104 bytes for Chunk::new
# Possible reasons:
#   The system is out of physical RAM or swap space
#   In 32 bit mode, the process size limit was hit
# Possible solutions:
#   Reduce memory load on the system
#   Increase physical memory or swap space
#   Check if swap backing store is full
#   Use 64 bit Java on a 64 bit OS
#   Decrease Java heap size (-Xmx/-Xms)
#   Decrease number of Java threads
#   Decrease Java thread stack sizes (-Xss)
#   Set larger code cache with -XX:ReservedCodeCacheSize=
# This output file may be truncated or incomplete.
#
#  Out of Memory Error (allocation.cpp:390), pid=9248, tid=11376
#
# JRE version: Java(TM) SE Runtime Environment (8.0_45-b15) (build 1.8.0_45-b15)
# Java VM: Java HotSpot(TM) 64-Bit Server VM (25.45-b02 mixed mode windows-amd64 )
# Failed to write core dump. Minidumps are not enabled by default on client versions of Windows
#

---------------  T H R E A D  ---------------

Current thread (0x000000002b292800):  JavaThread "C2 CompilerThread8" daemon [_thread_in_native, id=11376, stack(0x000000002f0f0000,0x000000002f1f0000)]

Stack: [0x000000002f0f0000,0x000000002f1f0000]
Native frames: (J=compiled Java code, j=interpreted, Vv=VM code, C=native code)
V  [jvm.dll+0x32b57a]
V  [jvm.dll+0x279873]
V  [jvm.dll+0x27a509]
V  [jvm.dll+0x271825]
V  [jvm.dll+0xcb9e2]
V  [jvm.dll+0xcbeac]
V  [jvm.dll+0x464342]
V  [jvm.dll+0x4db685]
V  [jvm.dll+0x4dc287]
V  [jvm.dll+0x46a551]
V  [jvm.dll+0x46cd52]
V  [jvm.dll+0x4500f2]
V  [jvm.dll+0xa4352]
V  [jvm.dll+0xa4c8f]
V  [jvm.dll+0x241984]
V  [jvm.dll+0x29853a]
C  [msvcr100.dll+0x21d9f]
C  [msvcr100.dll+0x21e3b]
C  [kernel32.dll+0x15a4d]
C  [ntdll.dll+0x2b831]


Current CompileTask:
C2:1363851 8157       4       sun.java2d.SunGraphics2D::constrain (216 bytes)


---------------  P R O C E S S  ---------------

Java Threads: ( => current thread )
  0x000000003433b000 JavaThread "Thread-8" daemon [_thread_in_Java, id=14964, stack(0x00000000330c0000,0x00000000331c0000)]
  0x0000000034337800 JavaThread "SwingWorker-pool-2-thread-4" daemon [_thread_blocked, id=14824, stack(0x0000000033220000,0x0000000033320000)]
  0x0000000034339000 JavaThread "SwingWorker-pool-2-thread-3" daemon [_thread_blocked, id=9512, stack(0x00000000325a0000,0x00000000326a0000)]
  0x0000000034337000 JavaThread "SwingWorker-pool-2-thread-2" daemon [_thread_blocked, id=15872, stack(0x0000000051ae0000,0x0000000051be0000)]
  0x0000000034336000 JavaThread "HSQLDB Timer @151eeee5" daemon [_thread_blocked, id=11196, stack(0x0000000051920000,0x0000000051a20000)]
  0x0000000034372000 JavaThread "D3D Screen Updater" daemon [_thread_blocked, id=10892, stack(0x0000000050f00000,0x0000000051000000)]
  0x0000000033bad000 JavaThread "SwingWorker-pool-2-thread-1" daemon [_thread_blocked, id=13332, stack(0x000000004e030000,0x000000004e130000)]
  0x0000000033a1c800 JavaThread "TimerQueue" daemon [_thread_blocked, id=12520, stack(0x0000000050620000,0x0000000050720000)]
  0x0000000033b64800 JavaThread "Swing-Shell" daemon [_thread_blocked, id=6844, stack(0x000000004fd60000,0x000000004fe60000)]
  0x00000000020e2800 JavaThread "DestroyJavaVM" [_thread_blocked, id=12784, stack(0x0000000002c10000,0x0000000002d10000)]
  0x000000003011b800 JavaThread "AWT-EventQueue-0" [_thread_blocked, id=2420, stack(0x0000000030a20000,0x0000000030b20000)]
  0x0000000030116000 JavaThread "AWT-Windows" daemon [_thread_in_native, id=16216, stack(0x0000000030700000,0x0000000030800000)]
  0x0000000030115000 JavaThread "AWT-Shutdown" [_thread_blocked, id=8900, stack(0x000000002efe0000,0x000000002f0e0000)]
  0x0000000030114800 JavaThread "Java2D Disposer" daemon [_thread_blocked, id=15492, stack(0x0000000030460000,0x0000000030560000)]
  0x000000002b307800 JavaThread "Service Thread" daemon [_thread_blocked, id=11712, stack(0x000000002f7f0000,0x000000002f8f0000)]
  0x000000002b2e0000 JavaThread "C1 CompilerThread14" daemon [_thread_blocked, id=12104, stack(0x000000002f920000,0x000000002fa20000)]
  0x000000002b2cd000 JavaThread "C1 CompilerThread13" daemon [_thread_blocked, id=2664, stack(0x000000002f1f0000,0x000000002f2f0000)]
  0x000000002b2cc000 JavaThread "C1 CompilerThread12" daemon [_thread_blocked, id=1004, stack(0x000000002f460000,0x000000002f560000)]
  0x000000002b2bb800 JavaThread "C1 CompilerThread11" daemon [_thread_blocked, id=8808, stack(0x000000002f690000,0x000000002f790000)]
  0x000000002b2b0800 JavaThread "C1 CompilerThread10" daemon [_thread_blocked, id=16312, stack(0x000000002f560000,0x000000002f660000)]
  0x000000002b297800 JavaThread "C2 CompilerThread9" daemon [_thread_blocked, id=6812, stack(0x000000002f360000,0x000000002f460000)]
=>0x000000002b292800 JavaThread "C2 CompilerThread8" daemon [_thread_in_native, id=11376, stack(0x000000002f0f0000,0x000000002f1f0000)]
  0x000000002b289000 JavaThread "C2 CompilerThread7" daemon [_thread_blocked, id=10456, stack(0x000000002eed0000,0x000000002efd0000)]
  0x000000002b273800 JavaThread "C2 CompilerThread6" daemon [_thread_blocked, id=14212, stack(0x000000002ecf0000,0x000000002edf0000)]
  0x000000002b259000 JavaThread "C2 CompilerThread5" daemon [_thread_blocked, id=9552, stack(0x000000002e6c0000,0x000000002e7c0000)]
  0x000000002b236000 JavaThread "C2 CompilerThread4" daemon [_thread_blocked, id=2428, stack(0x000000002eb10000,0x000000002ec10000)]
  0x000000002b20d800 JavaThread "C2 CompilerThread3" daemon [_thread_blocked, id=8472, stack(0x000000002e9a0000,0x000000002eaa0000)]
  0x000000002b208000 JavaThread "C2 CompilerThread2" daemon [_thread_blocked, id=9356, stack(0x000000002e870000,0x000000002e970000)]
  0x000000002b207800 JavaThread "C2 CompilerThread1" daemon [_thread_blocked, id=15692, stack(0x000000002e460000,0x000000002e560000)]
  0x000000002b1ff800 JavaThread "C2 CompilerThread0" daemon [_thread_blocked, id=15864, stack(0x000000002e5a0000,0x000000002e6a0000)]
  0x000000002b1fe800 JavaThread "Attach Listener" daemon [_thread_blocked, id=9692, stack(0x000000002e310000,0x000000002e410000)]
  0x000000002b1fe000 JavaThread "Signal Dispatcher" daemon [_thread_blocked, id=8520, stack(0x000000002e180000,0x000000002e280000)]
  0x000000002b1ac800 JavaThread "Finalizer" daemon [_thread_blocked, id=15436, stack(0x000000002dd80000,0x000000002de80000)]
  0x000000002b1a6800 JavaThread "Reference Handler" daemon [_thread_blocked, id=14236, stack(0x000000002dff0000,0x000000002e0f0000)]

Other Threads:
  0x0000000028c83800 VMThread [stack: 0x000000002dea0000,0x000000002dfa0000] [id=11820]
  0x000000002b309000 WatcherThread [stack: 0x000000002fb40000,0x000000002fc40000] [id=11844]

VM state:not at safepoint (normal execution)

VM Mutex/Monitor currently owned by a thread: None

Heap:
 PSYoungGen      total 20187648K, used 10038903K [0x0000000b80200000, 0x000000107da00000, 0x0000001080200000)
  eden space 19450880K, 49% used [0x0000000b80200000,0x0000000dc646a670,0x0000001023500000)
  from space 736768K, 67% used [0x0000001050700000,0x000000106f033828,0x000000107d680000)
  to   space 739328K, 0% used [0x0000001023500000,0x0000001023500000,0x0000001050700000)
 ParOldGen       total 3835392K, used 2964569K [0x0000000180200000, 0x000000026a380000, 0x0000000b80200000)
  object space 3835392K, 77% used [0x0000000180200000,0x0000000235116620,0x000000026a380000)
 Metaspace       used 27662K, capacity 28087K, committed 28416K, reserved 28672K

Card table byte_map: [0x00000000120d0000,0x00000000198e0000] byte_map_base: 0x00000000114cf000

Marking Bits: (ParMarkBitMap*) 0x000000005caa4040
 Begin Bits: [0x000000007fff0000, 0x00000000bbff0000)
 End Bits:   [0x00000000bbff0000, 0x00000000f7ff0000)

Polling page: 0x0000000000140000

CodeCache: size=245760Kb used=23648Kb max_used=23888Kb free=222111Kb
 bounds [0x0000000002d10000, 0x00000000044a0000, 0x0000000011d10000]
 total_blobs=6619 nmethods=5963 adapters=561
 compilation: enabled

Compilation events (10 events):
Event: 1363.628 Thread 0x000000002b2e0000 nmethod 8153 0x0000000003aff210 code [0x0000000003aff360, 0x0000000003aff470]
Event: 1363.628 Thread 0x000000002b2b0800 nmethod 8155 0x00000000040e4050 code [0x00000000040e41a0, 0x00000000040e42b0]
Event: 1363.628 Thread 0x000000002b2cd000 nmethod 8152 0x00000000040e3d90 code [0x00000000040e3ee0, 0x00000000040e3ff0]
Event: 1363.671 Thread 0x000000002b2bb800 8156   !   3       sun.java2d.loops.FontInfo::clone (8 bytes)
Event: 1363.672 Thread 0x000000002b2bb800 nmethod 8156 0x0000000004058690 code [0x0000000004058800, 0x00000000040589c8]
Event: 1363.674 Thread 0x000000002b292800 8157       4       sun.java2d.SunGraphics2D::constrain (216 bytes)
Event: 1363.687 Thread 0x000000002b2e0000 8158       1       javax.swing.plaf.nimbus.ComboBoxArrowButtonPainter::getPaintContext (5 bytes)
Event: 1363.688 Thread 0x000000002b2e0000 nmethod 8158 0x00000000040e3a50 code [0x00000000040e3ba0, 0x00000000040e3cb0]
Event: 1363.688 Thread 0x000000002b259000 8159       4       java.awt.Rectangle::isEmpty (20 bytes)
Event: 1363.688 Thread 0x000000002b259000 nmethod 8159 0x0000000003c86ed0 code [0x0000000003c87000, 0x0000000003c87078]

GC Heap History (10 events):
Event: 1157.170 GC heap before
{Heap before GC invocations=109 (full 19):
 PSYoungGen      total 19704832K, used 19359232K [0x0000000b80200000, 0x0000001078580000, 0x0000001080200000)
  eden space 19359232K, 100% used [0x0000000b80200000,0x000000101db80000,0x000000101db80000)
  from space 345600K, 0% used [0x000000101db80000,0x000000101db80000,0x0000001032d00000)
  to   space 741376K, 0% used [0x000000104b180000,0x000000104b180000,0x0000001078580000)
 ParOldGen       total 3835392K, used 2964569K [0x0000000180200000, 0x000000026a380000, 0x0000000b80200000)
  object space 3835392K, 77% used [0x0000000180200000,0x0000000235116620,0x000000026a380000)
 Metaspace       used 27646K, capacity 28023K, committed 28416K, reserved 28672K
Event: 1157.249 GC heap after
Heap after GC invocations=109 (full 19):
 PSYoungGen      total 20092416K, used 494253K [0x0000000b80200000, 0x000000107ca00000, 0x0000001080200000)
  eden space 19351040K, 0% used [0x0000000b80200000,0x0000000b80200000,0x000000101d380000)
  from space 741376K, 66% used [0x000000104b180000,0x000000106942b638,0x0000001078580000)
  to   space 751616K, 0% used [0x000000101d380000,0x000000101d380000,0x000000104b180000)
 ParOldGen       total 3835392K, used 2964569K [0x0000000180200000, 0x000000026a380000, 0x0000000b80200000)
  object space 3835392K, 77% used [0x0000000180200000,0x0000000235116620,0x000000026a380000)
 Metaspace       used 27646K, capacity 28023K, committed 28416K, reserved 28672K
}
Event: 1171.851 GC heap before
{Heap before GC invocations=110 (full 19):
 PSYoungGen      total 20092416K, used 19845293K [0x0000000b80200000, 0x000000107ca00000, 0x0000001080200000)
  eden space 19351040K, 100% used [0x0000000b80200000,0x000000101d380000,0x000000101d380000)
  from space 741376K, 66% used [0x000000104b180000,0x000000106942b638,0x0000001078580000)
  to   space 751616K, 0% used [0x000000101d380000,0x000000101d380000,0x000000104b180000)
 ParOldGen       total 3835392K, used 2964569K [0x0000000180200000, 0x000000026a380000, 0x0000000b80200000)
  object space 3835392K, 77% used [0x0000000180200000,0x0000000235116620,0x000000026a380000)
 Metaspace       used 27647K, capacity 28023K, committed 28416K, reserved 28672K
Event: 1171.943 GC heap after
Heap after GC invocations=110 (full 19):
 PSYoungGen      total 20102656K, used 497868K [0x0000000b80200000, 0x000000107d100000, 0x0000001080200000)
  eden space 19351040K, 0% used [0x0000000b80200000,0x0000000b80200000,0x000000101d380000)
  from space 751616K, 66% used [0x000000101d380000,0x000000103b9b30e0,0x000000104b180000)
  to   space 758272K, 0% used [0x000000104ec80000,0x000000104ec80000,0x000000107d100000)
 ParOldGen       total 3835392K, used 2964569K [0x0000000180200000, 0x000000026a380000, 0x0000000b80200000)
  object space 3835392K, 77% used [0x0000000180200000,0x0000000235116620,0x000000026a380000)
 Metaspace       used 27647K, capacity 28023K, committed 28416K, reserved 28672K
}
Event: 1186.326 GC heap before
{Heap before GC invocations=111 (full 19):
 PSYoungGen      total 20102656K, used 19848908K [0x0000000b80200000, 0x000000107d100000, 0x0000001080200000)
  eden space 19351040K, 100% used [0x0000000b80200000,0x000000101d380000,0x000000101d380000)
  from space 751616K, 66% used [0x000000101d380000,0x000000103b9b30e0,0x000000104b180000)
  to   space 758272K, 0% used [0x000000104ec80000,0x000000104ec80000,0x000000107d100000)
 ParOldGen       total 3835392K, used 2964569K [0x0000000180200000, 0x000000026a380000, 0x0000000b80200000)
  object space 3835392K, 77% used [0x0000000180200000,0x0000000235116620,0x000000026a380000)
 Metaspace       used 27647K, capacity 28023K, committed 28416K, reserved 28672K
Event: 1186.388 GC heap after
Heap after GC invocations=111 (full 19):
 PSYoungGen      total 20134400K, used 459146K [0x0000000b80200000, 0x000000107b800000, 0x0000001080200000)
  eden space 19401728K, 0% used [0x0000000b80200000,0x0000000b80200000,0x0000001020500000)
  from space 732672K, 62% used [0x000000104ec80000,0x000000106ace2be0,0x000000107b800000)
  to   space 747008K, 0% used [0x0000001020500000,0x0000001020500000,0x000000104de80000)
 ParOldGen       total 3835392K, used 2964569K [0x0000000180200000, 0x000000026a380000, 0x0000000b80200000)
  object space 3835392K, 77% used [0x0000000180200000,0x0000000235116620,0x000000026a380000)
 Metaspace       used 27647K, capacity 28023K, committed 28416K, reserved 28672K
}
Event: 1200.650 GC heap before
{Heap before GC invocations=112 (full 19):
 PSYoungGen      total 20134400K, used 19860874K [0x0000000b80200000, 0x000000107b800000, 0x0000001080200000)
  eden space 19401728K, 100% used [0x0000000b80200000,0x0000001020500000,0x0000001020500000)
  from space 732672K, 62% used [0x000000104ec80000,0x000000106ace2be0,0x000000107b800000)
  to   space 747008K, 0% used [0x0000001020500000,0x0000001020500000,0x000000104de80000)
 ParOldGen       total 3835392K, used 2964569K [0x0000000180200000, 0x000000026a380000, 0x0000000b80200000)
  object space 3835392K, 77% used [0x0000000180200000,0x0000000235116620,0x000000026a380000)
 Metaspace       used 27647K, capacity 28023K, committed 28416K, reserved 28672K
Event: 1200.732 GC heap after
Heap after GC invocations=112 (full 19):
 PSYoungGen      total 20148736K, used 463595K [0x0000000b80200000, 0x000000107d680000, 0x0000001080200000)
  eden space 19401728K, 0% used [0x0000000b80200000,0x0000000b80200000,0x0000001020500000)
  from space 747008K, 62% used [0x0000001020500000,0x000000103c9bad58,0x000000104de80000)
  to   space 736768K, 0% used [0x0000001050700000,0x0000001050700000,0x000000107d680000)
 ParOldGen       total 3835392K, used 2964569K [0x0000000180200000, 0x000000026a380000, 0x0000000b80200000)
  object space 3835392K, 77% used [0x0000000180200000,0x0000000235116620,0x000000026a380000)
 Metaspace       used 27647K, capacity 28023K, committed 28416K, reserved 28672K
}
Event: 1215.121 GC heap before
{Heap before GC invocations=113 (full 19):
 PSYoungGen      total 20148736K, used 19865323K [0x0000000b80200000, 0x000000107d680000, 0x0000001080200000)
  eden space 19401728K, 100% used [0x0000000b80200000,0x0000001020500000,0x0000001020500000)
  from space 747008K, 62% used [0x0000001020500000,0x000000103c9bad58,0x000000104de80000)
  to   space 736768K, 0% used [0x0000001050700000,0x0000001050700000,0x000000107d680000)
 ParOldGen       total 3835392K, used 2964569K [0x0000000180200000, 0x000000026a380000, 0x0000000b80200000)
  object space 3835392K, 77% used [0x0000000180200000,0x0000000235116620,0x000000026a380000)
 Metaspace       used 27647K, capacity 28023K, committed 28416K, reserved 28672K
Event: 1215.188 GC heap after
Heap after GC invocations=113 (full 19):
 PSYoungGen      total 20187648K, used 500942K [0x0000000b80200000, 0x000000107da00000, 0x0000001080200000)
  eden space 19450880K, 0% used [0x0000000b80200000,0x0000000b80200000,0x0000001023500000)
  from space 736768K, 67% used [0x0000001050700000,0x000000106f033828,0x000000107d680000)
  to   space 739328K, 0% used [0x0000001023500000,0x0000001023500000,0x0000001050700000)
 ParOldGen       total 3835392K, used 2964569K [0x0000000180200000, 0x000000026a380000, 0x0000000b80200000)
  object space 3835392K, 77% used [0x0000000180200000,0x0000000235116620,0x000000026a380000)
 Metaspace       used 27647K, capacity 28023K, committed 28416K, reserved 28672K
}

Deoptimization events (10 events):
Event: 1019.503 Thread 0x000000003011b800 Uncommon trap: reason=bimorphic action=maybe_recompile pc=0x0000000004291b34 method=java.awt.Container.validateTree()V @ 34
Event: 1019.504 Thread 0x000000003011b800 Uncommon trap: reason=bimorphic action=maybe_recompile pc=0x0000000003dfecc4 method=java.awt.Component.validate()V @ 74
Event: 1027.045 Thread 0x000000003011b800 Uncommon trap: reason=bimorphic action=maybe_recompile pc=0x0000000004291b34 method=java.awt.Container.validateTree()V @ 34
Event: 1027.046 Thread 0x000000003011b800 Uncommon trap: reason=bimorphic action=maybe_recompile pc=0x0000000003dfecc4 method=java.awt.Component.validate()V @ 74
Event: 1041.764 Thread 0x00000000303d9800 Uncommon trap: reason=unstable_if action=reinterpret pc=0x0000000003c1ede4 method=java.util.ComparableTimSort.mergeHi(IIII)V @ 581
Event: 1149.871 Thread 0x000000003011b800 Uncommon trap: reason=unstable_if action=reinterpret pc=0x000000000364710c method=sun.font.CMap$CMapFormat4.getGlyph(I)C @ 181
Event: 1149.914 Thread 0x000000003011b800 Uncommon trap: reason=bimorphic action=maybe_recompile pc=0x0000000003d3bb30 method=java.awt.Container.validateTree()V @ 34
Event: 1263.291 Thread 0x000000003433b000 Uncommon trap: reason=unstable_if action=reinterpret pc=0x00000000041ce3a8 method=java.util.ComparableTimSort.mergeLo(IIII)V @ 510
Event: 1270.786 Thread 0x000000003433b000 Uncommon trap: reason=bimorphic action=maybe_recompile pc=0x0000000003d0d16c method=java.util.ComparableTimSort.mergeLo(IIII)V @ 184
Event: 1363.572 Thread 0x000000003011b800 Uncommon trap: reason=unstable_if action=reinterpret pc=0x0000000003df1724 method=sun.awt.windows.TranslucentWindowPainter.updateWindow(Z)V @ 59

Internal exceptions (10 events):
Event: 294.211 Thread 0x000000003035f000 Implicit null exception at 0x000000000400fee3 to 0x0000000004010451
Event: 294.351 Thread 0x0000000034344800 Implicit null exception at 0x000000000400fee3 to 0x0000000004010451
Event: 296.938 Thread 0x0000000030365000 Implicit null exception at 0x000000000400fee3 to 0x0000000004010451
Event: 368.093 Thread 0x000000003433b000 Implicit null exception at 0x0000000003296dc5 to 0x000000000329707d
Event: 368.093 Thread 0x000000003433b000 Implicit null exception at 0x0000000003ec6a5e to 0x0000000003ec6b84
Event: 368.103 Thread 0x000000003433b000 Exception <a 'java/lang/NoSuchMethodError': <clinit>> (0x000000100f059618) thrown at [C:\re\workspace\8-2-build-windows-amd64-cygwin\jdk8u45\3627\hotspot\src\share\vm\prims\jni.cpp, line 1598]
Event: 368.105 Thread 0x000000003433b000 Implicit null exception at 0x0000000003ecd8b3 to 0x0000000003ecf4b1
Event: 368.107 Thread 0x000000003433b000 Exception <a 'java/lang/NoSuchMethodError': <clinit>> (0x000000100f068688) thrown at [C:\re\workspace\8-2-build-windows-amd64-cygwin\jdk8u45\3627\hotspot\src\share\vm\prims\jni.cpp, line 1598]
Event: 368.107 Thread 0x000000003433b000 Implicit null exception at 0x0000000003eb5abf to 0x0000000003eb5fb1
Event: 368.126 Thread 0x000000003433b000 Implicit null exception at 0x0000000004061f75 to 0x0000000004062131

Events (10 events):
Event: 1363.584 Thread 0x000000002b2bb800 flushing nmethod 0x000000000362abd0
Event: 1363.595 Thread 0x000000002b2cc000 flushing nmethod 0x0000000003698590
Event: 1363.595 Thread 0x000000002b2cc000 flushing nmethod 0x0000000003726e10
Event: 1363.597 Thread 0x000000002b2e0000 flushing nmethod 0x000000000392f450
Event: 1363.598 Thread 0x000000002b2cc000 flushing nmethod 0x0000000003aff210
Event: 1363.603 Thread 0x000000002b2bb800 flushing nmethod 0x0000000003c86ed0
Event: 1363.612 Thread 0x000000002b2bb800 flushing nmethod 0x0000000003d56390
Event: 1363.613 Thread 0x000000002b2e0000 flushing nmethod 0x0000000003e73290
Event: 1363.614 Thread 0x000000002b2cd000 flushing nmethod 0x0000000003fe5dd0
Event: 1363.614 Thread 0x000000002b2cd000 flushing nmethod 0x00000000040581d0


Dynamic libraries:
0x000000013f4f0000 - 0x000000013f527000 	C:\Program Files\Java\jdk1.8.0_45\jre\bin\java.exe
0x0000000077350000 - 0x00000000774f9000 	C:\Windows\SYSTEM32\ntdll.dll
0x0000000077230000 - 0x0000000077350000 	C:\Windows\system32\kernel32.dll
0x000007fefd110000 - 0x000007fefd17c000 	C:\Windows\system32\KERNELBASE.dll
0x000007fefd870000 - 0x000007fefd94b000 	C:\Windows\system32\ADVAPI32.dll
0x000007feff0a0000 - 0x000007feff13f000 	C:\Windows\system32\msvcrt.dll
0x000007fefddb0000 - 0x000007fefddcf000 	C:\Windows\SYSTEM32\sechost.dll
0x000007fefdfd0000 - 0x000007fefe0fd000 	C:\Windows\system32\RPCRT4.dll
0x0000000077130000 - 0x000000007722a000 	C:\Windows\system32\USER32.dll
0x000007fefd800000 - 0x000007fefd867000 	C:\Windows\system32\GDI32.dll
0x000007fefde30000 - 0x000007fefde3e000 	C:\Windows\system32\LPK.dll
0x000007fefd9f0000 - 0x000007fefdab9000 	C:\Windows\system32\USP10.dll
0x000007fefbb10000 - 0x000007fefbd04000 	C:\Windows\WinSxS\amd64_microsoft.windows.common-controls_6595b64144ccf1df_6.0.7601.18837_none_fa3b1e3d17594757\COMCTL32.dll
0x000007fefd950000 - 0x000007fefd9c1000 	C:\Windows\system32\SHLWAPI.dll
0x000007feff590000 - 0x000007feff5be000 	C:\Windows\system32\IMM32.DLL
0x000007fefdca0000 - 0x000007fefdda9000 	C:\Windows\system32\MSCTF.dll
0x0000000180000000 - 0x000000018000a000 	C:\Windows\KATRK64.DLL
0x000007fefc330000 - 0x000007fefc341000 	C:\Windows\system32\WTSAPI32.dll
0x0000000063010000 - 0x00000000630e2000 	C:\Program Files\Java\jdk1.8.0_45\jre\bin\msvcr100.dll
0x000000005c2a0000 - 0x000000005cb23000 	C:\Program Files\Java\jdk1.8.0_45\jre\bin\server\jvm.dll
0x000007fef7390000 - 0x000007fef7399000 	C:\Windows\system32\WSOCK32.dll
0x000007feff540000 - 0x000007feff58d000 	C:\Windows\system32\WS2_32.dll
0x000007fefdee0000 - 0x000007fefdee8000 	C:\Windows\system32\NSI.dll
0x000007fefabe0000 - 0x000007fefac1b000 	C:\Windows\system32\WINMM.dll
0x000007fefc510000 - 0x000007fefc51c000 	C:\Windows\system32\VERSION.dll
0x0000000077520000 - 0x0000000077527000 	C:\Windows\system32\PSAPI.DLL
0x0000000064530000 - 0x000000006453f000 	C:\Program Files\Java\jdk1.8.0_45\jre\bin\verify.dll
0x0000000063940000 - 0x0000000063969000 	C:\Program Files\Java\jdk1.8.0_45\jre\bin\java.dll
0x0000000063900000 - 0x0000000063916000 	C:\Program Files\Java\jdk1.8.0_45\jre\bin\zip.dll
0x000007fefe100000 - 0x000007fefee89000 	C:\Windows\system32\SHELL32.dll
0x000007fefee90000 - 0x000007feff093000 	C:\Windows\system32\ole32.dll
0x000007fefd0f0000 - 0x000007fefd0ff000 	C:\Windows\system32\profapi.dll
0x0000000059f40000 - 0x000000005a0d8000 	C:\Program Files\Java\jdk1.8.0_45\jre\bin\awt.dll
0x000007fefdef0000 - 0x000007fefdfc7000 	C:\Windows\system32\OLEAUT32.dll
0x000007fefb850000 - 0x000007fefb8a6000 	C:\Windows\system32\uxtheme.dll
0x000007fef28f0000 - 0x000007fef2938000 	C:\Program Files (x86)\TeamViewer\tv_x64.dll
0x000007fefb420000 - 0x000007fefb438000 	C:\Windows\system32\dwmapi.dll
0x000007fefcf90000 - 0x000007fefcf9f000 	C:\Windows\system32\CRYPTBASE.dll
0x000007fef4f40000 - 0x000007fef513f000 	C:\Windows\system32\d3d9.dll
0x000007fef4e70000 - 0x000007fef4e77000 	C:\Windows\system32\d3d8thk.dll
0x000007fed7600000 - 0x000007fed8737000 	C:\Windows\system32\nvd3dumx.dll
0x000007fefaac0000 - 0x000007fefaaec000 	C:\Windows\system32\powrprof.dll
0x000007fefdac0000 - 0x000007fefdc97000 	C:\Windows\system32\SETUPAPI.dll
0x000007fefd3d0000 - 0x000007fefd406000 	C:\Windows\system32\CFGMGR32.dll
0x000007fefd450000 - 0x000007fefd46a000 	C:\Windows\system32\DEVOBJ.dll
0x0000000031fc0000 - 0x00000000320f9000 	C:\Program Files (x86)\NVIDIA Corporation\3D Vision\nvSCPAPI64.dll
0x000000005b6a0000 - 0x000000005b6e7000 	C:\Program Files\Java\jdk1.8.0_45\jre\bin\fontmanager.dll
0x000007fefde40000 - 0x000007fefded9000 	C:\Windows\system32\CLBCatQ.DLL
0x000007fefb270000 - 0x000007fefb3d1000 	C:\Windows\system32\WindowsCodecs.dll
0x000007fefced0000 - 0x000007fefcf27000 	C:\Windows\system32\apphelp.dll
0x000007fef37a0000 - 0x000007fef380f000 	C:\Windows\system32\mscoree.dll
0x000007fef3700000 - 0x000007fef379d000 	C:\Windows\Microsoft.NET\Framework64\v4.0.30319\mscoreei.dll
0x000007fefcfa0000 - 0x000007fefd031000 	C:\Windows\system32\sxs.dll
0x000007fef2b30000 - 0x000007fef34d0000 	C:\Windows\Microsoft.NET\Framework64\v4.0.30319\clr.dll
0x000007fef2a50000 - 0x000007fef2b26000 	C:\Windows\system32\MSVCR120_CLR0400.dll
0x000007fef0260000 - 0x000007fef1801000 	C:\Windows\assembly\NativeImages_v4.0.30319_64\mscorlib\701f2b79b02a02beba70e50bb2edb212\mscorlib.ni.dll
0x000007fefca90000 - 0x000007fefcaa8000 	C:\Windows\system32\CRYPTSP.dll
0x000007fefc5a0000 - 0x000007fefc5e7000 	C:\Windows\system32\rsaenh.dll
0x000007fefd040000 - 0x000007fefd054000 	C:\Windows\system32\RpcRtRemote.dll
0x000000006dd30000 - 0x000000006dd3a000 	C:\Program Files\Box\Box Sync\IconOverlayClient.dll
0x000000006d6a0000 - 0x000000006d6c2000 	C:\Program Files\Box\Box Sync\SharpShell.dll
0x000007feef5e0000 - 0x000007fef0257000 	C:\Windows\assembly\NativeImages_v4.0.30319_64\System\edc284c2fc5f774b65992c5e0b6a1899\System.ni.dll
0x000007fef26d0000 - 0x000007fef28ef000 	C:\Windows\assembly\NativeImages_v4.0.30319_64\System.Drawing\2cc4d1469d26a1bc8dea8a2f8fda6f2b\System.Drawing.ni.dll
0x000007feef4b0000 - 0x000007feef5de000 	C:\Windows\Microsoft.NET\Framework64\v4.0.30319\clrjit.dll
0x00000000688e0000 - 0x0000000068930000 	C:\Program Files\Box\Box Sync\log4net.dll
0x00000000682c0000 - 0x00000000688d6000 	C:\Windows\Microsoft.Net\assembly\GAC_MSIL\System.ServiceModel\v4.0_4.0.0.0__b77a5c561934e089\System.ServiceModel.dll
0x000007feef130000 - 0x000007feef4a1000 	C:\Windows\assembly\NativeImages_v4.0.30319_64\System.Runteb92aa12#\cdca00d5c58d31de2503310a31ca096f\System.Runtime.Serialization.ni.dll
0x000007fef59e0000 - 0x000007fef5b0f000 	C:\Windows\assembly\NativeImages_v4.0.30319_64\System.Configuration\687652cdc9b32bd8e530be3a7da88810\System.Configuration.ni.dll
0x000007feee6a0000 - 0x000007feef04f000 	C:\Windows\assembly\NativeImages_v4.0.30319_64\System.Xml\fdebf7eee3058c7156aef7d7fedf5ac4\System.Xml.ni.dll
0x000007fef6670000 - 0x000007fef6686000 	C:\Windows\Microsoft.NET\Framework64\v4.0.30319\nlssorting.dll
0x000007feedd30000 - 0x000007feee698000 	C:\Windows\assembly\NativeImages_v4.0.30319_64\System.Core\97a77e20513a0e20b1810fb5c3387a50\System.Core.ni.dll
0x000007feedc70000 - 0x000007feedd30000 	C:\Program Files (x86)\Google\Drive\googledrivesync64.dll
0x0000000068ff0000 - 0x00000000690c3000 	C:\Windows\WinSxS\amd64_microsoft.vc90.crt_1fc8b3b9a1e18e3b_9.0.30729.6161_none_08e61857a83bc251\MSVCP90.dll
0x0000000068f40000 - 0x0000000068fe3000 	C:\Windows\WinSxS\amd64_microsoft.vc90.crt_1fc8b3b9a1e18e3b_9.0.30729.6161_none_08e61857a83bc251\MSVCR90.dll
0x000007feeb530000 - 0x000007feeb56b000 	C:\Program Files (x86)\Dropbox\Client\DropboxExt64.28.dll
0x000000005d0b0000 - 0x000000005d0ca000 	C:\Program Files\Java\jdk1.8.0_45\jre\bin\net.dll
0x000007fefc830000 - 0x000007fefc885000 	C:\Windows\system32\mswsock.dll
0x000007fefc9c0000 - 0x000007fefc9c7000 	C:\Windows\System32\wship6.dll
0x000000005cb30000 - 0x000000005cb41000 	C:\Program Files\Java\jdk1.8.0_45\jre\bin\nio.dll
0x000000005ac80000 - 0x000000005acc1000 	C:\Program Files\Java\jdk1.8.0_45\jre\bin\t2k.dll
0x000007fef72f0000 - 0x000007fef7390000 	C:\Windows\WinSxS\amd64_microsoft.windows.common-controls_6595b64144ccf1df_5.82.7601.18837_none_a4d981ff711297b6\comctl32.dll
0x000007fefb8b0000 - 0x000007fefb9dc000 	C:\Windows\system32\propsys.dll
0x000007fefc000000 - 0x000007fefc02d000 	C:\Windows\system32\ntmarta.dll
0x000007fefddd0000 - 0x000007fefde22000 	C:\Windows\system32\WLDAP32.dll
0x000007feec930000 - 0x000007feecacc000 	C:\Windows\system32\NetworkExplorer.dll
0x000007fefb4a0000 - 0x000007fefb4d4000 	C:\Windows\System32\shdocvw.dll
0x000007fef9750000 - 0x000007fef975b000 	C:\Windows\system32\slc.dll
0x000007fef9080000 - 0x000007fef9098000 	C:\Windows\system32\MPR.dll
0x000007fef6650000 - 0x000007fef665a000 	C:\Windows\System32\drprov.dll
0x000007fefcf50000 - 0x000007fefcf8d000 	C:\Windows\System32\WINSTA.dll
0x000000006deb0000 - 0x000000006debf000 	C:\Windows\system32\AFSRDFSProvider.dll
0x000007fef6610000 - 0x000007fef6632000 	C:\Windows\System32\ntlanman.dll
0x000007fef4720000 - 0x000007fef473d000 	C:\Windows\System32\davclnt.dll
0x000007fef65c0000 - 0x000007fef65ca000 	C:\Windows\System32\DAVHLPR.dll
0x000007fefb100000 - 0x000007fefb115000 	C:\Windows\system32\wkscli.dll
0x000007fef6b30000 - 0x000007fef6b3f000 	C:\Windows\system32\cscapi.dll
0x000007fefb120000 - 0x000007fefb12c000 	C:\Windows\system32\netutils.dll
0x000007fedfca0000 - 0x000007fedfdb2000 	C:\Users\Nikolay\AppData\Roaming\Yandex\YandexDisk\YandexDiskShellExt-4724.dll
0x000007fef72e0000 - 0x000007fef72e7000 	C:\Windows\system32\MSIMG32.dll
0x000007fefb630000 - 0x000007fefb846000 	C:\Windows\WinSxS\amd64_microsoft.windows.gdiplus_6595b64144ccf1df_1.1.7601.18946_none_2b27281071eac12c\gdiplus.dll
0x000007feff140000 - 0x000007feff3a9000 	C:\Windows\system32\WININET.dll
0x000007fefd1a0000 - 0x000007fefd1a4000 	C:\Windows\system32\api-ms-win-downlevel-user32-l1-1-0.dll
0x000007fefd410000 - 0x000007fefd414000 	C:\Windows\system32\api-ms-win-downlevel-shlwapi-l1-1-0.dll
0x000007fefd180000 - 0x000007fefd184000 	C:\Windows\system32\api-ms-win-downlevel-version-l1-1-0.dll
0x000007fefd420000 - 0x000007fefd423000 	C:\Windows\system32\api-ms-win-downlevel-normaliz-l1-1-0.dll
0x0000000077510000 - 0x0000000077513000 	C:\Windows\system32\normaliz.DLL
0x000007fefd4b0000 - 0x000007fefd777000 	C:\Windows\system32\iertutil.dll
0x000007fefd190000 - 0x000007fefd195000 	C:\Windows\system32\api-ms-win-downlevel-advapi32-l1-1-0.dll
0x000007fefd430000 - 0x000007fefd44e000 	C:\Windows\system32\USERENV.dll
0x000007fefa0e0000 - 0x000007fefa351000 	C:\Windows\system32\wpdshext.dll
0x000007fef4e80000 - 0x000007fef4f3d000 	C:\Windows\system32\PortableDeviceApi.dll
0x000007fefd470000 - 0x000007fefd4ab000 	C:\Windows\system32\WINTRUST.dll
0x000007fefd260000 - 0x000007fefd3cd000 	C:\Windows\system32\CRYPT32.dll
0x000007fefd100000 - 0x000007fefd10f000 	C:\Windows\system32\MSASN1.dll
0x000007feec820000 - 0x000007feec859000 	C:\Windows\system32\PortableDeviceTypes.dll
0x000007fef4660000 - 0x000007fef4695000 	C:\Windows\system32\EhStorShell.dll
0x000007fefa540000 - 0x000007fefa567000 	C:\Windows\system32\EhStorAPI.dll
0x000007fefbf20000 - 0x000007fefbf2c000 	C:\Windows\system32\LINKINFO.dll
0x000007fefba10000 - 0x000007fefba23000 	C:\Program Files\Windows Journal\NBMapTIP.dll
0x000007fee3270000 - 0x000007fee33c0000 	C:\Windows\system32\MFC42u.dll
0x000007fef66c0000 - 0x000007fef6771000 	C:\Windows\system32\ODBC32.dll
0x000000006a6d0000 - 0x000000006a708000 	C:\Windows\system32\odbcint.dll
0x000007fefaeb0000 - 0x000007fefaf2f000 	C:\Program Files\Common Files\microsoft shared\ink\tiptsf.dll
0x000000006a060000 - 0x000000006a08a000 	C:\Program Files\Java\jdk1.8.0_45\jre\bin\dcpr.dll
0x000007fef9540000 - 0x000007fef9665000 	C:\Windows\system32\dbghelp.dll

VM Arguments:
jvm_args: -Xbootclasspath/p:C:\Program Files\Java\jdk1.8.0_45\jre\lib\javaws.jar -Dfile.encoding=UTF-8 -Xmx60G 
java_command: vortex.gui.frmMain
java_class_path (initial): C:\Users\Nikolay\Dropbox\DEV\LIBS\gephi-toolkit-0.8.7-all\gephi-toolkit.jar;C:\Users\Nikolay\Dropbox\DEV\LIBS\jmathplot.jar;C:\Users\Nikolay\Dropbox\DEV\LIBS\ssj\lib\optimization.jar;C:\Users\Nikolay\Dropbox\DEV\LIBS\ssj\lib\ssj.jar;C:\Users\Nikolay\Dropbox\DEV\ExecutionSlave\dist\ExecutionSlave.jar;C:\Users\Nikolay\Dropbox\DEV\GlassComponents\dist\GlassComponents.jar;C:\Users\Nikolay\Dropbox\DEV\LIBS\colt-1.2.0\lib\colt.jar;C:\Users\Nikolay\Dropbox\DEV\LIBS\colt-1.2.0\lib\concurrent.jar;C:\Users\Nikolay\AppData\Roaming\NetBeans\8.0\modules\ext\beansbinding-1.2.1.jar;C:\Users\Nikolay\Dropbox\DEV\LIBS\hsqldb-2.2.9\lib\hsqldb.jar;C:\Users\Nikolay\Dropbox\DEV\LIBS\MDSJ\mdsj.jar;C:\Users\Nikolay\Dropbox\DEV\LIBS\JFreeChart\jfreechart-1.0.19\lib\jcommon-1.0.23.jar;C:\Users\Nikolay\Dropbox\DEV\LIBS\JFreeChart\jfreechart-1.0.19\lib\jfreechart-1.0.19.jar;C:\Users\Nikolay\Dropbox\DEV\LIBS\FCSOutputLibrary\FCSOutputLibrary\build;C:\Users\Nikolay\YandexDisk\DEV\Sandbox\dist\Sandbox.jar;C:\Users\Nikolay\Dropbox\DEV\LIBS\commons-pool-1.6\commons-pool-1.6.jar;C:\Users\Nikolay\Documents\NetBeansProjects\FMeasure\dist\FMeasure.jar;C:\Users\Nikolay\Documents\NetBeansProjects\vortex\build\classes
Launcher Type: SUN_STANDARD

Environment Variables:
PATH=C:\ProgramData\Oracle\Java\javapath;C:\Program Files (x86)\Common Files\Intel\Shared Files\cpp\bin\Intel64;C:\Windows\system32;C:\Windows;C:\Windows\System32\Wbem;C:\Windows\System32\WindowsPowerShell\v1.0\;C:\Program Files (x86)\Common Files\Acronis\SnapAPI\;C:\Program Files\Java\jdk1.7.0_17\bin;C:\Program Files (x86)\Graphviz2.30\bin;C:\Program Files\MATLAB\MATLAB Compiler Runtime\v83\runtime\win64;C:\Program Files\R\R-3.1.0\bin;C:\Program Files (x86)\MIT\Kerberos\bin;C:\Program Files\OpenAFS\Common;C:\Program Files\OpenAFS\Client\Program;C:\Program Files (x86)\OpenAFS\Common;C:\Program Files (x86)\OpenAFS\Client\Program;C:\Program Files (x86)\Windows Kits\8.1\Windows Performance Toolkit\;C:\Program Files\Microsoft SQL Server\110\Tools\Binn\;C:\Program Files (x86)\Microsoft SDKs\TypeScript\1.0\;C:\Program Files\Microsoft SQL Server\120\Tools\Binn\;C:\Program Files (x86)\Skype\Phone\;C:\Program Files\MATLAB\MATLAB Compiler Runtime\v84\runtime\win64
USERNAME=Nikolay
OS=Windows_NT
PROCESSOR_IDENTIFIER=Intel64 Family 6 Model 45 Stepping 7, GenuineIntel



---------------  S Y S T E M  ---------------

OS: Windows 7 , 64 bit Build 7601 (6.1.7601.19018)

CPU:total 32 (8 cores per cpu, 2 threads per core) family 6 model 45 stepping 7, cmov, cx8, fxsr, mmx, sse, sse2, sse3, ssse3, sse4.1, sse4.2, popcnt, avx, aes, clmul, ht, tsc, tscinvbit, tscinv

Memory: 4k page, physical 67079724k(11265772k free), swap 67077888k(25172k free)

vm_info: Java HotSpot(TM) 64-Bit Server VM (25.45-b02) for windows-amd64 JRE (1.8.0_45-b15), built on Apr 30 2015 12:40:44 by "java_re" with MS VC++ 10.0 (VS2010)

time: Thu Oct 22 12:23:35 2015
elapsed time: 1363 seconds (0d 0h 22m 43s)

