#
# There is insufficient memory for the Java Runtime Environment to continue.
# Native memory allocation (malloc) failed to allocate 148896 bytes for Chunk::new
# Possible reasons:
#   The system is out of physical RAM or swap space
#   In 32 bit mode, the process size limit was hit
# Possible solutions:
#   Reduce memory load on the system
#   Increase physical memory or swap space
#   Check if swap backing store is full
#   Use 64 bit Java on a 64 bit OS
#   Decrease Java heap size (-Xmx/-Xms)
#   Decrease number of Java threads
#   Decrease Java thread stack sizes (-Xss)
#   Set larger code cache with -XX:ReservedCodeCacheSize=
# This output file may be truncated or incomplete.
#
#  Out of Memory Error (allocation.cpp:390), pid=6004, tid=16236
#
# JRE version: Java(TM) SE Runtime Environment (8.0_45-b15) (build 1.8.0_45-b15)
# Java VM: Java HotSpot(TM) 64-Bit Server VM (25.45-b02 mixed mode windows-amd64 )
# Failed to write core dump. Minidumps are not enabled by default on client versions of Windows
#

---------------  T H R E A D  ---------------

Current thread (0x000000002b56f000):  JavaThread "C2 CompilerThread0" daemon [_thread_in_native, id=16236, stack(0x000000002e100000,0x000000002e200000)]

Stack: [0x000000002e100000,0x000000002e200000]
Native frames: (J=compiled Java code, j=interpreted, Vv=VM code, C=native code)
V  [jvm.dll+0x32b57a]


Current CompileTask:
C2:1089345 8186       4       sun.font.FileFontStrike::getGlyphMetrics (7 bytes)


---------------  P R O C E S S  ---------------

Java Threads: ( => current thread )
  0x0000000059467800 JavaThread "Thread-2921" daemon [_thread_in_Java, id=1504, stack(0x000000005e450000,0x000000005e550000)]
  0x0000000059466800 JavaThread "Thread-2920" daemon [_thread_in_Java, id=8708, stack(0x000000005e260000,0x000000005e360000)]
  0x0000000059466000 JavaThread "Thread-2919" daemon [_thread_in_Java, id=900, stack(0x000000005cf00000,0x000000005d000000)]
  0x0000000059465000 JavaThread "Thread-2918" daemon [_thread_in_Java, id=7904, stack(0x000000005e080000,0x000000005e180000)]
  0x0000000059464800 JavaThread "Thread-2917" daemon [_thread_in_Java, id=12944, stack(0x000000005dea0000,0x000000005dfa0000)]
  0x0000000059463800 JavaThread "Thread-2916" daemon [_thread_in_Java, id=13736, stack(0x000000005dd90000,0x000000005de90000)]
  0x0000000059463000 JavaThread "Thread-2915" daemon [_thread_in_Java, id=12552, stack(0x000000005dbb0000,0x000000005dcb0000)]
  0x0000000059462000 JavaThread "Thread-2914" daemon [_thread_in_Java, id=15868, stack(0x000000005d8f0000,0x000000005d9f0000)]
  0x0000000059461800 JavaThread "Thread-2913" daemon [_thread_in_Java, id=10684, stack(0x000000005d7c0000,0x000000005d8c0000)]
  0x0000000033ec5800 JavaThread "Thread-2912" daemon [_thread_in_Java, id=7532, stack(0x000000005d550000,0x000000005d650000)]
  0x0000000033ec5000 JavaThread "Thread-2911" daemon [_thread_in_Java, id=11268, stack(0x00000000559b0000,0x0000000055ab0000)]
  0x0000000033ec4000 JavaThread "Thread-2910" daemon [_thread_in_Java, id=11804, stack(0x000000005d430000,0x000000005d530000)]
  0x0000000033ec3800 JavaThread "Thread-2909" daemon [_thread_in_Java, id=12512, stack(0x000000005d310000,0x000000005d410000)]
  0x0000000033ec2800 JavaThread "Thread-2908" daemon [_thread_in_Java, id=15924, stack(0x000000005d210000,0x000000005d310000)]
  0x0000000033ec2000 JavaThread "Thread-2907" daemon [_thread_in_Java, id=13456, stack(0x000000005d010000,0x000000005d110000)]
  0x0000000033ec1000 JavaThread "Thread-2906" daemon [_thread_in_Java, id=1916, stack(0x000000005cba0000,0x000000005cca0000)]
  0x0000000033ec0800 JavaThread "Thread-2905" daemon [_thread_in_Java, id=9928, stack(0x000000005ce00000,0x000000005cf00000)]
  0x0000000033ebf800 JavaThread "Thread-2904" daemon [_thread_in_Java, id=12000, stack(0x000000005cca0000,0x000000005cda0000)]
  0x0000000033ebf000 JavaThread "Thread-2903" daemon [_thread_in_Java, id=10604, stack(0x0000000055ab0000,0x0000000055bb0000)]
  0x0000000034596000 JavaThread "Thread-2902" daemon [_thread_in_Java, id=8080, stack(0x00000000502c0000,0x00000000503c0000)]
  0x000000003459c800 JavaThread "Thread-2901" daemon [_thread_in_Java, id=13044, stack(0x0000000055850000,0x0000000055950000)]
  0x0000000034593800 JavaThread "Thread-2900" daemon [_thread_in_Java, id=5844, stack(0x0000000055690000,0x0000000055790000)]
  0x0000000034592000 JavaThread "Thread-2899" daemon [_thread_in_Java, id=15076, stack(0x0000000055520000,0x0000000055620000)]
  0x0000000034596800 JavaThread "Thread-2898" daemon [_thread_in_Java, id=11436, stack(0x00000000553f0000,0x00000000554f0000)]
  0x000000003459c000 JavaThread "Thread-2897" daemon [_thread_in_Java, id=6000, stack(0x0000000054a20000,0x0000000054b20000)]
  0x0000000034594800 JavaThread "Thread-2896" daemon [_thread_in_Java, id=11284, stack(0x0000000054f10000,0x0000000055010000)]
  0x0000000034593000 JavaThread "Thread-2895" daemon [_thread_in_Java, id=8124, stack(0x0000000054df0000,0x0000000054ef0000)]
  0x0000000034595000 JavaThread "Thread-2894" daemon [_thread_in_Java, id=14004, stack(0x0000000054c40000,0x0000000054d40000)]
  0x0000000034597800 JavaThread "Thread-2893" daemon [_thread_in_Java, id=13672, stack(0x0000000054920000,0x0000000054a20000)]
  0x0000000034599800 JavaThread "Thread-2892" daemon [_thread_in_Java, id=9664, stack(0x0000000054580000,0x0000000054680000)]
  0x0000000034599000 JavaThread "Thread-2891" daemon [_thread_in_Java, id=3764, stack(0x0000000053cf0000,0x0000000053df0000)]
  0x000000003459a800 JavaThread "Thread-2890" daemon [_thread_in_Java, id=12080, stack(0x0000000051b80000,0x0000000051c80000)]
  0x0000000034590000 JavaThread "Thread-41" daemon [_thread_blocked, id=15480, stack(0x00000000542e0000,0x00000000543e0000)]
  0x000000003458f000 JavaThread "SwingWorker-pool-2-thread-10" daemon [_thread_blocked, id=7560, stack(0x000000004e740000,0x000000004e840000)]
  0x000000003458e000 JavaThread "SwingWorker-pool-2-thread-9" daemon [_thread_blocked, id=8436, stack(0x00000000539a0000,0x0000000053aa0000)]
  0x000000003458d800 JavaThread "SwingWorker-pool-2-thread-8" daemon [_thread_blocked, id=7392, stack(0x0000000051ca0000,0x0000000051da0000)]
  0x000000002b5c4000 JavaThread "SwingWorker-pool-2-thread-7" daemon [_thread_blocked, id=11780, stack(0x00000000513c0000,0x00000000514c0000)]
  0x000000002b5c5000 JavaThread "SwingWorker-pool-2-thread-6" daemon [_thread_blocked, id=9128, stack(0x0000000051140000,0x0000000051240000)]
  0x000000002b5c3800 JavaThread "SwingWorker-pool-2-thread-5" daemon [_thread_blocked, id=14632, stack(0x0000000051a70000,0x0000000051b70000)]
  0x000000002b5c0800 JavaThread "SwingWorker-pool-2-thread-4" daemon [_thread_blocked, id=12408, stack(0x00000000518a0000,0x00000000519a0000)]
  0x000000002b5c2000 JavaThread "SwingWorker-pool-2-thread-3" daemon [_thread_blocked, id=7892, stack(0x00000000512b0000,0x00000000513b0000)]
  0x000000002b5bf800 JavaThread "HSQLDB Timer @5a764436" daemon [_thread_blocked, id=14568, stack(0x0000000051750000,0x0000000051850000)]
  0x000000002b5c5800 JavaThread "Active Reference Queue Daemon" daemon [_thread_blocked, id=15860, stack(0x0000000053860000,0x0000000053960000)]
  0x000000002b5bf000 JavaThread "SwingWorker-pool-2-thread-2" daemon [_thread_blocked, id=14220, stack(0x0000000053e00000,0x0000000053f00000)]
  0x0000000033c42000 JavaThread "D3D Screen Updater" daemon [_thread_blocked, id=15352, stack(0x000000004ee70000,0x000000004ef70000)]
  0x0000000033f79000 JavaThread "SwingWorker-pool-2-thread-1" daemon [_thread_blocked, id=1948, stack(0x0000000050a60000,0x0000000050b60000)]
  0x0000000033db1000 JavaThread "TimerQueue" daemon [_thread_blocked, id=13872, stack(0x00000000508d0000,0x00000000509d0000)]
  0x0000000033d8e000 JavaThread "Swing-Shell" daemon [_thread_blocked, id=15416, stack(0x0000000032c70000,0x0000000032d70000)]
  0x00000000028a2800 JavaThread "DestroyJavaVM" [_thread_blocked, id=15036, stack(0x0000000002b90000,0x0000000002c90000)]
  0x00000000304d4800 JavaThread "AWT-EventQueue-0" [_thread_in_native, id=16216, stack(0x0000000030e60000,0x0000000030f60000)]
  0x00000000304c9800 JavaThread "AWT-Windows" daemon [_thread_in_native, id=13472, stack(0x0000000030cd0000,0x0000000030dd0000)]
  0x00000000304c8800 JavaThread "AWT-Shutdown" [_thread_blocked, id=8460, stack(0x00000000309f0000,0x0000000030af0000)]
  0x00000000304c8000 JavaThread "Java2D Disposer" daemon [_thread_blocked, id=14912, stack(0x00000000308c0000,0x00000000309c0000)]
  0x000000002b678000 JavaThread "Service Thread" daemon [_thread_blocked, id=16300, stack(0x000000002fa00000,0x000000002fb00000)]
  0x000000002b5bd800 JavaThread "C1 CompilerThread14" daemon [_thread_blocked, id=11992, stack(0x000000002fdc0000,0x000000002fec0000)]
  0x000000002b5bc800 JavaThread "C1 CompilerThread13" daemon [_thread_in_vm, id=15364, stack(0x000000002fc80000,0x000000002fd80000)]
  0x000000002b5bc000 JavaThread "C1 CompilerThread12" daemon [_thread_blocked, id=16336, stack(0x000000002fb80000,0x000000002fc80000)]
  0x000000002b5bb000 JavaThread "C1 CompilerThread11" daemon [_thread_blocked, id=14980, stack(0x000000002f7a0000,0x000000002f8a0000)]
  0x000000002b5ba800 JavaThread "C1 CompilerThread10" daemon [_thread_blocked, id=5696, stack(0x000000002f8e0000,0x000000002f9e0000)]
  0x000000002b5b9800 JavaThread "C2 CompilerThread9" daemon [_thread_blocked, id=15824, stack(0x000000002f630000,0x000000002f730000)]
  0x000000002b5b9000 JavaThread "C2 CompilerThread8" daemon [_thread_blocked, id=15108, stack(0x000000002f400000,0x000000002f500000)]
  0x000000002b5b8000 JavaThread "C2 CompilerThread7" daemon [_thread_blocked, id=7544, stack(0x000000002f2c0000,0x000000002f3c0000)]
  0x000000002b5b7800 JavaThread "C2 CompilerThread6" daemon [_thread_in_native, id=14720, stack(0x000000002f130000,0x000000002f230000)]
  0x000000002b5b6800 JavaThread "C2 CompilerThread5" daemon [_thread_in_native, id=14984, stack(0x000000002ef40000,0x000000002f040000)]
  0x000000002b5a6000 JavaThread "C2 CompilerThread4" daemon [_thread_blocked, id=8784, stack(0x000000002ed90000,0x000000002ee90000)]
  0x000000002b57d000 JavaThread "C2 CompilerThread3" daemon [_thread_in_native, id=9036, stack(0x000000002ec20000,0x000000002ed20000)]
  0x000000002b57c000 JavaThread "C2 CompilerThread2" daemon [_thread_blocked, id=15288, stack(0x000000002eae0000,0x000000002ebe0000)]
  0x000000002b577000 JavaThread "C2 CompilerThread1" daemon [_thread_blocked, id=12736, stack(0x000000002e9e0000,0x000000002eae0000)]
=>0x000000002b56f000 JavaThread "C2 CompilerThread0" daemon [_thread_in_native, id=16236, stack(0x000000002e100000,0x000000002e200000)]
  0x000000002b56e800 JavaThread "Attach Listener" daemon [_thread_blocked, id=15828, stack(0x000000002e850000,0x000000002e950000)]
  0x000000002b56d800 JavaThread "Signal Dispatcher" daemon [_thread_blocked, id=11228, stack(0x000000002e710000,0x000000002e810000)]
  0x000000002b51c000 JavaThread "Finalizer" daemon [_thread_blocked, id=14948, stack(0x000000002e5d0000,0x000000002e6d0000)]
  0x0000000029106800 JavaThread "Reference Handler" daemon [_thread_blocked, id=11784, stack(0x000000002e3e0000,0x000000002e4e0000)]

Other Threads:
  0x0000000029103800 VMThread [stack: 0x000000002e250000,0x000000002e350000] [id=6180]
  0x000000002b689000 WatcherThread [stack: 0x000000002ff20000,0x0000000030020000] [id=3732]

VM state:not at safepoint (normal execution)

VM Mutex/Monitor currently owned by a thread: None

Heap:
 PSYoungGen      total 7534592K, used 2954544K [0x0000000b80200000, 0x0000000d8dd00000, 0x0000001080200000)
  eden space 7444480K, 39% used [0x0000000b80200000,0x0000000c3474c0a0,0x0000000d46800000)
  from space 90112K, 0% used [0x0000000d4ed80000,0x0000000d4ed80000,0x0000000d54580000)
  to   space 136704K, 0% used [0x0000000d46800000,0x0000000d46800000,0x0000000d4ed80000)
 ParOldGen       total 876032K, used 154985K [0x0000000180200000, 0x00000001b5980000, 0x0000000b80200000)
  object space 876032K, 17% used [0x0000000180200000,0x000000018995a4d8,0x00000001b5980000)
 Metaspace       used 26881K, capacity 27235K, committed 27648K, reserved 28672K

Card table byte_map: [0x00000000121e0000,0x00000000199f0000] byte_map_base: 0x00000000115df000

Marking Bits: (ParMarkBitMap*) 0x0000000077f74040
 Begin Bits: [0x000000007fff0000, 0x00000000bbff0000)
 End Bits:   [0x00000000bbff0000, 0x00000000f7ff0000)

Polling page: 0x0000000002170000

CodeCache: size=245760Kb used=23076Kb max_used=24050Kb free=222683Kb
 bounds [0x0000000002e20000, 0x00000000045e0000, 0x0000000011e20000]
 total_blobs=6539 nmethods=5897 adapters=544
 compilation: enabled

Compilation events (10 events):
Event: 1089.228 Thread 0x000000002b5bc000 nmethod 8179 0x0000000003e9f790 code [0x0000000003e9f8e0, 0x0000000003e9f9f0]
Event: 1089.230 Thread 0x000000002b5b9800 8181       4       sun.font.FileFontStrike::getGlyphImagePtr (126 bytes)
Event: 1089.238 Thread 0x000000002b5b9800 nmethod 8181 0x0000000003e43c50 code [0x0000000003e43de0, 0x0000000003e441c8]
Event: 1089.250 Thread 0x000000002b57c000 8182       4       javax.swing.plaf.synth.SynthGraphicsUtils::layoutText (84 bytes)
Event: 1089.252 Thread 0x000000002b5bd800 8183       3       javax.swing.plaf.basic.BasicComboBoxUI::isPopupVisible (10 bytes)
Event: 1089.253 Thread 0x000000002b5bd800 nmethod 8183 0x0000000003dcba90 code [0x0000000003dcbc00, 0x0000000003dcbed0]
Event: 1089.265 Thread 0x000000002b5b7800 8184   !   4       sun.dc.DuctusRenderingEngine::getAATileGenerator (1189 bytes)
Event: 1089.266 Thread 0x000000002b57c000 nmethod 8182 0x0000000004036990 code [0x0000000004036b60, 0x0000000004037810]
Event: 1089.270 Thread 0x000000002b57d000 8185       4       sun.font.StandardGlyphVector::getDefaultStrike (48 bytes)
Event: 1089.270 Thread 0x000000002b56f000 8186       4       sun.font.FileFontStrike::getGlyphMetrics (7 bytes)

GC Heap History (10 events):
Event: 1067.578 GC heap before
{Heap before GC invocations=192 (full 31):
 PSYoungGen      total 7577600K, used 62902K [0x0000000b80200000, 0x0000000d54580000, 0x0000001080200000)
  eden space 7483904K, 0% used [0x0000000b80200000,0x0000000b80200000,0x0000000d48e80000)
  from space 93696K, 67% used [0x0000000d48e80000,0x0000000d4cbedb90,0x0000000d4ea00000)
  to   space 90112K, 0% used [0x0000000d4ed80000,0x0000000d4ed80000,0x0000000d54580000)
 ParOldGen       total 876032K, used 167537K [0x0000000180200000, 0x00000001b5980000, 0x0000000b80200000)
  object space 876032K, 19% used [0x0000000180200000,0x000000018a59c430,0x00000001b5980000)
 Metaspace       used 26875K, capacity 27235K, committed 27648K, reserved 28672K
Event: 1067.680 GC heap after
Heap after GC invocations=192 (full 31):
 PSYoungGen      total 7577600K, used 0K [0x0000000b80200000, 0x0000000d54580000, 0x0000001080200000)
  eden space 7483904K, 0% used [0x0000000b80200000,0x0000000b80200000,0x0000000d48e80000)
  from space 93696K, 0% used [0x0000000d48e80000,0x0000000d48e80000,0x0000000d4ea00000)
  to   space 90112K, 0% used [0x0000000d4ed80000,0x0000000d4ed80000,0x0000000d54580000)
 ParOldGen       total 876032K, used 161432K [0x0000000180200000, 0x00000001b5980000, 0x0000000b80200000)
  object space 876032K, 18% used [0x0000000180200000,0x0000000189fa6140,0x00000001b5980000)
 Metaspace       used 26875K, capacity 27235K, committed 27648K, reserved 28672K
}
Event: 1068.262 GC heap before
{Heap before GC invocations=193 (full 31):
 PSYoungGen      total 7577600K, used 7483904K [0x0000000b80200000, 0x0000000d54580000, 0x0000001080200000)
  eden space 7483904K, 100% used [0x0000000b80200000,0x0000000d48e80000,0x0000000d48e80000)
  from space 93696K, 0% used [0x0000000d48e80000,0x0000000d48e80000,0x0000000d4ea00000)
  to   space 90112K, 0% used [0x0000000d4ed80000,0x0000000d4ed80000,0x0000000d54580000)
 ParOldGen       total 876032K, used 161432K [0x0000000180200000, 0x00000001b5980000, 0x0000000b80200000)
  object space 876032K, 18% used [0x0000000180200000,0x0000000189fa6140,0x00000001b5980000)
 Metaspace       used 26875K, capacity 27235K, committed 27648K, reserved 28672K
Event: 1068.272 GC heap after
Heap after GC invocations=193 (full 31):
 PSYoungGen      total 7574016K, used 19634K [0x0000000b80200000, 0x0000000d54580000, 0x0000001080200000)
  eden space 7483904K, 0% used [0x0000000b80200000,0x0000000b80200000,0x0000000d48e80000)
  from space 90112K, 21% used [0x0000000d4ed80000,0x0000000d500aca98,0x0000000d54580000)
  to   space 93696K, 0% used [0x0000000d48e80000,0x0000000d48e80000,0x0000000d4ea00000)
 ParOldGen       total 876032K, used 161432K [0x0000000180200000, 0x00000001b5980000, 0x0000000b80200000)
  object space 876032K, 18% used [0x0000000180200000,0x0000000189fa6140,0x00000001b5980000)
 Metaspace       used 26875K, capacity 27235K, committed 27648K, reserved 28672K
}
Event: 1078.503 GC heap before
{Heap before GC invocations=194 (full 31):
 PSYoungGen      total 7574016K, used 7503538K [0x0000000b80200000, 0x0000000d54580000, 0x0000001080200000)
  eden space 7483904K, 100% used [0x0000000b80200000,0x0000000d48e80000,0x0000000d48e80000)
  from space 90112K, 21% used [0x0000000d4ed80000,0x0000000d500aca98,0x0000000d54580000)
  to   space 93696K, 0% used [0x0000000d48e80000,0x0000000d48e80000,0x0000000d4ea00000)
 ParOldGen       total 876032K, used 161432K [0x0000000180200000, 0x00000001b5980000, 0x0000000b80200000)
  object space 876032K, 18% used [0x0000000180200000,0x0000000189fa6140,0x00000001b5980000)
 Metaspace       used 26875K, capacity 27235K, committed 27648K, reserved 28672K
Event: 1078.534 GC heap after
Heap after GC invocations=194 (full 31):
 PSYoungGen      total 7577600K, used 29421K [0x0000000b80200000, 0x0000000d54580000, 0x0000001080200000)
  eden space 7483904K, 0% used [0x0000000b80200000,0x0000000b80200000,0x0000000d48e80000)
  from space 93696K, 31% used [0x0000000d48e80000,0x0000000d4ab3b7f0,0x0000000d4ea00000)
  to   space 90112K, 0% used [0x0000000d4ed80000,0x0000000d4ed80000,0x0000000d54580000)
 ParOldGen       total 876032K, used 172771K [0x0000000180200000, 0x00000001b5980000, 0x0000000b80200000)
  object space 876032K, 19% used [0x0000000180200000,0x000000018aab8f30,0x00000001b5980000)
 Metaspace       used 26875K, capacity 27235K, committed 27648K, reserved 28672K
}
Event: 1088.907 GC heap before
{Heap before GC invocations=195 (full 31):
 PSYoungGen      total 7577600K, used 1320285K [0x0000000b80200000, 0x0000000d54580000, 0x0000001080200000)
  eden space 7483904K, 17% used [0x0000000b80200000,0x0000000bcee9beb0,0x0000000d48e80000)
  from space 93696K, 31% used [0x0000000d48e80000,0x0000000d4ab3b7f0,0x0000000d4ea00000)
  to   space 90112K, 0% used [0x0000000d4ed80000,0x0000000d4ed80000,0x0000000d54580000)
 ParOldGen       total 876032K, used 172771K [0x0000000180200000, 0x00000001b5980000, 0x0000000b80200000)
  object space 876032K, 19% used [0x0000000180200000,0x000000018aab8f30,0x00000001b5980000)
 Metaspace       used 26875K, capacity 27235K, committed 27648K, reserved 28672K
Event: 1088.949 GC heap after
Heap after GC invocations=195 (full 31):
 PSYoungGen      total 7534592K, used 56296K [0x0000000b80200000, 0x0000000d8dd00000, 0x0000001080200000)
  eden space 7444480K, 0% used [0x0000000b80200000,0x0000000b80200000,0x0000000d46800000)
  from space 90112K, 62% used [0x0000000d4ed80000,0x0000000d5247a318,0x0000000d54580000)
  to   space 136704K, 0% used [0x0000000d46800000,0x0000000d46800000,0x0000000d4ed80000)
 ParOldGen       total 876032K, used 174731K [0x0000000180200000, 0x00000001b5980000, 0x0000000b80200000)
  object space 876032K, 19% used [0x0000000180200000,0x000000018aca2f30,0x00000001b5980000)
 Metaspace       used 26875K, capacity 27235K, committed 27648K, reserved 28672K
}
Event: 1088.949 GC heap before
{Heap before GC invocations=196 (full 32):
 PSYoungGen      total 7534592K, used 56296K [0x0000000b80200000, 0x0000000d8dd00000, 0x0000001080200000)
  eden space 7444480K, 0% used [0x0000000b80200000,0x0000000b80200000,0x0000000d46800000)
  from space 90112K, 62% used [0x0000000d4ed80000,0x0000000d5247a318,0x0000000d54580000)
  to   space 136704K, 0% used [0x0000000d46800000,0x0000000d46800000,0x0000000d4ed80000)
 ParOldGen       total 876032K, used 174731K [0x0000000180200000, 0x00000001b5980000, 0x0000000b80200000)
  object space 876032K, 19% used [0x0000000180200000,0x000000018aca2f30,0x00000001b5980000)
 Metaspace       used 26875K, capacity 27235K, committed 27648K, reserved 28672K
Event: 1089.080 GC heap after
Heap after GC invocations=196 (full 32):
 PSYoungGen      total 7534592K, used 0K [0x0000000b80200000, 0x0000000d8dd00000, 0x0000001080200000)
  eden space 7444480K, 0% used [0x0000000b80200000,0x0000000b80200000,0x0000000d46800000)
  from space 90112K, 0% used [0x0000000d4ed80000,0x0000000d4ed80000,0x0000000d54580000)
  to   space 136704K, 0% used [0x0000000d46800000,0x0000000d46800000,0x0000000d4ed80000)
 ParOldGen       total 876032K, used 154985K [0x0000000180200000, 0x00000001b5980000, 0x0000000b80200000)
  object space 876032K, 17% used [0x0000000180200000,0x000000018995a4d8,0x00000001b5980000)
 Metaspace       used 26875K, capacity 27235K, committed 27648K, reserved 28672K
}

Deoptimization events (10 events):
Event: 593.583 Thread 0x0000000034590000 Uncommon trap: reason=unstable_if action=reinterpret pc=0x0000000003ee0d30 method=org.hsqldb.index.NodeAVLDisk.isRoot(Lorg/hsqldb/persist/PersistentStore;)Z @ 46
Event: 661.139 Thread 0x0000000034590000 Uncommon trap: reason=unstable_if action=reinterpret pc=0x0000000003f3ae58 method=java.util.DualPivotQuicksort.sort([DIIZ)V @ 961
Event: 665.699 Thread 0x000000002b5bf800 Uncommon trap: reason=class_check action=maybe_recompile pc=0x000000000419196c method=org.hsqldb.index.IndexAVL.next(Lorg/hsqldb/Session;Lorg/hsqldb/persist/PersistentStore;Lorg/hsqldb/index/NodeAVL;I)Lorg/hsqldb/index/NodeAVL; @ 14
Event: 684.354 Thread 0x0000000034590000 Uncommon trap: reason=unstable_if action=reinterpret pc=0x00000000037a8bcc method=java.util.DualPivotQuicksort.sort([DIIZ)V @ 989
Event: 710.604 Thread 0x0000000034593800 Uncommon trap: reason=unstable_if action=reinterpret pc=0x0000000003d14090 method=java.util.concurrent.ConcurrentLinkedQueue.offer(Ljava/lang/Object;)Z @ 40
Event: 784.460 Thread 0x0000000034590000 Uncommon trap: reason=unstable_if action=reinterpret pc=0x00000000045dc2a8 method=java.util.DualPivotQuicksort.sort([DIIZ)V @ 616
Event: 785.344 Thread 0x000000002b5bf800 Uncommon trap: reason=class_check action=maybe_recompile pc=0x000000000419196c method=org.hsqldb.index.IndexAVL.next(Lorg/hsqldb/Session;Lorg/hsqldb/persist/PersistentStore;Lorg/hsqldb/index/NodeAVL;I)Lorg/hsqldb/index/NodeAVL; @ 14
Event: 851.607 Thread 0x0000000034590000 Uncommon trap: reason=unstable_if action=reinterpret pc=0x00000000034731b0 method=org.hsqldb.index.NodeAVLDisk.replace(Lorg/hsqldb/persist/PersistentStore;Lorg/hsqldb/index/Index;Lorg/hsqldb/index/NodeAVL;)V @ 5
Event: 851.607 Thread 0x0000000034590000 Uncommon trap: reason=unstable_if action=reinterpret pc=0x0000000004024de0 method=org.hsqldb.index.NodeAVLDisk.setParent(Lorg/hsqldb/persist/PersistentStore;Lorg/hsqldb/index/NodeAVL;)Lorg/hsqldb/index/NodeAVL; @ 77
Event: 1089.088 Thread 0x00000000304d4800 Uncommon trap: reason=unstable_if action=reinterpret pc=0x0000000004511024 method=sun.awt.windows.TranslucentWindowPainter.updateWindow(Z)V @ 59

Internal exceptions (10 events):
Event: 280.438 Thread 0x0000000034590000 Implicit null exception at 0x0000000004029927 to 0x000000000402a86d
Event: 309.880 Thread 0x0000000034590000 Implicit null exception at 0x0000000004217917 to 0x0000000004219739
Event: 310.305 Thread 0x0000000034590000 Implicit null exception at 0x0000000003f260c5 to 0x0000000003f26188
Event: 410.993 Thread 0x0000000034590000 Implicit null exception at 0x00000000040288f5 to 0x0000000004028ab1
Event: 410.996 Thread 0x0000000034590000 Implicit null exception at 0x0000000004169d9b to 0x000000000416ac15
Event: 411.000 Thread 0x0000000034590000 Exception <a 'java/lang/NoSuchMethodError': <clinit>> (0x0000000bae09c048) thrown at [C:\re\workspace\8-2-build-windows-amd64-cygwin\jdk8u45\3627\hotspot\src\share\vm\prims\jni.cpp, line 1598]
Event: 411.025 Thread 0x0000000034590000 Exception <a 'java/lang/NoSuchMethodError': <clinit>> (0x0000000bae0a28b0) thrown at [C:\re\workspace\8-2-build-windows-amd64-cygwin\jdk8u45\3627\hotspot\src\share\vm\prims\jni.cpp, line 1598]
Event: 437.415 Thread 0x0000000034590000 Implicit null exception at 0x0000000003dc8081 to 0x0000000003dc8a99
Event: 467.850 Thread 0x000000002b5bf800 Implicit null exception at 0x0000000003edcbe5 to 0x0000000003edcc51
Event: 851.607 Thread 0x0000000034590000 Implicit null exception at 0x0000000004024854 to 0x0000000004024dc1

Events (10 events):
Event: 1089.128 Thread 0x000000002b5ba800 flushing nmethod 0x0000000003b13890
Event: 1089.148 Thread 0x000000002b5b9000 flushing nmethod 0x0000000003e43ad0
Event: 1089.171 Thread 0x000000002b5bc800 flushing nmethod 0x0000000003ee09d0
Event: 1089.171 Thread 0x000000002b5bc800 flushing nmethod 0x0000000003f398d0
Event: 1089.175 Thread 0x000000002b5b8000 flushing nmethod 0x00000000040b0c90
Event: 1089.175 Thread 0x000000002b5b8000 flushing nmethod 0x00000000040bbad0
Event: 1089.176 Thread 0x000000002b5b8000 flushing nmethod 0x000000000411b7d0
Event: 1089.198 Thread 0x000000002b5bb000 flushing nmethod 0x0000000004306d90
Event: 1089.198 Thread 0x000000002b5bb000 flushing nmethod 0x000000000430e610
Event: 1089.199 Thread 0x000000002b5bb000 flushing nmethod 0x00000000045b5fd0


Dynamic libraries:
0x000000013ff10000 - 0x000000013ff47000 	C:\Program Files\Java\jdk1.8.0_45\jre\bin\java.exe
0x0000000077170000 - 0x0000000077319000 	C:\Windows\SYSTEM32\ntdll.dll
0x0000000076f50000 - 0x000000007706f000 	C:\Windows\system32\kernel32.dll
0x000007fefcfa0000 - 0x000007fefd00c000 	C:\Windows\system32\KERNELBASE.dll
0x000007fefed60000 - 0x000007fefee3b000 	C:\Windows\system32\ADVAPI32.dll
0x000007feff2d0000 - 0x000007feff36f000 	C:\Windows\system32\msvcrt.dll
0x000007fefe760000 - 0x000007fefe77f000 	C:\Windows\SYSTEM32\sechost.dll
0x000007feff110000 - 0x000007feff23d000 	C:\Windows\system32\RPCRT4.dll
0x0000000077070000 - 0x000000007716a000 	C:\Windows\system32\USER32.dll
0x000007fefe650000 - 0x000007fefe6b7000 	C:\Windows\system32\GDI32.dll
0x000007feff2c0000 - 0x000007feff2ce000 	C:\Windows\system32\LPK.dll
0x000007fefe580000 - 0x000007fefe649000 	C:\Windows\system32\USP10.dll
0x000007fefb8f0000 - 0x000007fefbae4000 	C:\Windows\WinSxS\amd64_microsoft.windows.common-controls_6595b64144ccf1df_6.0.7601.18837_none_fa3b1e3d17594757\COMCTL32.dll
0x000007feff240000 - 0x000007feff2b1000 	C:\Windows\system32\SHLWAPI.dll
0x000007feff370000 - 0x000007feff39e000 	C:\Windows\system32\IMM32.DLL
0x000007fefe780000 - 0x000007fefe889000 	C:\Windows\system32\MSCTF.dll
0x0000000180000000 - 0x000000018000a000 	C:\Windows\KATRK64.DLL
0x000007fefc180000 - 0x000007fefc191000 	C:\Windows\system32\WTSAPI32.dll
0x0000000073620000 - 0x0000000073658000 	C:\PROGRA~2\Sophos\SOPHOS~1\SOPHOS~2.DLL
0x0000000077330000 - 0x0000000077337000 	C:\Windows\system32\PSAPI.DLL
0x0000000054b30000 - 0x0000000054c02000 	C:\Program Files\Java\jdk1.8.0_45\jre\bin\msvcr100.dll
0x0000000077770000 - 0x0000000077ff3000 	C:\Program Files\Java\jdk1.8.0_45\jre\bin\server\jvm.dll
0x000007fef7b70000 - 0x000007fef7b79000 	C:\Windows\system32\WSOCK32.dll
0x000007fefe4b0000 - 0x000007fefe4fd000 	C:\Windows\system32\WS2_32.dll
0x000007fefeaa0000 - 0x000007fefeaa8000 	C:\Windows\system32\NSI.dll
0x000007fefb410000 - 0x000007fefb44b000 	C:\Windows\system32\WINMM.dll
0x000007fefc090000 - 0x000007fefc09c000 	C:\Windows\system32\VERSION.dll
0x0000000072fe0000 - 0x0000000072fef000 	C:\Program Files\Java\jdk1.8.0_45\jre\bin\verify.dll
0x0000000071090000 - 0x00000000710b9000 	C:\Program Files\Java\jdk1.8.0_45\jre\bin\java.dll
0x0000000071100000 - 0x0000000071116000 	C:\Program Files\Java\jdk1.8.0_45\jre\bin\zip.dll
0x000007fefd2e0000 - 0x000007fefe069000 	C:\Windows\system32\SHELL32.dll
0x000007fefe890000 - 0x000007fefea93000 	C:\Windows\system32\ole32.dll
0x000007fefcf30000 - 0x000007fefcf3f000 	C:\Windows\system32\profapi.dll
0x00000000500d0000 - 0x0000000050268000 	C:\Program Files\Java\jdk1.8.0_45\jre\bin\awt.dll
0x000007feff3a0000 - 0x000007feff477000 	C:\Windows\system32\OLEAUT32.dll
0x000007fefb480000 - 0x000007fefb4d6000 	C:\Windows\system32\uxtheme.dll
0x000007fefaff0000 - 0x000007fefb008000 	C:\Windows\system32\dwmapi.dll
0x000007fefcdc0000 - 0x000007fefcdcf000 	C:\Windows\system32\CRYPTBASE.dll
0x000007fef5e60000 - 0x000007fef605f000 	C:\Windows\system32\d3d9.dll
0x000007fef5e50000 - 0x000007fef5e57000 	C:\Windows\system32\d3d8thk.dll
0x000007fed2400000 - 0x000007fed3537000 	C:\Windows\system32\nvd3dumx.dll
0x000007fefb790000 - 0x000007fefb7bc000 	C:\Windows\system32\powrprof.dll
0x000007fefe2d0000 - 0x000007fefe4a7000 	C:\Windows\system32\SETUPAPI.dll
0x000007fefd010000 - 0x000007fefd046000 	C:\Windows\system32\CFGMGR32.dll
0x000007fefcf50000 - 0x000007fefcf6a000 	C:\Windows\system32\DEVOBJ.dll
0x0000000032500000 - 0x0000000032639000 	C:\Program Files (x86)\NVIDIA Corporation\3D Vision\nvSCPAPI64.dll
0x0000000066550000 - 0x0000000066597000 	C:\Program Files\Java\jdk1.8.0_45\jre\bin\fontmanager.dll
0x000007fefe6c0000 - 0x000007fefe759000 	C:\Windows\system32\CLBCatQ.DLL
0x000007fefae40000 - 0x000007fefafa1000 	C:\Windows\system32\WindowsCodecs.dll
0x000007fefcd60000 - 0x000007fefcdb7000 	C:\Windows\system32\apphelp.dll
0x000007fef6a20000 - 0x000007fef6a8f000 	C:\Windows\system32\mscoree.dll
0x000007fef3ec0000 - 0x000007fef3f5d000 	C:\Windows\Microsoft.NET\Framework64\v4.0.30319\mscoreei.dll
0x000007fefcdf0000 - 0x000007fefce81000 	C:\Windows\system32\sxs.dll
0x000007fef0570000 - 0x000007fef0f10000 	C:\Windows\Microsoft.NET\Framework64\v4.0.30319\clr.dll
0x000007fef2cd0000 - 0x000007fef2da6000 	C:\Windows\system32\MSVCR120_CLR0400.dll
0x000007feeefc0000 - 0x000007fef0561000 	C:\Windows\assembly\NativeImages_v4.0.30319_64\mscorlib\701f2b79b02a02beba70e50bb2edb212\mscorlib.ni.dll
0x000007fefc9e0000 - 0x000007fefc9f8000 	C:\Windows\system32\CRYPTSP.dll
0x000007fefc400000 - 0x000007fefc447000 	C:\Windows\system32\rsaenh.dll
0x000007fefcdd0000 - 0x000007fefcde4000 	C:\Windows\system32\RpcRtRemote.dll
0x0000000064f80000 - 0x0000000064f8a000 	C:\Program Files\Box\Box Sync\IconOverlayClient.dll
0x0000000064f20000 - 0x0000000064f42000 	C:\Program Files\Box\Box Sync\SharpShell.dll
0x000007fef2020000 - 0x000007fef2240000 	C:\Windows\assembly\NativeImages_v4.0.30319_64\System.Drawing\d41e14dae81a26661e32b25cba8c117a\System.Drawing.ni.dll
0x000007fef1780000 - 0x000007fef18ae000 	C:\Windows\Microsoft.NET\Framework64\v4.0.30319\clrjit.dll
0x0000000064ed0000 - 0x0000000064f20000 	C:\Program Files\Box\Box Sync\log4net.dll
0x000007feee340000 - 0x000007feeefb7000 	C:\Windows\assembly\NativeImages_v4.0.30319_64\System\edc284c2fc5f774b65992c5e0b6a1899\System.ni.dll
0x000007feec990000 - 0x000007feed2f8000 	C:\Windows\assembly\NativeImages_v4.0.30319_64\System.Core\97a77e20513a0e20b1810fb5c3387a50\System.Core.ni.dll
0x000007feeb090000 - 0x000007feec985000 	C:\Windows\assembly\NativeImages_v4.0.30319_64\System.ServiceModel\38325aeb18dcbcdab44a2d51106a215b\System.ServiceModel.ni.dll
0x000007fef1400000 - 0x000007fef1771000 	C:\Windows\assembly\NativeImages_v4.0.30319_64\System.Runteb92aa12#\cdca00d5c58d31de2503310a31ca096f\System.Runtime.Serialization.ni.dll
0x000007fef12d0000 - 0x000007fef13ff000 	C:\Windows\assembly\NativeImages_v4.0.30319_64\System.Configuration\687652cdc9b32bd8e530be3a7da88810\System.Configuration.ni.dll
0x000007feea6e0000 - 0x000007feeb08f000 	C:\Windows\assembly\NativeImages_v4.0.30319_64\System.Xml\fdebf7eee3058c7156aef7d7fedf5ac4\System.Xml.ni.dll
0x000007fef80f0000 - 0x000007fef8106000 	C:\Windows\Microsoft.NET\Framework64\v4.0.30319\nlssorting.dll
0x000007fef1210000 - 0x000007fef12d0000 	C:\Program Files (x86)\Google\Drive\googledrivesync64.dll
0x0000000064d10000 - 0x0000000064de3000 	C:\Windows\WinSxS\amd64_microsoft.vc90.crt_1fc8b3b9a1e18e3b_9.0.30729.6161_none_08e61857a83bc251\MSVCP90.dll
0x0000000064e20000 - 0x0000000064ec3000 	C:\Windows\WinSxS\amd64_microsoft.vc90.crt_1fc8b3b9a1e18e3b_9.0.30729.6161_none_08e61857a83bc251\MSVCR90.dll
0x000000001f870000 - 0x000000001f8db000 	C:\Program Files (x86)\BitTorrent Sync\SyncShellExtension64_33554560.dll
0x000007fefb1b0000 - 0x000007fefb3c6000 	C:\Windows\WinSxS\amd64_microsoft.windows.gdiplus_6595b64144ccf1df_1.1.7601.18944_none_2b2755a071ea8dea\gdiplus.dll
0x0000000070e40000 - 0x0000000070e5a000 	C:\Program Files\Java\jdk1.8.0_45\jre\bin\net.dll
0x000007fefc0a0000 - 0x000007fefc0cd000 	C:\ProgramData\Sophos\Web Intelligence\swi_ifslsp_64.dll
0x000007fefc6a0000 - 0x000007fefc6f5000 	C:\Windows\system32\mswsock.dll
0x000007fefc690000 - 0x000007fefc697000 	C:\Windows\System32\wship6.dll
0x0000000069ec0000 - 0x0000000069ed1000 	C:\Program Files\Java\jdk1.8.0_45\jre\bin\nio.dll
0x0000000065dd0000 - 0x0000000065e11000 	C:\Program Files\Java\jdk1.8.0_45\jre\bin\t2k.dll
0x000007fefa180000 - 0x000007fefa220000 	C:\Windows\WinSxS\amd64_microsoft.windows.common-controls_6595b64144ccf1df_5.82.7601.18837_none_a4d981ff711297b6\comctl32.dll
0x000007fefb4e0000 - 0x000007fefb60c000 	C:\Windows\system32\propsys.dll
0x000007fefbf80000 - 0x000007fefbfad000 	C:\Windows\system32\ntmarta.dll
0x000007fefec40000 - 0x000007fefec92000 	C:\Windows\system32\WLDAP32.dll
0x000007fede440000 - 0x000007fede5dc000 	C:\Windows\system32\NetworkExplorer.dll
0x000007fef5250000 - 0x000007fef5284000 	C:\Windows\System32\shdocvw.dll
0x000007fefa270000 - 0x000007fefa27b000 	C:\Windows\system32\slc.dll
0x000007fef6e60000 - 0x000007fef6e78000 	C:\Windows\system32\MPR.dll
0x000007fefa490000 - 0x000007fefa49a000 	C:\Windows\System32\drprov.dll
0x000007fefc910000 - 0x000007fefc94d000 	C:\Windows\System32\WINSTA.dll
0x0000000064fa0000 - 0x0000000064faf000 	C:\Windows\system32\AFSRDFSProvider.dll
0x000007fef7f30000 - 0x000007fef7f52000 	C:\Windows\System32\ntlanman.dll
0x000007fef7f10000 - 0x000007fef7f2d000 	C:\Windows\System32\davclnt.dll
0x000007fefa460000 - 0x000007fefa46a000 	C:\Windows\System32\DAVHLPR.dll
0x000007fefacd0000 - 0x000007feface5000 	C:\Windows\system32\wkscli.dll
0x000007fef73f0000 - 0x000007fef73ff000 	C:\Windows\system32\cscapi.dll
0x000007fefacf0000 - 0x000007fefacfc000 	C:\Windows\system32\netutils.dll
0x000007fee9f50000 - 0x000007feea062000 	C:\Users\Nikolay\AppData\Roaming\Yandex\YandexDisk\YandexDiskShellExt-4724.dll
0x000007fefa220000 - 0x000007fefa227000 	C:\Windows\system32\MSIMG32.dll
0x000007fefe070000 - 0x000007fefe2ca000 	C:\Windows\system32\WININET.dll
0x000007fefd150000 - 0x000007fefd154000 	C:\Windows\system32\api-ms-win-downlevel-user32-l1-1-0.dll
0x000007fefd050000 - 0x000007fefd054000 	C:\Windows\system32\api-ms-win-downlevel-shlwapi-l1-1-0.dll
0x000007fefcf70000 - 0x000007fefcf74000 	C:\Windows\system32\api-ms-win-downlevel-version-l1-1-0.dll
0x000007fefd160000 - 0x000007fefd163000 	C:\Windows\system32\api-ms-win-downlevel-normaliz-l1-1-0.dll
0x0000000077340000 - 0x0000000077343000 	C:\Windows\system32\normaliz.DLL
0x000007fefee40000 - 0x000007feff107000 	C:\Windows\system32\iertutil.dll
0x000007fefd060000 - 0x000007fefd065000 	C:\Windows\system32\api-ms-win-downlevel-advapi32-l1-1-0.dll
0x000007fefcf80000 - 0x000007fefcf9e000 	C:\Windows\system32\USERENV.dll
0x000007fedd1e0000 - 0x000007fedd451000 	C:\Windows\system32\wpdshext.dll
0x000007fef5ac0000 - 0x000007fef5b7d000 	C:\Windows\system32\PortableDeviceApi.dll
0x000007fefd070000 - 0x000007fefd0ab000 	C:\Windows\system32\WINTRUST.dll
0x000007fefd170000 - 0x000007fefd2dd000 	C:\Windows\system32\CRYPT32.dll
0x000007fefcf20000 - 0x000007fefcf2f000 	C:\Windows\system32\MSASN1.dll
0x000007fef4560000 - 0x000007fef4595000 	C:\Windows\system32\EhStorShell.dll
0x000007fef24b0000 - 0x000007fef24d7000 	C:\Windows\system32\EhStorAPI.dll
0x000007fef63f0000 - 0x000007fef63fc000 	C:\Windows\system32\LINKINFO.dll
0x0000000065b90000 - 0x0000000065bba000 	C:\Program Files\Java\jdk1.8.0_45\jre\bin\dcpr.dll

VM Arguments:
jvm_args: -Xbootclasspath/p:C:\Program Files\Java\jdk1.8.0_45\jre\lib\javaws.jar -Dfile.encoding=UTF-8 -Xmx60G 
java_command: vortex.gui.frmMain
java_class_path (initial): C:\Users\Nikolay\Dropbox\DEV\LIBS\gephi-toolkit-0.8.7-all\gephi-toolkit.jar;C:\Users\Nikolay\Dropbox\DEV\LIBS\jmathplot.jar;C:\Users\Nikolay\Dropbox\DEV\LIBS\ssj\lib\optimization.jar;C:\Users\Nikolay\Dropbox\DEV\LIBS\ssj\lib\ssj.jar;C:\Users\Nikolay\Dropbox\DEV\ExecutionSlave\dist\ExecutionSlave.jar;C:\Users\Nikolay\Dropbox\DEV\GlassComponents\dist\GlassComponents.jar;C:\Users\Nikolay\Dropbox\DEV\LIBS\colt-1.2.0\lib\colt.jar;C:\Users\Nikolay\Dropbox\DEV\LIBS\colt-1.2.0\lib\concurrent.jar;C:\Users\Nikolay\AppData\Roaming\NetBeans\8.0\modules\ext\beansbinding-1.2.1.jar;C:\Users\Nikolay\Dropbox\DEV\LIBS\hsqldb-2.2.9\lib\hsqldb.jar;C:\Users\Nikolay\Dropbox\DEV\LIBS\MDSJ\mdsj.jar;C:\Users\Nikolay\Dropbox\DEV\LIBS\JFreeChart\jfreechart-1.0.19\lib\jcommon-1.0.23.jar;C:\Users\Nikolay\Dropbox\DEV\LIBS\JFreeChart\jfreechart-1.0.19\lib\jfreechart-1.0.19.jar;C:\Users\Nikolay\Dropbox\DEV\LIBS\FCSOutputLibrary\FCSOutputLibrary\build;C:\Users\Nikolay\YandexDisk\DEV\Sandbox\dist\Sandbox.jar;C:\Users\Nikolay\Dropbox\DEV\LIBS\commons-pool-1.6\commons-pool-1.6.jar;C:\Users\Nikolay\Documents\NetBeansProjects\FMeasure\dist\FMeasure.jar;C:\Users\Nikolay\Documents\NetBeansProjects\vortex\build\classes
Launcher Type: SUN_STANDARD

Environment Variables:
PATH=C:\ProgramData\Oracle\Java\javapath;C:\Program Files (x86)\Common Files\Intel\Shared Files\cpp\bin\Intel64;C:\Windows\system32;C:\Windows;C:\Windows\System32\Wbem;C:\Windows\System32\WindowsPowerShell\v1.0\;C:\Program Files (x86)\Common Files\Acronis\SnapAPI\;C:\Program Files\Java\jdk1.7.0_17\bin;C:\Program Files (x86)\Graphviz2.30\bin;C:\Program Files\MATLAB\MATLAB Compiler Runtime\v83\runtime\win64;C:\Program Files\R\R-3.1.0\bin;C:\Program Files (x86)\MIT\Kerberos\bin;C:\Program Files\OpenAFS\Common;C:\Program Files\OpenAFS\Client\Program;C:\Program Files (x86)\OpenAFS\Common;C:\Program Files (x86)\OpenAFS\Client\Program;C:\Program Files (x86)\Windows Kits\8.1\Windows Performance Toolkit\;C:\Program Files\Microsoft SQL Server\110\Tools\Binn\;C:\Program Files (x86)\Microsoft SDKs\TypeScript\1.0\;C:\Program Files\Microsoft SQL Server\120\Tools\Binn\;C:\Program Files (x86)\Skype\Phone\
USERNAME=Nikolay
OS=Windows_NT
PROCESSOR_IDENTIFIER=Intel64 Family 6 Model 45 Stepping 7, GenuineIntel



---------------  S Y S T E M  ---------------

OS: Windows 7 , 64 bit Build 7601 (6.1.7601.18933)

CPU:total 32 (8 cores per cpu, 2 threads per core) family 6 model 45 stepping 7, cmov, cx8, fxsr, mmx, sse, sse2, sse3, ssse3, sse4.1, sse4.2, popcnt, avx, aes, clmul, ht, tsc, tscinvbit, tscinv

Memory: 4k page, physical 67079724k(8202652k free), swap 67077884k(5008k free)

vm_info: Java HotSpot(TM) 64-Bit Server VM (25.45-b02) for windows-amd64 JRE (1.8.0_45-b15), built on Apr 30 2015 12:40:44 by "java_re" with MS VC++ 10.0 (VS2010)

time: Tue Sep 01 17:53:18 2015
elapsed time: 1089 seconds (0d 0h 18m 9s)

