#
# There is insufficient memory for the Java Runtime Environment to continue.
# Native memory allocation (malloc) failed to allocate 125696 bytes for Chunk::new
# Possible reasons:
#   The system is out of physical RAM or swap space
#   In 32 bit mode, the process size limit was hit
# Possible solutions:
#   Reduce memory load on the system
#   Increase physical memory or swap space
#   Check if swap backing store is full
#   Use 64 bit Java on a 64 bit OS
#   Decrease Java heap size (-Xmx/-Xms)
#   Decrease number of Java threads
#   Decrease Java thread stack sizes (-Xss)
#   Set larger code cache with -XX:ReservedCodeCacheSize=
# This output file may be truncated or incomplete.
#
#  Out of Memory Error (allocation.cpp:390), pid=14508, tid=13296
#
# JRE version: Java(TM) SE Runtime Environment (8.0_45-b15) (build 1.8.0_45-b15)
# Java VM: Java HotSpot(TM) 64-Bit Server VM (25.45-b02 mixed mode windows-amd64 )
# Failed to write core dump. Minidumps are not enabled by default on client versions of Windows
#

---------------  T H R E A D  ---------------

Current thread (0x000000002b777800):  JavaThread "C2 CompilerThread9" daemon [_thread_in_native, id=13296, stack(0x000000002f750000,0x000000002f850000)]

Stack: [0x000000002f750000,0x000000002f850000]
Native frames: (J=compiled Java code, j=interpreted, Vv=VM code, C=native code)
V  [jvm.dll+0x32b57a]


Current CompileTask:
C2:3607010 7101       4       javax.swing.plaf.synth.SynthContext::getContext (11 bytes)


---------------  P R O C E S S  ---------------

Java Threads: ( => current thread )
  0x000000002b7a1800 JavaThread "Thread-3911" daemon [_thread_in_Java, id=13760, stack(0x000000003afa0000,0x000000003b0a0000)]
  0x0000000036311800 JavaThread "SwingWorker-pool-2-thread-2" daemon [_thread_blocked, id=15780, stack(0x0000000039590000,0x0000000039690000)]
  0x0000000030bb7800 JavaThread "D3D Screen Updater" daemon [_thread_blocked, id=11948, stack(0x000000003a8f0000,0x000000003a9f0000)]
  0x0000000033e77800 JavaThread "SwingWorker-pool-2-thread-1" daemon [_thread_blocked, id=260, stack(0x0000000039910000,0x0000000039a10000)]
  0x0000000030725000 JavaThread "TimerQueue" daemon [_thread_blocked, id=3584, stack(0x000000003a260000,0x000000003a360000)]
  0x00000000355fe000 JavaThread "Swing-Shell" daemon [_thread_blocked, id=13504, stack(0x0000000039450000,0x0000000039550000)]
  0x00000000340d0800 JavaThread "HSQLDB Timer @3f519ac6" daemon [_thread_blocked, id=11212, stack(0x0000000032c90000,0x0000000032d90000)]
  0x0000000002522800 JavaThread "DestroyJavaVM" [_thread_blocked, id=12700, stack(0x0000000002e10000,0x0000000002f10000)]
  0x000000003087c000 JavaThread "AWT-EventQueue-0" [_thread_in_native, id=9976, stack(0x000000002fe30000,0x000000002ff30000)]
  0x0000000030888800 JavaThread "AWT-Windows" daemon [_thread_in_native, id=10672, stack(0x000000002fc00000,0x000000002fd00000)]
  0x0000000030888000 JavaThread "AWT-Shutdown" [_thread_blocked, id=2020, stack(0x0000000030e00000,0x0000000030f00000)]
  0x0000000030887000 JavaThread "Java2D Disposer" daemon [_thread_blocked, id=7236, stack(0x0000000030c30000,0x0000000030d30000)]
  0x000000002b7db000 JavaThread "Service Thread" daemon [_thread_blocked, id=5296, stack(0x000000002f870000,0x000000002f970000)]
  0x000000002b7a0000 JavaThread "C1 CompilerThread14" daemon [_thread_blocked, id=14004, stack(0x0000000030110000,0x0000000030210000)]
  0x000000002b79f000 JavaThread "C1 CompilerThread13" daemon [_thread_blocked, id=14408, stack(0x000000002ff30000,0x0000000030030000)]
  0x000000002b794000 JavaThread "C1 CompilerThread12" daemon [_thread_blocked, id=8508, stack(0x000000002fd10000,0x000000002fe10000)]
  0x000000002b78b800 JavaThread "C1 CompilerThread11" daemon [_thread_blocked, id=11676, stack(0x000000002faa0000,0x000000002fba0000)]
  0x000000002b780800 JavaThread "C1 CompilerThread10" daemon [_thread_blocked, id=1464, stack(0x000000002f970000,0x000000002fa70000)]
=>0x000000002b777800 JavaThread "C2 CompilerThread9" daemon [_thread_in_native, id=13296, stack(0x000000002f750000,0x000000002f850000)]
  0x000000002b76e800 JavaThread "C2 CompilerThread8" daemon [_thread_blocked, id=12316, stack(0x000000002f250000,0x000000002f350000)]
  0x000000002b74c800 JavaThread "C2 CompilerThread7" daemon [_thread_blocked, id=13996, stack(0x000000002f560000,0x000000002f660000)]
  0x000000002b73b800 JavaThread "C2 CompilerThread6" daemon [_thread_blocked, id=13548, stack(0x000000002f420000,0x000000002f520000)]
  0x000000002b721000 JavaThread "C2 CompilerThread5" daemon [_thread_blocked, id=16072, stack(0x000000002f150000,0x000000002f250000)]
  0x000000002b70e800 JavaThread "C2 CompilerThread4" daemon [_thread_blocked, id=12292, stack(0x000000002eac0000,0x000000002ebc0000)]
  0x000000002b6dd800 JavaThread "C2 CompilerThread3" daemon [_thread_blocked, id=15512, stack(0x000000002eff0000,0x000000002f0f0000)]
  0x000000002b6dc800 JavaThread "C2 CompilerThread2" daemon [_thread_blocked, id=14568, stack(0x000000002edf0000,0x000000002eef0000)]
  0x000000002b6d7800 JavaThread "C2 CompilerThread1" daemon [_thread_blocked, id=13768, stack(0x000000002ec00000,0x000000002ed00000)]
  0x000000002b6cf800 JavaThread "C2 CompilerThread0" daemon [_thread_in_native, id=7568, stack(0x000000002e660000,0x000000002e760000)]
  0x000000002b6cf000 JavaThread "Attach Listener" daemon [_thread_blocked, id=8744, stack(0x000000002e960000,0x000000002ea60000)]
  0x000000002b6ce000 JavaThread "Signal Dispatcher" daemon [_thread_blocked, id=6240, stack(0x000000002e790000,0x000000002e890000)]
  0x000000002b67c000 JavaThread "Finalizer" daemon [_thread_blocked, id=3848, stack(0x000000002e550000,0x000000002e650000)]
  0x0000000029266800 JavaThread "Reference Handler" daemon [_thread_blocked, id=15996, stack(0x000000002e390000,0x000000002e490000)]

Other Threads:
  0x0000000029263800 VMThread [stack: 0x000000002e270000,0x000000002e370000] [id=4244]
  0x000000002b7f4000 WatcherThread [stack: 0x00000000302f0000,0x00000000303f0000] [id=12844]

VM state:not at safepoint (normal execution)

VM Mutex/Monitor currently owned by a thread: None

Heap:
 PSYoungGen      total 8768512K, used 1667332K [0x0000000b80200000, 0x0000000dca200000, 0x0000001080200000)
  eden space 8541696K, 18% used [0x0000000b80200000,0x0000000be0ae62e8,0x0000000d89780000)
  from space 226816K, 37% used [0x0000000dbc480000,0x0000000dc17daf68,0x0000000dca200000)
  to   space 231424K, 0% used [0x0000000d89780000,0x0000000d89780000,0x0000000d97980000)
 ParOldGen       total 404992K, used 215959K [0x0000000180200000, 0x0000000198d80000, 0x0000000b80200000)
  object space 404992K, 53% used [0x0000000180200000,0x000000018d4e5dc0,0x0000000198d80000)
 Metaspace       used 25676K, capacity 26078K, committed 26368K, reserved 26624K

Card table byte_map: [0x0000000012460000,0x0000000019c70000] byte_map_base: 0x000000001185f000

Marking Bits: (ParMarkBitMap*) 0x0000000077f74040
 Begin Bits: [0x000000007fff0000, 0x00000000bbff0000)
 End Bits:   [0x00000000bbff0000, 0x00000000f7ff0000)

Polling page: 0x0000000000670000

CodeCache: size=245760Kb used=21750Kb max_used=21764Kb free=224009Kb
 bounds [0x00000000030a0000, 0x0000000004630000, 0x00000000120a0000]
 total_blobs=5793 nmethods=5163 adapters=536
 compilation: enabled

Compilation events (10 events):
Event: 3598.497 Thread 0x000000002b78b800 7096       3       sun.java2d.SunGraphics2D::makeHints (175 bytes)
Event: 3598.499 Thread 0x000000002b78b800 nmethod 7096 0x00000000037b6790 code [0x00000000037b6a60, 0x00000000037b78e8]
Event: 3606.380 Thread 0x000000002b6cf800 7097       4       java.awt.Component::dispatchEventImpl (883 bytes)
Event: 3606.408 Thread 0x000000002b7a0000 7098   !   3       java.awt.Container::validate (105 bytes)
Event: 3606.410 Thread 0x000000002b7a0000 nmethod 7098 0x000000000410ee90 code [0x000000000410f080, 0x000000000410fda8]
Event: 3606.523 Thread 0x000000002b6cf800 nmethod 7097 0x000000000461a8d0 code [0x000000000461aee0, 0x000000000461f120]
Event: 3606.790 Thread 0x000000002b794000 7099       3       sun.java2d.loops.ProcessPath$FillProcessHandler::processFixedLine (342 bytes)
Event: 3606.792 Thread 0x000000002b794000 nmethod 7099 0x00000000040ff650 code [0x00000000040ff980, 0x0000000004100df8]
Event: 3606.811 Thread 0x000000002b6cf800 7100       4       sun.java2d.pipe.AlphaColorPipe::renderPathTile (39 bytes)
Event: 3606.811 Thread 0x000000002b777800 7101       4       javax.swing.plaf.synth.SynthContext::getContext (11 bytes)

GC Heap History (10 events):
Event: 3590.500 GC heap before
{Heap before GC invocations=238 (full 53):
 PSYoungGen      total 8768512K, used 2887645K [0x0000000b80200000, 0x0000000dca200000, 0x0000001080200000)
  eden space 8541696K, 32% used [0x0000000b80200000,0x0000000c28d87f60,0x0000000d89780000)
  from space 226816K, 54% used [0x0000000dbc480000,0x0000000dc3cef7c8,0x0000000dca200000)
  to   space 231424K, 0% used [0x0000000d89780000,0x0000000d89780000,0x0000000d97980000)
 ParOldGen       total 404992K, used 220808K [0x0000000180200000, 0x0000000198d80000, 0x0000000b80200000)
  object space 404992K, 54% used [0x0000000180200000,0x000000018d9a2340,0x0000000198d80000)
 Metaspace       used 25672K, capacity 26078K, committed 26368K, reserved 26624K
Event: 3590.532 GC heap after
Heap after GC invocations=238 (full 53):
 PSYoungGen      total 8773120K, used 55792K [0x0000000b80200000, 0x0000000dca200000, 0x0000001080200000)
  eden space 8541696K, 0% used [0x0000000b80200000,0x0000000b80200000,0x0000000d89780000)
  from space 231424K, 24% used [0x0000000d89780000,0x0000000d8cdfc048,0x0000000d97980000)
  to   space 226816K, 0% used [0x0000000dbc480000,0x0000000dbc480000,0x0000000dca200000)
 ParOldGen       total 404992K, used 223568K [0x0000000180200000, 0x0000000198d80000, 0x0000000b80200000)
  object space 404992K, 55% used [0x0000000180200000,0x000000018dc54340,0x0000000198d80000)
 Metaspace       used 25672K, capacity 26078K, committed 26368K, reserved 26624K
}
Event: 3590.532 GC heap before
{Heap before GC invocations=239 (full 54):
 PSYoungGen      total 8773120K, used 55792K [0x0000000b80200000, 0x0000000dca200000, 0x0000001080200000)
  eden space 8541696K, 0% used [0x0000000b80200000,0x0000000b80200000,0x0000000d89780000)
  from space 231424K, 24% used [0x0000000d89780000,0x0000000d8cdfc048,0x0000000d97980000)
  to   space 226816K, 0% used [0x0000000dbc480000,0x0000000dbc480000,0x0000000dca200000)
 ParOldGen       total 404992K, used 223568K [0x0000000180200000, 0x0000000198d80000, 0x0000000b80200000)
  object space 404992K, 55% used [0x0000000180200000,0x000000018dc54340,0x0000000198d80000)
 Metaspace       used 25672K, capacity 26078K, committed 26368K, reserved 26624K
Event: 3590.767 GC heap after
Heap after GC invocations=239 (full 54):
 PSYoungGen      total 8773120K, used 0K [0x0000000b80200000, 0x0000000dca200000, 0x0000001080200000)
  eden space 8541696K, 0% used [0x0000000b80200000,0x0000000b80200000,0x0000000d89780000)
  from space 231424K, 0% used [0x0000000d89780000,0x0000000d89780000,0x0000000d97980000)
  to   space 226816K, 0% used [0x0000000dbc480000,0x0000000dbc480000,0x0000000dca200000)
 ParOldGen       total 404992K, used 202285K [0x0000000180200000, 0x0000000198d80000, 0x0000000b80200000)
  object space 404992K, 49% used [0x0000000180200000,0x000000018c78b4e8,0x0000000198d80000)
 Metaspace       used 25672K, capacity 26078K, committed 26368K, reserved 26624K
}
Event: 3591.458 GC heap before
{Heap before GC invocations=240 (full 54):
 PSYoungGen      total 8773120K, used 8541696K [0x0000000b80200000, 0x0000000dca200000, 0x0000001080200000)
  eden space 8541696K, 100% used [0x0000000b80200000,0x0000000d89780000,0x0000000d89780000)
  from space 231424K, 0% used [0x0000000d89780000,0x0000000d89780000,0x0000000d97980000)
  to   space 226816K, 0% used [0x0000000dbc480000,0x0000000dbc480000,0x0000000dca200000)
 ParOldGen       total 404992K, used 202285K [0x0000000180200000, 0x0000000198d80000, 0x0000000b80200000)
  object space 404992K, 49% used [0x0000000180200000,0x000000018c78b4e8,0x0000000198d80000)
 Metaspace       used 25672K, capacity 26078K, committed 26368K, reserved 26624K
Event: 3591.486 GC heap after
Heap after GC invocations=240 (full 54):
 PSYoungGen      total 8768512K, used 9291K [0x0000000b80200000, 0x0000000dca200000, 0x0000001080200000)
  eden space 8541696K, 0% used [0x0000000b80200000,0x0000000b80200000,0x0000000d89780000)
  from space 226816K, 4% used [0x0000000dbc480000,0x0000000dbcd92c60,0x0000000dca200000)
  to   space 231424K, 0% used [0x0000000d89780000,0x0000000d89780000,0x0000000d97980000)
 ParOldGen       total 404992K, used 202285K [0x0000000180200000, 0x0000000198d80000, 0x0000000b80200000)
  object space 404992K, 49% used [0x0000000180200000,0x000000018c78b4e8,0x0000000198d80000)
 Metaspace       used 25672K, capacity 26078K, committed 26368K, reserved 26624K
}
Event: 3592.193 GC heap before
{Heap before GC invocations=241 (full 54):
 PSYoungGen      total 8768512K, used 8550987K [0x0000000b80200000, 0x0000000dca200000, 0x0000001080200000)
  eden space 8541696K, 100% used [0x0000000b80200000,0x0000000d89780000,0x0000000d89780000)
  from space 226816K, 4% used [0x0000000dbc480000,0x0000000dbcd92c60,0x0000000dca200000)
  to   space 231424K, 0% used [0x0000000d89780000,0x0000000d89780000,0x0000000d97980000)
 ParOldGen       total 404992K, used 202285K [0x0000000180200000, 0x0000000198d80000, 0x0000000b80200000)
  object space 404992K, 49% used [0x0000000180200000,0x000000018c78b4e8,0x0000000198d80000)
 Metaspace       used 25672K, capacity 26078K, committed 26368K, reserved 26624K
Event: 3592.217 GC heap after
Heap after GC invocations=241 (full 54):
 PSYoungGen      total 8773120K, used 4864K [0x0000000b80200000, 0x0000000dca200000, 0x0000001080200000)
  eden space 8541696K, 0% used [0x0000000b80200000,0x0000000b80200000,0x0000000d89780000)
  from space 231424K, 2% used [0x0000000d89780000,0x0000000d89c40000,0x0000000d97980000)
  to   space 226816K, 0% used [0x0000000dbc480000,0x0000000dbc480000,0x0000000dca200000)
 ParOldGen       total 404992K, used 211119K [0x0000000180200000, 0x0000000198d80000, 0x0000000b80200000)
  object space 404992K, 52% used [0x0000000180200000,0x000000018d02bdc0,0x0000000198d80000)
 Metaspace       used 25672K, capacity 26078K, committed 26368K, reserved 26624K
}
Event: 3600.230 GC heap before
{Heap before GC invocations=242 (full 54):
 PSYoungGen      total 8773120K, used 8546560K [0x0000000b80200000, 0x0000000dca200000, 0x0000001080200000)
  eden space 8541696K, 100% used [0x0000000b80200000,0x0000000d89780000,0x0000000d89780000)
  from space 231424K, 2% used [0x0000000d89780000,0x0000000d89c40000,0x0000000d97980000)
  to   space 226816K, 0% used [0x0000000dbc480000,0x0000000dbc480000,0x0000000dca200000)
 ParOldGen       total 404992K, used 211119K [0x0000000180200000, 0x0000000198d80000, 0x0000000b80200000)
  object space 404992K, 52% used [0x0000000180200000,0x000000018d02bdc0,0x0000000198d80000)
 Metaspace       used 25672K, capacity 26078K, committed 26368K, reserved 26624K
Event: 3600.299 GC heap after
Heap after GC invocations=242 (full 54):
 PSYoungGen      total 8768512K, used 85355K [0x0000000b80200000, 0x0000000dca200000, 0x0000001080200000)
  eden space 8541696K, 0% used [0x0000000b80200000,0x0000000b80200000,0x0000000d89780000)
  from space 226816K, 37% used [0x0000000dbc480000,0x0000000dc17daf68,0x0000000dca200000)
  to   space 231424K, 0% used [0x0000000d89780000,0x0000000d89780000,0x0000000d97980000)
 ParOldGen       total 404992K, used 215959K [0x0000000180200000, 0x0000000198d80000, 0x0000000b80200000)
  object space 404992K, 53% used [0x0000000180200000,0x000000018d4e5dc0,0x0000000198d80000)
 Metaspace       used 25672K, capacity 26078K, committed 26368K, reserved 26624K
}

Deoptimization events (10 events):
Event: 3363.939 Thread 0x000000002b7a1800 Uncommon trap: reason=unstable_if action=reinterpret pc=0x000000000386d2a8 method=vortex.clustering.XShiftClustering.splitDatasetIntoCells(Lvortex/main/Dataset;II)[Lvortex/clustering/XShiftClustering$TesselationCell; @ 257
Event: 3363.985 Thread 0x000000002b7a1800 Uncommon trap: reason=unstable_if action=reinterpret pc=0x0000000003ceed78 method=vortex.clustering.XShiftClustering.splitDatasetIntoCells(Lvortex/main/Dataset;II)[Lvortex/clustering/XShiftClustering$TesselationCell; @ 440
Event: 3415.771 Thread 0x000000003de35800 Uncommon trap: reason=unstable_if action=reinterpret pc=0x00000000039c7fbc method=java.math.BigInteger.subtract([I[I)[I @ 67
Event: 3527.641 Thread 0x0000000030888800 Uncommon trap: reason=class_check action=maybe_recompile pc=0x0000000004126264 method=sun.awt.SunToolkit.postEvent(Lsun/awt/AppContext;Ljava/awt/AWTEvent;)V @ 72
Event: 3594.716 Thread 0x000000002b7a1800 Uncommon trap: reason=unstable_if action=reinterpret pc=0x0000000004331fdc method=sun.awt.GlobalCursorManager._updateCursor(Z)V @ 37
Event: 3594.716 Thread 0x000000003087c000 Uncommon trap: reason=unstable_if action=reinterpret pc=0x0000000004331fdc method=sun.awt.GlobalCursorManager._updateCursor(Z)V @ 37
Event: 3598.495 Thread 0x0000000030888800 Uncommon trap: reason=class_check action=maybe_recompile pc=0x0000000004126264 method=sun.awt.SunToolkit.postEvent(Lsun/awt/AppContext;Ljava/awt/AWTEvent;)V @ 72
Event: 3606.787 Thread 0x000000003087c000 Uncommon trap: reason=unstable_if action=reinterpret pc=0x00000000041192fc method=sun.awt.windows.TranslucentWindowPainter.updateWindow(Z)V @ 59
Event: 3606.787 Thread 0x000000003087c000 Uncommon trap: reason=unstable_if action=reinterpret pc=0x0000000003cc9928 method=sun.awt.windows.TranslucentWindowPainter$VIWindowPainter.getBackBuffer(Z)Ljava/awt/Image; @ 131
Event: 3606.803 Thread 0x000000003087c000 Uncommon trap: reason=unstable_if action=reinterpret pc=0x00000000041e2838 method=sun.java2d.pipe.BufferedTextPipe.enqueueGlyphList(Lsun/java2d/SunGraphics2D;Lsun/font/GlyphList;)V @ 99

Internal exceptions (10 events):
Event: 2544.713 Thread 0x000000002b7a1800 Implicit null exception at 0x0000000003f5e9de to 0x0000000003f5eb04
Event: 2544.720 Thread 0x000000002b7a1800 Exception <a 'java/lang/NoSuchMethodError': <clinit>> (0x0000000cddc40b30) thrown at [C:\re\workspace\8-2-build-windows-amd64-cygwin\jdk8u45\3627\hotspot\src\share\vm\prims\jni.cpp, line 1598]
Event: 2544.723 Thread 0x000000002b7a1800 Exception <a 'java/lang/NoSuchMethodError': <clinit>> (0x0000000cddc4ad98) thrown at [C:\re\workspace\8-2-build-windows-amd64-cygwin\jdk8u45\3627\hotspot\src\share\vm\prims\jni.cpp, line 1598]
Event: 2544.732 Thread 0x000000002b7a1800 Exception <a 'java/lang/NoSuchMethodError': <clinit>> (0x0000000cddc51600) thrown at [C:\re\workspace\8-2-build-windows-amd64-cygwin\jdk8u45\3627\hotspot\src\share\vm\prims\jni.cpp, line 1598]
Event: 2544.732 Thread 0x000000002b7a1800 Implicit null exception at 0x00000000036c7e63 to 0x00000000036c81a1
Event: 2544.802 Thread 0x000000002b7a1800 Implicit null exception at 0x0000000003dc1135 to 0x0000000003dc12f1
Event: 2544.802 Thread 0x000000002b7a1800 Implicit null exception at 0x0000000003ee1e24 to 0x0000000003ee2ac9
Event: 2562.831 Thread 0x000000002b7a1800 Implicit null exception at 0x00000000043fdc01 to 0x00000000043fe619
Event: 3594.716 Thread 0x000000002b7a1800 Implicit null exception at 0x000000000432d4c3 to 0x0000000004331fcd
Event: 3594.716 Thread 0x000000003087c000 Implicit null exception at 0x000000000432d4c3 to 0x0000000004331fcd

Events (10 events):
Event: 3606.731 Thread 0x000000002b7a9000 Thread exited: 0x000000002b7a9000
Event: 3606.787 Thread 0x000000003087c000 Uncommon trap: trap_request=0xffffff65 fr.pc=0x00000000041192fc
Event: 3606.787 Thread 0x000000003087c000 DEOPT PACKING pc=0x00000000041192fc sp=0x000000002ff2af80
Event: 3606.787 Thread 0x000000003087c000 DEOPT UNPACKING pc=0x00000000030e582a sp=0x000000002ff2af48 mode 2
Event: 3606.787 Thread 0x000000003087c000 Uncommon trap: trap_request=0xffffff65 fr.pc=0x0000000003cc9928
Event: 3606.787 Thread 0x000000003087c000 DEOPT PACKING pc=0x0000000003cc9928 sp=0x000000002ff2af10
Event: 3606.787 Thread 0x000000003087c000 DEOPT UNPACKING pc=0x00000000030e582a sp=0x000000002ff2aeb8 mode 2
Event: 3606.803 Thread 0x000000003087c000 Uncommon trap: trap_request=0xffffff65 fr.pc=0x00000000041e2838
Event: 3606.804 Thread 0x000000003087c000 DEOPT PACKING pc=0x00000000041e2838 sp=0x000000002ff29500
Event: 3606.804 Thread 0x000000003087c000 DEOPT UNPACKING pc=0x00000000030e582a sp=0x000000002ff29428 mode 2


Dynamic libraries:
0x000000013ff10000 - 0x000000013ff47000 	C:\Program Files\Java\jdk1.8.0_45\jre\bin\java.exe
0x0000000077170000 - 0x0000000077319000 	C:\Windows\SYSTEM32\ntdll.dll
0x0000000076f50000 - 0x000000007706f000 	C:\Windows\system32\kernel32.dll
0x000007fefcfa0000 - 0x000007fefd00c000 	C:\Windows\system32\KERNELBASE.dll
0x000007fefed60000 - 0x000007fefee3b000 	C:\Windows\system32\ADVAPI32.dll
0x000007feff2d0000 - 0x000007feff36f000 	C:\Windows\system32\msvcrt.dll
0x000007fefe760000 - 0x000007fefe77f000 	C:\Windows\SYSTEM32\sechost.dll
0x000007feff110000 - 0x000007feff23d000 	C:\Windows\system32\RPCRT4.dll
0x0000000077070000 - 0x000000007716a000 	C:\Windows\system32\USER32.dll
0x000007fefe650000 - 0x000007fefe6b7000 	C:\Windows\system32\GDI32.dll
0x000007feff2c0000 - 0x000007feff2ce000 	C:\Windows\system32\LPK.dll
0x000007fefe580000 - 0x000007fefe649000 	C:\Windows\system32\USP10.dll
0x000007fefb8f0000 - 0x000007fefbae4000 	C:\Windows\WinSxS\amd64_microsoft.windows.common-controls_6595b64144ccf1df_6.0.7601.18837_none_fa3b1e3d17594757\COMCTL32.dll
0x000007feff240000 - 0x000007feff2b1000 	C:\Windows\system32\SHLWAPI.dll
0x000007feff370000 - 0x000007feff39e000 	C:\Windows\system32\IMM32.DLL
0x000007fefe780000 - 0x000007fefe889000 	C:\Windows\system32\MSCTF.dll
0x0000000180000000 - 0x000000018000a000 	C:\Windows\KATRK64.DLL
0x000007fefc180000 - 0x000007fefc191000 	C:\Windows\system32\WTSAPI32.dll
0x0000000073620000 - 0x0000000073658000 	C:\PROGRA~2\Sophos\SOPHOS~1\SOPHOS~2.DLL
0x0000000077330000 - 0x0000000077337000 	C:\Windows\system32\PSAPI.DLL
0x0000000054b30000 - 0x0000000054c02000 	C:\Program Files\Java\jdk1.8.0_45\jre\bin\msvcr100.dll
0x0000000077770000 - 0x0000000077ff3000 	C:\Program Files\Java\jdk1.8.0_45\jre\bin\server\jvm.dll
0x000007fef7b70000 - 0x000007fef7b79000 	C:\Windows\system32\WSOCK32.dll
0x000007fefe4b0000 - 0x000007fefe4fd000 	C:\Windows\system32\WS2_32.dll
0x000007fefeaa0000 - 0x000007fefeaa8000 	C:\Windows\system32\NSI.dll
0x000007fefb410000 - 0x000007fefb44b000 	C:\Windows\system32\WINMM.dll
0x000007fefc090000 - 0x000007fefc09c000 	C:\Windows\system32\VERSION.dll
0x0000000072fe0000 - 0x0000000072fef000 	C:\Program Files\Java\jdk1.8.0_45\jre\bin\verify.dll
0x0000000071090000 - 0x00000000710b9000 	C:\Program Files\Java\jdk1.8.0_45\jre\bin\java.dll
0x0000000071100000 - 0x0000000071116000 	C:\Program Files\Java\jdk1.8.0_45\jre\bin\zip.dll
0x000007fefd2e0000 - 0x000007fefe069000 	C:\Windows\system32\SHELL32.dll
0x000007fefe890000 - 0x000007fefea93000 	C:\Windows\system32\ole32.dll
0x000007fefcf30000 - 0x000007fefcf3f000 	C:\Windows\system32\profapi.dll
0x00000000500d0000 - 0x0000000050268000 	C:\Program Files\Java\jdk1.8.0_45\jre\bin\awt.dll
0x000007feff3a0000 - 0x000007feff477000 	C:\Windows\system32\OLEAUT32.dll
0x000007fefb480000 - 0x000007fefb4d6000 	C:\Windows\system32\uxtheme.dll
0x000007fefaff0000 - 0x000007fefb008000 	C:\Windows\system32\dwmapi.dll
0x000007fefcdc0000 - 0x000007fefcdcf000 	C:\Windows\system32\CRYPTBASE.dll
0x000007fef5e60000 - 0x000007fef605f000 	C:\Windows\system32\d3d9.dll
0x000007fef5e50000 - 0x000007fef5e57000 	C:\Windows\system32\d3d8thk.dll
0x000007fed2400000 - 0x000007fed3537000 	C:\Windows\system32\nvd3dumx.dll
0x000007fefb790000 - 0x000007fefb7bc000 	C:\Windows\system32\powrprof.dll
0x000007fefe2d0000 - 0x000007fefe4a7000 	C:\Windows\system32\SETUPAPI.dll
0x000007fefd010000 - 0x000007fefd046000 	C:\Windows\system32\CFGMGR32.dll
0x000007fefcf50000 - 0x000007fefcf6a000 	C:\Windows\system32\DEVOBJ.dll
0x0000000031270000 - 0x00000000313a9000 	C:\Program Files (x86)\NVIDIA Corporation\3D Vision\nvSCPAPI64.dll
0x0000000066550000 - 0x0000000066597000 	C:\Program Files\Java\jdk1.8.0_45\jre\bin\fontmanager.dll
0x000007fefe6c0000 - 0x000007fefe759000 	C:\Windows\system32\CLBCatQ.DLL
0x000007fefae40000 - 0x000007fefafa1000 	C:\Windows\system32\WindowsCodecs.dll
0x000007fefcd60000 - 0x000007fefcdb7000 	C:\Windows\system32\apphelp.dll
0x000007fef6a20000 - 0x000007fef6a8f000 	C:\Windows\system32\mscoree.dll
0x000007fef3ec0000 - 0x000007fef3f5d000 	C:\Windows\Microsoft.NET\Framework64\v4.0.30319\mscoreei.dll
0x000007fefcdf0000 - 0x000007fefce81000 	C:\Windows\system32\sxs.dll
0x000007fef0570000 - 0x000007fef0f10000 	C:\Windows\Microsoft.NET\Framework64\v4.0.30319\clr.dll
0x000007fef2cd0000 - 0x000007fef2da6000 	C:\Windows\system32\MSVCR120_CLR0400.dll
0x000007feeefc0000 - 0x000007fef0561000 	C:\Windows\assembly\NativeImages_v4.0.30319_64\mscorlib\701f2b79b02a02beba70e50bb2edb212\mscorlib.ni.dll
0x000007fefc9e0000 - 0x000007fefc9f8000 	C:\Windows\system32\CRYPTSP.dll
0x000007fefc400000 - 0x000007fefc447000 	C:\Windows\system32\rsaenh.dll
0x000007fefcdd0000 - 0x000007fefcde4000 	C:\Windows\system32\RpcRtRemote.dll
0x0000000064f80000 - 0x0000000064f8a000 	C:\Program Files\Box\Box Sync\IconOverlayClient.dll
0x0000000064f20000 - 0x0000000064f42000 	C:\Program Files\Box\Box Sync\SharpShell.dll
0x000007fef2020000 - 0x000007fef2240000 	C:\Windows\assembly\NativeImages_v4.0.30319_64\System.Drawing\d41e14dae81a26661e32b25cba8c117a\System.Drawing.ni.dll
0x000007fef1780000 - 0x000007fef18ae000 	C:\Windows\Microsoft.NET\Framework64\v4.0.30319\clrjit.dll
0x0000000064ed0000 - 0x0000000064f20000 	C:\Program Files\Box\Box Sync\log4net.dll
0x000007feee340000 - 0x000007feeefb7000 	C:\Windows\assembly\NativeImages_v4.0.30319_64\System\edc284c2fc5f774b65992c5e0b6a1899\System.ni.dll
0x000007feec990000 - 0x000007feed2f8000 	C:\Windows\assembly\NativeImages_v4.0.30319_64\System.Core\97a77e20513a0e20b1810fb5c3387a50\System.Core.ni.dll
0x000007feeb090000 - 0x000007feec985000 	C:\Windows\assembly\NativeImages_v4.0.30319_64\System.ServiceModel\38325aeb18dcbcdab44a2d51106a215b\System.ServiceModel.ni.dll
0x000007fef1400000 - 0x000007fef1771000 	C:\Windows\assembly\NativeImages_v4.0.30319_64\System.Runteb92aa12#\cdca00d5c58d31de2503310a31ca096f\System.Runtime.Serialization.ni.dll
0x000007fef12d0000 - 0x000007fef13ff000 	C:\Windows\assembly\NativeImages_v4.0.30319_64\System.Configuration\687652cdc9b32bd8e530be3a7da88810\System.Configuration.ni.dll
0x000007feea6e0000 - 0x000007feeb08f000 	C:\Windows\assembly\NativeImages_v4.0.30319_64\System.Xml\fdebf7eee3058c7156aef7d7fedf5ac4\System.Xml.ni.dll
0x000007fef80f0000 - 0x000007fef8106000 	C:\Windows\Microsoft.NET\Framework64\v4.0.30319\nlssorting.dll
0x000007fef1210000 - 0x000007fef12d0000 	C:\Program Files (x86)\Google\Drive\googledrivesync64.dll
0x0000000064d10000 - 0x0000000064de3000 	C:\Windows\WinSxS\amd64_microsoft.vc90.crt_1fc8b3b9a1e18e3b_9.0.30729.6161_none_08e61857a83bc251\MSVCP90.dll
0x0000000064e20000 - 0x0000000064ec3000 	C:\Windows\WinSxS\amd64_microsoft.vc90.crt_1fc8b3b9a1e18e3b_9.0.30729.6161_none_08e61857a83bc251\MSVCR90.dll
0x000000001f9f0000 - 0x000000001fa5b000 	C:\Program Files (x86)\BitTorrent Sync\SyncShellExtension64_33554560.dll
0x000007fefb1b0000 - 0x000007fefb3c6000 	C:\Windows\WinSxS\amd64_microsoft.windows.gdiplus_6595b64144ccf1df_1.1.7601.18944_none_2b2755a071ea8dea\gdiplus.dll
0x0000000070e40000 - 0x0000000070e5a000 	C:\Program Files\Java\jdk1.8.0_45\jre\bin\net.dll
0x000007fefc0a0000 - 0x000007fefc0cd000 	C:\ProgramData\Sophos\Web Intelligence\swi_ifslsp_64.dll
0x000007fefc6a0000 - 0x000007fefc6f5000 	C:\Windows\system32\mswsock.dll
0x000007fefc690000 - 0x000007fefc697000 	C:\Windows\System32\wship6.dll
0x0000000069ec0000 - 0x0000000069ed1000 	C:\Program Files\Java\jdk1.8.0_45\jre\bin\nio.dll
0x0000000065dd0000 - 0x0000000065e11000 	C:\Program Files\Java\jdk1.8.0_45\jre\bin\t2k.dll
0x000007fefa180000 - 0x000007fefa220000 	C:\Windows\WinSxS\amd64_microsoft.windows.common-controls_6595b64144ccf1df_5.82.7601.18837_none_a4d981ff711297b6\comctl32.dll
0x000007fefb4e0000 - 0x000007fefb60c000 	C:\Windows\system32\propsys.dll
0x000007fefbf80000 - 0x000007fefbfad000 	C:\Windows\system32\ntmarta.dll
0x000007fefec40000 - 0x000007fefec92000 	C:\Windows\system32\WLDAP32.dll
0x000007fede440000 - 0x000007fede5dc000 	C:\Windows\system32\NetworkExplorer.dll
0x000007fef5250000 - 0x000007fef5284000 	C:\Windows\System32\shdocvw.dll
0x000007fefa270000 - 0x000007fefa27b000 	C:\Windows\system32\slc.dll
0x000007fef6e60000 - 0x000007fef6e78000 	C:\Windows\system32\MPR.dll
0x000007fefa490000 - 0x000007fefa49a000 	C:\Windows\System32\drprov.dll
0x000007fefc910000 - 0x000007fefc94d000 	C:\Windows\System32\WINSTA.dll
0x0000000064fa0000 - 0x0000000064faf000 	C:\Windows\system32\AFSRDFSProvider.dll
0x000007fef7f30000 - 0x000007fef7f52000 	C:\Windows\System32\ntlanman.dll
0x000007fef7f10000 - 0x000007fef7f2d000 	C:\Windows\System32\davclnt.dll
0x000007fefa460000 - 0x000007fefa46a000 	C:\Windows\System32\DAVHLPR.dll
0x000007fefacd0000 - 0x000007feface5000 	C:\Windows\system32\wkscli.dll
0x000007fef73f0000 - 0x000007fef73ff000 	C:\Windows\system32\cscapi.dll
0x000007fefacf0000 - 0x000007fefacfc000 	C:\Windows\system32\netutils.dll
0x000007fee9f50000 - 0x000007feea062000 	C:\Users\Nikolay\AppData\Roaming\Yandex\YandexDisk\YandexDiskShellExt-4724.dll
0x000007fefa220000 - 0x000007fefa227000 	C:\Windows\system32\MSIMG32.dll
0x000007fefe070000 - 0x000007fefe2ca000 	C:\Windows\system32\WININET.dll
0x000007fefd150000 - 0x000007fefd154000 	C:\Windows\system32\api-ms-win-downlevel-user32-l1-1-0.dll
0x000007fefd050000 - 0x000007fefd054000 	C:\Windows\system32\api-ms-win-downlevel-shlwapi-l1-1-0.dll
0x000007fefcf70000 - 0x000007fefcf74000 	C:\Windows\system32\api-ms-win-downlevel-version-l1-1-0.dll
0x000007fefd160000 - 0x000007fefd163000 	C:\Windows\system32\api-ms-win-downlevel-normaliz-l1-1-0.dll
0x0000000077340000 - 0x0000000077343000 	C:\Windows\system32\normaliz.DLL
0x000007fefee40000 - 0x000007feff107000 	C:\Windows\system32\iertutil.dll
0x000007fefd060000 - 0x000007fefd065000 	C:\Windows\system32\api-ms-win-downlevel-advapi32-l1-1-0.dll
0x000007fefcf80000 - 0x000007fefcf9e000 	C:\Windows\system32\USERENV.dll
0x000007fedd1e0000 - 0x000007fedd451000 	C:\Windows\system32\wpdshext.dll
0x000007fef5ac0000 - 0x000007fef5b7d000 	C:\Windows\system32\PortableDeviceApi.dll
0x000007fefd070000 - 0x000007fefd0ab000 	C:\Windows\system32\WINTRUST.dll
0x000007fefd170000 - 0x000007fefd2dd000 	C:\Windows\system32\CRYPT32.dll
0x000007fefcf20000 - 0x000007fefcf2f000 	C:\Windows\system32\MSASN1.dll
0x000007fef4560000 - 0x000007fef4595000 	C:\Windows\system32\EhStorShell.dll
0x000007fef24b0000 - 0x000007fef24d7000 	C:\Windows\system32\EhStorAPI.dll
0x000007fef63f0000 - 0x000007fef63fc000 	C:\Windows\system32\LINKINFO.dll
0x0000000065b90000 - 0x0000000065bba000 	C:\Program Files\Java\jdk1.8.0_45\jre\bin\dcpr.dll

VM Arguments:
jvm_args: -Xbootclasspath/p:C:\Program Files\Java\jdk1.8.0_45\jre\lib\javaws.jar -Dfile.encoding=UTF-8 -Xmx60G 
java_command: vortex.gui.frmMain
java_class_path (initial): C:\Users\Nikolay\Dropbox\DEV\LIBS\gephi-toolkit-0.8.7-all\gephi-toolkit.jar;C:\Users\Nikolay\Dropbox\DEV\LIBS\jmathplot.jar;C:\Users\Nikolay\Dropbox\DEV\LIBS\ssj\lib\optimization.jar;C:\Users\Nikolay\Dropbox\DEV\LIBS\ssj\lib\ssj.jar;C:\Users\Nikolay\Dropbox\DEV\ExecutionSlave\dist\ExecutionSlave.jar;C:\Users\Nikolay\Dropbox\DEV\GlassComponents\dist\GlassComponents.jar;C:\Users\Nikolay\Dropbox\DEV\LIBS\colt-1.2.0\lib\colt.jar;C:\Users\Nikolay\Dropbox\DEV\LIBS\colt-1.2.0\lib\concurrent.jar;C:\Users\Nikolay\AppData\Roaming\NetBeans\8.0\modules\ext\beansbinding-1.2.1.jar;C:\Users\Nikolay\Dropbox\DEV\LIBS\hsqldb-2.2.9\lib\hsqldb.jar;C:\Users\Nikolay\Dropbox\DEV\LIBS\MDSJ\mdsj.jar;C:\Users\Nikolay\Dropbox\DEV\LIBS\JFreeChart\jfreechart-1.0.19\lib\jcommon-1.0.23.jar;C:\Users\Nikolay\Dropbox\DEV\LIBS\JFreeChart\jfreechart-1.0.19\lib\jfreechart-1.0.19.jar;C:\Users\Nikolay\Dropbox\DEV\LIBS\FCSOutputLibrary\FCSOutputLibrary\build;C:\Users\Nikolay\YandexDisk\DEV\Sandbox\dist\Sandbox.jar;C:\Users\Nikolay\Dropbox\DEV\LIBS\commons-pool-1.6\commons-pool-1.6.jar;C:\Users\Nikolay\Documents\NetBeansProjects\FMeasure\dist\FMeasure.jar;C:\Users\Nikolay\Documents\NetBeansProjects\vortex\build\classes
Launcher Type: SUN_STANDARD

Environment Variables:
PATH=C:\ProgramData\Oracle\Java\javapath;C:\Program Files (x86)\Common Files\Intel\Shared Files\cpp\bin\Intel64;C:\Windows\system32;C:\Windows;C:\Windows\System32\Wbem;C:\Windows\System32\WindowsPowerShell\v1.0\;C:\Program Files (x86)\Common Files\Acronis\SnapAPI\;C:\Program Files\Java\jdk1.7.0_17\bin;C:\Program Files (x86)\Graphviz2.30\bin;C:\Program Files\MATLAB\MATLAB Compiler Runtime\v83\runtime\win64;C:\Program Files\R\R-3.1.0\bin;C:\Program Files (x86)\MIT\Kerberos\bin;C:\Program Files\OpenAFS\Common;C:\Program Files\OpenAFS\Client\Program;C:\Program Files (x86)\OpenAFS\Common;C:\Program Files (x86)\OpenAFS\Client\Program;C:\Program Files (x86)\Windows Kits\8.1\Windows Performance Toolkit\;C:\Program Files\Microsoft SQL Server\110\Tools\Binn\;C:\Program Files (x86)\Microsoft SDKs\TypeScript\1.0\;C:\Program Files\Microsoft SQL Server\120\Tools\Binn\;C:\Program Files (x86)\Skype\Phone\
USERNAME=Nikolay
OS=Windows_NT
PROCESSOR_IDENTIFIER=Intel64 Family 6 Model 45 Stepping 7, GenuineIntel



---------------  S Y S T E M  ---------------

OS: Windows 7 , 64 bit Build 7601 (6.1.7601.18933)

CPU:total 32 (8 cores per cpu, 2 threads per core) family 6 model 45 stepping 7, cmov, cx8, fxsr, mmx, sse, sse2, sse3, ssse3, sse4.1, sse4.2, popcnt, avx, aes, clmul, ht, tsc, tscinvbit, tscinv

Memory: 4k page, physical 67079724k(7158132k free), swap 67077884k(4388k free)

vm_info: Java HotSpot(TM) 64-Bit Server VM (25.45-b02) for windows-amd64 JRE (1.8.0_45-b15), built on Apr 30 2015 12:40:44 by "java_re" with MS VC++ 10.0 (VS2010)

time: Tue Sep 01 16:50:43 2015
elapsed time: 3606 seconds (0d 1h 0m 6s)

