#
# There is insufficient memory for the Java Runtime Environment to continue.
# Native memory allocation (malloc) failed to allocate 235376 bytes for Chunk::new
# Possible reasons:
#   The system is out of physical RAM or swap space
#   In 32 bit mode, the process size limit was hit
# Possible solutions:
#   Reduce memory load on the system
#   Increase physical memory or swap space
#   Check if swap backing store is full
#   Use 64 bit Java on a 64 bit OS
#   Decrease Java heap size (-Xmx/-Xms)
#   Decrease number of Java threads
#   Decrease Java thread stack sizes (-Xss)
#   Set larger code cache with -XX:ReservedCodeCacheSize=
# This output file may be truncated or incomplete.
#
#  Out of Memory Error (allocation.cpp:390), pid=15008, tid=14788
#
# JRE version: Java(TM) SE Runtime Environment (8.0_45-b15) (build 1.8.0_45-b15)
# Java VM: Java HotSpot(TM) 64-Bit Server VM (25.45-b02 mixed mode windows-amd64 )
# Failed to write core dump. Minidumps are not enabled by default on client versions of Windows
#

---------------  T H R E A D  ---------------

Current thread (0x000000002b18f800):  JavaThread "C2 CompilerThread0" daemon [_thread_in_native, id=14788, stack(0x000000002e380000,0x000000002e480000)]

Stack: [0x000000002e380000,0x000000002e480000],  sp=0x0000000055d9ed30,  free space=649339k
Native frames: (J=compiled Java code, j=interpreted, Vv=VM code, C=native code)
V  [jvm.dll+0x32b57a]


Current CompileTask:
C2:1034732 7094   !   4       sun.java2d.pipe.AAShapePipe::renderTiles (349 bytes)


---------------  P R O C E S S  ---------------

Java Threads: ( => current thread )
  0x0000000057825800 JavaThread "Thread-550" daemon [_thread_in_Java, id=13772, stack(0x000000005b750000,0x000000005b850000)]
  0x0000000057824800 JavaThread "Thread-549" daemon [_thread_in_Java, id=15060, stack(0x000000005af50000,0x000000005b050000)]
  0x0000000057824000 JavaThread "Thread-548" daemon [_thread_in_Java, id=1236, stack(0x000000005b4a0000,0x000000005b5a0000)]
  0x0000000057823000 JavaThread "Thread-547" daemon [_thread_in_Java, id=13356, stack(0x000000005b330000,0x000000005b430000)]
  0x0000000057822800 JavaThread "Thread-546" daemon [_thread_in_Java, id=14520, stack(0x000000005ab80000,0x000000005ac80000)]
  0x0000000057821800 JavaThread "Thread-545" daemon [_thread_in_Java, id=6988, stack(0x000000005b1d0000,0x000000005b2d0000)]
  0x0000000057821000 JavaThread "Thread-544" daemon [_thread_in_Java, id=1312, stack(0x000000005b090000,0x000000005b190000)]
  0x0000000057820000 JavaThread "Thread-543" daemon [_thread_in_Java, id=13648, stack(0x000000005ade0000,0x000000005aee0000)]
  0x000000003404d800 JavaThread "Thread-542" daemon [_thread_in_Java, id=13728, stack(0x000000005aa80000,0x000000005ab80000)]
  0x000000003404d000 JavaThread "Thread-541" daemon [_thread_in_Java, id=8876, stack(0x000000005a940000,0x000000005aa40000)]
  0x000000003404c000 JavaThread "Thread-540" daemon [_thread_in_Java, id=14632, stack(0x000000005a750000,0x000000005a850000)]
  0x000000003404b800 JavaThread "Thread-539" daemon [_thread_in_Java, id=14032, stack(0x000000005a650000,0x000000005a750000)]
  0x000000003404a800 JavaThread "Thread-538" daemon [_thread_in_Java, id=14504, stack(0x000000005a1e0000,0x000000005a2e0000)]
  0x000000003404a000 JavaThread "Thread-537" daemon [_thread_in_Java, id=13092, stack(0x0000000059c10000,0x0000000059d10000)]
  0x0000000034049000 JavaThread "Thread-536" daemon [_thread_in_Java, id=8228, stack(0x0000000035190000,0x0000000035290000)]
  0x0000000034048800 JavaThread "Thread-535" daemon [_thread_in_Java, id=15064, stack(0x0000000059e40000,0x0000000059f40000)]
  0x0000000034047800 JavaThread "Thread-534" daemon [_thread_in_Java, id=14700, stack(0x0000000059d10000,0x0000000059e10000)]
  0x0000000034047000 JavaThread "Thread-533" daemon [_thread_in_Java, id=11712, stack(0x0000000059a50000,0x0000000059b50000)]
  0x000000005649e000 JavaThread "Thread-532" daemon [_thread_in_Java, id=12704, stack(0x00000000552f0000,0x00000000553f0000)]
  0x000000005649d800 JavaThread "Thread-531" daemon [_thread_in_Java, id=6700, stack(0x0000000059880000,0x0000000059980000)]
  0x000000005649c800 JavaThread "Thread-530" daemon [_thread_in_Java, id=14472, stack(0x00000000596e0000,0x00000000597e0000)]
  0x000000005649c000 JavaThread "Thread-529" daemon [_thread_in_Java, id=9960, stack(0x0000000055590000,0x0000000055690000)]
  0x000000005649b000 JavaThread "Thread-528" daemon [_thread_in_Java, id=14352, stack(0x00000000551e0000,0x00000000552e0000)]
  0x000000005649a800 JavaThread "Thread-527" daemon [_thread_in_Java, id=6568, stack(0x0000000053ee0000,0x0000000053fe0000)]
  0x0000000056499800 JavaThread "Thread-526" daemon [_thread_in_Java, id=11468, stack(0x0000000055070000,0x0000000055170000)]
  0x0000000056499000 JavaThread "Thread-525" daemon [_thread_in_Java, id=14560, stack(0x0000000053db0000,0x0000000053eb0000)]
  0x0000000056498000 JavaThread "Thread-524" daemon [_thread_in_Java, id=14020, stack(0x00000000538f0000,0x00000000539f0000)]
  0x0000000056497800 JavaThread "Thread-523" daemon [_thread_in_Java, id=12692, stack(0x00000000529b0000,0x0000000052ab0000)]
  0x000000002b1cd000 JavaThread "Thread-522" daemon [_thread_in_Java, id=15312, stack(0x0000000053b10000,0x0000000053c10000)]
  0x000000002b1cc800 JavaThread "Thread-521" daemon [_thread_in_Java, id=10480, stack(0x00000000539f0000,0x0000000053af0000)]
  0x000000002b1ce000 JavaThread "Thread-520" daemon [_thread_in_Java, id=13532, stack(0x00000000537e0000,0x00000000538e0000)]
  0x000000002b1ca000 JavaThread "Thread-519" daemon [_thread_in_Java, id=13976, stack(0x0000000052b30000,0x0000000052c30000)]
  0x000000002b1cb800 JavaThread "Thread-6" daemon [_thread_blocked, id=13716, stack(0x000000004e620000,0x000000004e720000)]
  0x000000002b1cb000 JavaThread "SwingWorker-pool-2-thread-3" daemon [_thread_blocked, id=14328, stack(0x0000000052890000,0x0000000052990000)]
  0x000000002b1c8800 JavaThread "SwingWorker-pool-2-thread-2" daemon [_thread_blocked, id=14636, stack(0x00000000329e0000,0x0000000032ae0000)]
  0x0000000033e31000 JavaThread "D3D Screen Updater" daemon [_thread_blocked, id=8744, stack(0x0000000051480000,0x0000000051580000)]
  0x0000000033dee800 JavaThread "SwingWorker-pool-2-thread-1" daemon [_thread_blocked, id=14920, stack(0x00000000507e0000,0x00000000508e0000)]
  0x0000000033dac000 JavaThread "TimerQueue" daemon [_thread_blocked, id=11320, stack(0x0000000050950000,0x0000000050a50000)]
  0x0000000033ec6800 JavaThread "Swing-Shell" daemon [_thread_blocked, id=11056, stack(0x000000004f2b0000,0x000000004f3b0000)]
  0x00000000301e2000 JavaThread "HSQLDB Timer @10217064" daemon [_thread_blocked, id=14132, stack(0x0000000034d60000,0x0000000034e60000)]
  0x0000000002af2800 JavaThread "DestroyJavaVM" [_thread_blocked, id=13804, stack(0x00000000029f0000,0x0000000002af0000)]
  0x000000003002a800 JavaThread "AWT-EventQueue-0" [_thread_blocked, id=15284, stack(0x0000000030e30000,0x0000000030f30000)]
  0x000000003003f800 JavaThread "AWT-Windows" daemon [_thread_in_native, id=13296, stack(0x0000000030740000,0x0000000030840000)]
  0x000000003003f000 JavaThread "AWT-Shutdown" [_thread_blocked, id=15196, stack(0x00000000304c0000,0x00000000305c0000)]
  0x000000003003e000 JavaThread "Java2D Disposer" daemon [_thread_blocked, id=14628, stack(0x00000000303b0000,0x00000000304b0000)]
  0x000000002b2a0000 JavaThread "Service Thread" daemon [_thread_blocked, id=15260, stack(0x000000002f0d0000,0x000000002f1d0000)]
  0x000000002b1c5800 JavaThread "C1 CompilerThread14" daemon [_thread_blocked, id=15148, stack(0x000000002f4d0000,0x000000002f5d0000)]
  0x000000002b1c5000 JavaThread "C1 CompilerThread13" daemon [_thread_blocked, id=15224, stack(0x000000002f8b0000,0x000000002f9b0000)]
  0x000000002b1c4000 JavaThread "C1 CompilerThread12" daemon [_thread_blocked, id=15232, stack(0x000000002f750000,0x000000002f850000)]
  0x000000002b1c3800 JavaThread "C1 CompilerThread11" daemon [_thread_blocked, id=15256, stack(0x000000002f630000,0x000000002f730000)]
  0x000000002b1c2800 JavaThread "C1 CompilerThread10" daemon [_thread_blocked, id=14860, stack(0x000000002f390000,0x000000002f490000)]
  0x000000002b1c2000 JavaThread "C2 CompilerThread9" daemon [_thread_blocked, id=12980, stack(0x000000002f1d0000,0x000000002f2d0000)]
  0x000000002b1c1000 JavaThread "C2 CompilerThread8" daemon [_thread_blocked, id=14980, stack(0x000000002ef90000,0x000000002f090000)]
  0x000000002b1c0800 JavaThread "C2 CompilerThread7" daemon [_thread_blocked, id=5976, stack(0x000000002ee20000,0x000000002ef20000)]
  0x000000002b1bf800 JavaThread "C2 CompilerThread6" daemon [_thread_blocked, id=13504, stack(0x000000002ecf0000,0x000000002edf0000)]
  0x000000002b1bf000 JavaThread "C2 CompilerThread5" daemon [_thread_blocked, id=14956, stack(0x000000002eb80000,0x000000002ec80000)]
  0x000000002b1ae000 JavaThread "C2 CompilerThread4" daemon [_thread_blocked, id=8612, stack(0x000000002e9e0000,0x000000002eae0000)]
  0x000000002b19d800 JavaThread "C2 CompilerThread3" daemon [_thread_blocked, id=14420, stack(0x000000002e850000,0x000000002e950000)]
  0x000000002b198000 JavaThread "C2 CompilerThread2" daemon [_thread_blocked, id=15264, stack(0x000000002e660000,0x000000002e760000)]
  0x000000002b196800 JavaThread "C2 CompilerThread1" daemon [_thread_blocked, id=8596, stack(0x000000002e550000,0x000000002e650000)]
=>0x000000002b18f800 JavaThread "C2 CompilerThread0" daemon [_thread_in_native, id=14788, stack(0x000000002e380000,0x000000002e480000)]
  0x000000002b18e800 JavaThread "Attach Listener" daemon [_thread_blocked, id=14852, stack(0x000000002e1a0000,0x000000002e2a0000)]
  0x000000002b18e000 JavaThread "Signal Dispatcher" daemon [_thread_blocked, id=13492, stack(0x000000002de10000,0x000000002df10000)]
  0x000000002b13c800 JavaThread "Finalizer" daemon [_thread_blocked, id=15024, stack(0x000000002e060000,0x000000002e160000)]
  0x000000002b136800 JavaThread "Reference Handler" daemon [_thread_blocked, id=12564, stack(0x000000002df10000,0x000000002e010000)]

Other Threads:
  0x0000000028e33800 VMThread [stack: 0x000000002dce0000,0x000000002dde0000] [id=6588]
  0x000000002b2a2000 WatcherThread [stack: 0x000000002fa30000,0x000000002fb30000] [id=15216]

VM state:not at safepoint (normal execution)

VM Mutex/Monitor currently owned by a thread:  ([mutex/lock_event])
[0x0000000002af15b0] MethodCompileQueue_lock - owner thread: 0x000000002b1c4000

Heap:
 PSYoungGen      total 20167680K, used 3831152K [0x0000000b80200000, 0x0000001080200000, 0x0000001080200000)
  eden space 19416064K, 17% used [0x0000000b80200000,0x0000000c4fd51d58,0x0000001021300000)
  from space 751616K, 56% used [0x0000001052400000,0x000000106c60a3b0,0x0000001080200000)
  to   space 777728K, 0% used [0x0000001021300000,0x0000001021300000,0x0000001050a80000)
 ParOldGen       total 1931264K, used 1526362K [0x0000000180200000, 0x00000001f6000000, 0x0000000b80200000)
  object space 1931264K, 79% used [0x0000000180200000,0x00000001dd4969c0,0x00000001f6000000)
 Metaspace       used 26755K, capacity 27176K, committed 27392K, reserved 28672K

Card table byte_map: [0x0000000011fb0000,0x00000000197c0000] byte_map_base: 0x00000000113af000

Marking Bits: (ParMarkBitMap*) 0x000000005caa4040
 Begin Bits: [0x000000007fff0000, 0x00000000bbff0000)
 End Bits:   [0x00000000bbff0000, 0x00000000f7ff0000)

Polling page: 0x0000000000130000

CodeCache: size=245760Kb used=20226Kb max_used=22092Kb free=225533Kb
 bounds [0x0000000002bf0000, 0x00000000041d0000, 0x0000000011bf0000]
 total_blobs=5795 nmethods=5140 adapters=560
 compilation: enabled

Compilation events (10 events):
Event: 1034.637 Thread 0x000000002b1c3800 7091       3       sun.java2d.loops.ProcessPath$Edge::<init> (26 bytes)
Event: 1034.638 Thread 0x000000002b1c3800 nmethod 7091 0x00000000031bddd0 code [0x00000000031bdf20, 0x00000000031be0f0]
Event: 1034.638 Thread 0x000000002b1c4000 nmethod 7090 0x0000000003aaf650 code [0x0000000003aaf820, 0x0000000003aafdd0]
Event: 1034.649 Thread 0x000000002b1c5800 7092       1       javax.swing.DefaultComboBoxModel::getSelectedItem (5 bytes)
Event: 1034.649 Thread 0x000000002b1c0800 7093       4       sun.java2d.pipe.Region::isInsideQuickCheck (57 bytes)
Event: 1034.650 Thread 0x000000002b1c5800 nmethod 7092 0x00000000031bdb10 code [0x00000000031bdc60, 0x00000000031bdd70]
Event: 1034.651 Thread 0x000000002b1c0800 nmethod 7093 0x0000000003385fd0 code [0x0000000003386100, 0x00000000033861b8]
Event: 1034.668 Thread 0x000000002b18f800 7094   !   4       sun.java2d.pipe.AAShapePipe::renderTiles (349 bytes)
Event: 1034.668 Thread 0x000000002b1c1000 7095       4       java.awt.Component::getFont (5 bytes)
Event: 1034.670 Thread 0x000000002b1c1000 nmethod 7095 0x0000000003c4b5d0 code [0x0000000003c4b720, 0x0000000003c4b7c8]

GC Heap History (10 events):
Event: 993.164 GC heap before
{Heap before GC invocations=62 (full 8):
 PSYoungGen      total 20193792K, used 19416064K [0x0000000b80200000, 0x0000001080200000, 0x0000001080200000)
  eden space 19416064K, 100% used [0x0000000b80200000,0x0000001021300000,0x0000001021300000)
  from space 777728K, 0% used [0x0000001021300000,0x0000001021300000,0x0000001050a80000)
  to   space 769536K, 0% used [0x0000001051280000,0x0000001051280000,0x0000001080200000)
 ParOldGen       total 1931264K, used 1409968K [0x0000000180200000, 0x00000001f6000000, 0x0000000b80200000)
  object space 1931264K, 73% used [0x0000000180200000,0x00000001d62ec1a8,0x00000001f6000000)
 Metaspace       used 26746K, capacity 27176K, committed 27392K, reserved 28672K
Event: 993.205 GC heap after
Heap after GC invocations=62 (full 8):
 PSYoungGen      total 20135424K, used 77045K [0x0000000b80200000, 0x000000107c900000, 0x0000001080200000)
  eden space 19424256K, 0% used [0x0000000b80200000,0x0000000b80200000,0x0000001021b00000)
  from space 711168K, 10% used [0x0000001051280000,0x0000001055dbd7d8,0x000000107c900000)
  to   space 744448K, 0% used [0x0000001021b00000,0x0000001021b00000,0x000000104f200000)
 ParOldGen       total 1931264K, used 1409968K [0x0000000180200000, 0x00000001f6000000, 0x0000000b80200000)
  object space 1931264K, 73% used [0x0000000180200000,0x00000001d62ec1a8,0x00000001f6000000)
 Metaspace       used 26746K, capacity 27176K, committed 27392K, reserved 28672K
}
Event: 994.308 GC heap before
{Heap before GC invocations=63 (full 8):
 PSYoungGen      total 20135424K, used 19501301K [0x0000000b80200000, 0x000000107c900000, 0x0000001080200000)
  eden space 19424256K, 100% used [0x0000000b80200000,0x0000001021b00000,0x0000001021b00000)
  from space 711168K, 10% used [0x0000001051280000,0x0000001055dbd7d8,0x000000107c900000)
  to   space 744448K, 0% used [0x0000001021b00000,0x0000001021b00000,0x000000104f200000)
 ParOldGen       total 1931264K, used 1409968K [0x0000000180200000, 0x00000001f6000000, 0x0000000b80200000)
  object space 1931264K, 73% used [0x0000000180200000,0x00000001d62ec1a8,0x00000001f6000000)
 Metaspace       used 26746K, capacity 27176K, committed 27392K, reserved 28672K
Event: 994.348 GC heap after
Heap after GC invocations=63 (full 8):
 PSYoungGen      total 20168704K, used 14208K [0x0000000b80200000, 0x0000001080200000, 0x0000001080200000)
  eden space 19424256K, 0% used [0x0000000b80200000,0x0000000b80200000,0x0000001021b00000)
  from space 744448K, 1% used [0x0000001021b00000,0x00000010228e0000,0x000000104f200000)
  to   space 728576K, 0% used [0x0000001053a80000,0x0000001053a80000,0x0000001080200000)
 ParOldGen       total 1931264K, used 1483584K [0x0000000180200000, 0x00000001f6000000, 0x0000000b80200000)
  object space 1931264K, 76% used [0x0000000180200000,0x00000001daad00c0,0x00000001f6000000)
 Metaspace       used 26746K, capacity 27176K, committed 27392K, reserved 28672K
}
Event: 995.446 GC heap before
{Heap before GC invocations=64 (full 8):
 PSYoungGen      total 20168704K, used 19438464K [0x0000000b80200000, 0x0000001080200000, 0x0000001080200000)
  eden space 19424256K, 100% used [0x0000000b80200000,0x0000001021b00000,0x0000001021b00000)
  from space 744448K, 1% used [0x0000001021b00000,0x00000010228e0000,0x000000104f200000)
  to   space 728576K, 0% used [0x0000001053a80000,0x0000001053a80000,0x0000001080200000)
 ParOldGen       total 1931264K, used 1483584K [0x0000000180200000, 0x00000001f6000000, 0x0000000b80200000)
  object space 1931264K, 76% used [0x0000000180200000,0x00000001daad00c0,0x00000001f6000000)
 Metaspace       used 26746K, capacity 27176K, committed 27392K, reserved 28672K
Event: 995.556 GC heap after
Heap after GC invocations=64 (full 8):
 PSYoungGen      total 20171264K, used 14400K [0x0000000b80200000, 0x000000107cb80000, 0x0000001080200000)
  eden space 19498496K, 0% used [0x0000000b80200000,0x0000000b80200000,0x0000001026380000)
  from space 672768K, 2% used [0x0000001053a80000,0x0000001054890000,0x000000107cb80000)
  to   space 708608K, 0% used [0x0000001026380000,0x0000001026380000,0x0000001051780000)
 ParOldGen       total 1931264K, used 1497688K [0x0000000180200000, 0x00000001f6000000, 0x0000000b80200000)
  object space 1931264K, 77% used [0x0000000180200000,0x00000001db8960c0,0x00000001f6000000)
 Metaspace       used 26746K, capacity 27176K, committed 27392K, reserved 28672K
}
Event: 1014.229 GC heap before
{Heap before GC invocations=65 (full 8):
 PSYoungGen      total 20171264K, used 19512896K [0x0000000b80200000, 0x000000107cb80000, 0x0000001080200000)
  eden space 19498496K, 100% used [0x0000000b80200000,0x0000001026380000,0x0000001026380000)
  from space 672768K, 2% used [0x0000001053a80000,0x0000001054890000,0x000000107cb80000)
  to   space 708608K, 0% used [0x0000001026380000,0x0000001026380000,0x0000001051780000)
 ParOldGen       total 1931264K, used 1497688K [0x0000000180200000, 0x00000001f6000000, 0x0000000b80200000)
  object space 1931264K, 77% used [0x0000000180200000,0x00000001db8960c0,0x00000001f6000000)
 Metaspace       used 26750K, capacity 27176K, committed 27392K, reserved 28672K
Event: 1014.319 GC heap after
Heap after GC invocations=65 (full 8):
 PSYoungGen      total 20207104K, used 443151K [0x0000000b80200000, 0x0000001080200000, 0x0000001080200000)
  eden space 19498496K, 0% used [0x0000000b80200000,0x0000000b80200000,0x0000001026380000)
  from space 708608K, 62% used [0x0000001026380000,0x0000001041443f58,0x0000001051780000)
  to   space 751616K, 0% used [0x0000001052400000,0x0000001052400000,0x0000001080200000)
 ParOldGen       total 1931264K, used 1511768K [0x0000000180200000, 0x00000001f6000000, 0x0000000b80200000)
  object space 1931264K, 78% used [0x0000000180200000,0x00000001dc6560c0,0x00000001f6000000)
 Metaspace       used 26750K, capacity 27176K, committed 27392K, reserved 28672K
}
Event: 1027.859 GC heap before
{Heap before GC invocations=66 (full 8):
 PSYoungGen      total 20207104K, used 19941647K [0x0000000b80200000, 0x0000001080200000, 0x0000001080200000)
  eden space 19498496K, 100% used [0x0000000b80200000,0x0000001026380000,0x0000001026380000)
  from space 708608K, 62% used [0x0000001026380000,0x0000001041443f58,0x0000001051780000)
  to   space 751616K, 0% used [0x0000001052400000,0x0000001052400000,0x0000001080200000)
 ParOldGen       total 1931264K, used 1511768K [0x0000000180200000, 0x00000001f6000000, 0x0000000b80200000)
  object space 1931264K, 78% used [0x0000000180200000,0x00000001dc6560c0,0x00000001f6000000)
 Metaspace       used 26750K, capacity 27176K, committed 27392K, reserved 28672K
Event: 1027.929 GC heap after
Heap after GC invocations=66 (full 8):
 PSYoungGen      total 20167680K, used 428072K [0x0000000b80200000, 0x0000001080200000, 0x0000001080200000)
  eden space 19416064K, 0% used [0x0000000b80200000,0x0000000b80200000,0x0000001021300000)
  from space 751616K, 56% used [0x0000001052400000,0x000000106c60a3b0,0x0000001080200000)
  to   space 777728K, 0% used [0x0000001021300000,0x0000001021300000,0x0000001050a80000)
 ParOldGen       total 1931264K, used 1526362K [0x0000000180200000, 0x00000001f6000000, 0x0000000b80200000)
  object space 1931264K, 79% used [0x0000000180200000,0x00000001dd4969c0,0x00000001f6000000)
 Metaspace       used 26750K, capacity 27176K, committed 27392K, reserved 28672K
}

Deoptimization events (10 events):
Event: 800.432 Thread 0x000000002b1cb800 Uncommon trap: reason=unstable_if action=reinterpret pc=0x0000000003bcbf08 method=org.hsqldb.persist.Cache.put(JLorg/hsqldb/persist/CachedObject;)V @ 16
Event: 804.292 Thread 0x000000002b1cb800 Uncommon trap: reason=unstable_if action=reinterpret pc=0x00000000040dd148 method=org.hsqldb.persist.DataFileCache.get(Lorg/hsqldb/persist/CachedObject;Lorg/hsqldb/persist/PersistentStore;Z)Lorg/hsqldb/persist/CachedObject; @ 86
Event: 828.848 Thread 0x000000005649c800 Uncommon trap: reason=unstable_if action=reinterpret pc=0x0000000003d3a208 method=java.util.ComparableTimSort.countRunAndMakeAscending([Ljava/lang/Object;II)I @ 25
Event: 854.300 Thread 0x000000002b1cb800 Uncommon trap: reason=unstable_if action=reinterpret pc=0x0000000003073c44 method=clustering.Datapoint.hashCode()I @ 4
Event: 860.533 Thread 0x000000002b1cb800 Uncommon trap: reason=unstable_if action=reinterpret pc=0x0000000003c7521c method=org.hsqldb.persist.DataFileCache.get(Lorg/hsqldb/persist/CachedObject;Lorg/hsqldb/persist/PersistentStore;Z)Lorg/hsqldb/persist/CachedObject; @ 86
Event: 860.533 Thread 0x000000002b1cb800 Uncommon trap: reason=class_check action=maybe_recompile pc=0x00000000031f5628 method=org.hsqldb.index.IndexAVL.compareRow(Lorg/hsqldb/Session;[Ljava/lang/Object;[Ljava/lang/Object;)I @ 39
Event: 865.446 Thread 0x000000002b1cb800 Uncommon trap: reason=unstable_if action=reinterpret pc=0x0000000003bc4ca0 method=org.hsqldb.persist.ScaledRAFile.read([BII)V @ 60
Event: 866.991 Thread 0x000000002b1cb800 Uncommon trap: reason=unstable_if action=reinterpret pc=0x0000000003d286a8 method=org.hsqldb.persist.DataFileCache.get(Lorg/hsqldb/persist/CachedObject;Lorg/hsqldb/persist/PersistentStore;Z)Lorg/hsqldb/persist/CachedObject; @ 86
Event: 921.418 Thread 0x000000002b1cb800 Uncommon trap: reason=unstable_if action=reinterpret pc=0x00000000035d0f9c method=org.hsqldb.QuerySpecification.buildResult(Lorg/hsqldb/Session;[I)Lorg/hsqldb/result/Result; @ 566
Event: 1034.636 Thread 0x000000003002a800 Uncommon trap: reason=unstable_if action=reinterpret pc=0x00000000036be564 method=sun.awt.windows.TranslucentWindowPainter.updateWindow(Z)V @ 59

Internal exceptions (10 events):
Event: 748.428 Thread 0x0000000033b25800 Implicit null exception at 0x00000000033c132b to 0x00000000033c1945
Event: 748.430 Thread 0x0000000056968800 Implicit null exception at 0x00000000033c132b to 0x00000000033c1945
Event: 751.142 Thread 0x0000000056976800 Implicit null exception at 0x00000000033c132b to 0x00000000033c1945
Event: 751.946 Thread 0x0000000033b28800 Implicit null exception at 0x00000000033c132b to 0x00000000033c1945
Event: 799.076 Thread 0x000000002b1cb800 Implicit null exception at 0x0000000003b9956d to 0x0000000003b9c435
Event: 799.319 Thread 0x000000002b1cb800 Implicit null exception at 0x00000000036fc035 to 0x00000000036fc1f1
Event: 799.331 Thread 0x000000002b1cb800 Exception <a 'java/lang/NoSuchMethodError': <clinit>> (0x0000000e59a7dc38) thrown at [C:\re\workspace\8-2-build-windows-amd64-cygwin\jdk8u45\3627\hotspot\src\share\vm\prims\jni.cpp, line 1598]
Event: 799.370 Thread 0x000000002b1cb800 Implicit null exception at 0x0000000003b05456 to 0x0000000003b07311
Event: 799.373 Thread 0x000000002b1cb800 Exception <a 'java/lang/NoSuchMethodError': <clinit>> (0x0000000e59a90608) thrown at [C:\re\workspace\8-2-build-windows-amd64-cygwin\jdk8u45\3627\hotspot\src\share\vm\prims\jni.cpp, line 1598]
Event: 799.373 Thread 0x000000002b1cb800 Implicit null exception at 0x0000000003240eff to 0x00000000032413f1

Events (10 events):
Event: 1031.974 Thread 0x0000000057825800 Thread added: 0x0000000057825800
Event: 1034.636 Thread 0x000000003002a800 Uncommon trap: trap_request=0xffffff65 fr.pc=0x00000000036be564
Event: 1034.636 Thread 0x000000003002a800 DEOPT PACKING pc=0x00000000036be564 sp=0x0000000030f2ad10
Event: 1034.636 Thread 0x000000003002a800 DEOPT UNPACKING pc=0x0000000002c3582a sp=0x0000000030f2ace8 mode 2
Event: 1034.651 Thread 0x000000002b1c0800 flushing nmethod 0x0000000003072710
Event: 1034.651 Thread 0x000000002b1c0800 flushing nmethod 0x00000000030e1dd0
Event: 1034.670 Thread 0x000000003002a800 DEOPT PACKING pc=0x000000000358d492 sp=0x0000000030f29c60
Event: 1034.670 Thread 0x000000003002a800 DEOPT UNPACKING pc=0x0000000002c3787f sp=0x0000000030f29a00 mode 0
Event: 1034.670 Thread 0x000000002b1c1000 flushing nmethod 0x0000000003191950
Event: 1034.670 Thread 0x000000002b1c1000 flushing nmethod 0x00000000031f4c90


Dynamic libraries:
0x000000013f4a0000 - 0x000000013f4d7000 	C:\Program Files\Java\jdk1.8.0_45\jre\bin\java.exe
0x0000000077350000 - 0x00000000774f9000 	C:\Windows\SYSTEM32\ntdll.dll
0x0000000077230000 - 0x0000000077350000 	C:\Windows\system32\kernel32.dll
0x000007fefd110000 - 0x000007fefd17c000 	C:\Windows\system32\KERNELBASE.dll
0x000007fefd870000 - 0x000007fefd94b000 	C:\Windows\system32\ADVAPI32.dll
0x000007feff0a0000 - 0x000007feff13f000 	C:\Windows\system32\msvcrt.dll
0x000007fefddb0000 - 0x000007fefddcf000 	C:\Windows\SYSTEM32\sechost.dll
0x000007fefdfd0000 - 0x000007fefe0fd000 	C:\Windows\system32\RPCRT4.dll
0x0000000077130000 - 0x000000007722a000 	C:\Windows\system32\USER32.dll
0x000007fefd800000 - 0x000007fefd867000 	C:\Windows\system32\GDI32.dll
0x000007fefde30000 - 0x000007fefde3e000 	C:\Windows\system32\LPK.dll
0x000007fefd9f0000 - 0x000007fefdab9000 	C:\Windows\system32\USP10.dll
0x000007fefbb10000 - 0x000007fefbd04000 	C:\Windows\WinSxS\amd64_microsoft.windows.common-controls_6595b64144ccf1df_6.0.7601.18837_none_fa3b1e3d17594757\COMCTL32.dll
0x000007fefd950000 - 0x000007fefd9c1000 	C:\Windows\system32\SHLWAPI.dll
0x000007feff590000 - 0x000007feff5be000 	C:\Windows\system32\IMM32.DLL
0x000007fefdca0000 - 0x000007fefdda9000 	C:\Windows\system32\MSCTF.dll
0x0000000180000000 - 0x000000018000a000 	C:\Windows\KATRK64.DLL
0x000007fefc330000 - 0x000007fefc341000 	C:\Windows\system32\WTSAPI32.dll
0x0000000063010000 - 0x00000000630e2000 	C:\Program Files\Java\jdk1.8.0_45\jre\bin\msvcr100.dll
0x000000005c2a0000 - 0x000000005cb23000 	C:\Program Files\Java\jdk1.8.0_45\jre\bin\server\jvm.dll
0x000007fef7390000 - 0x000007fef7399000 	C:\Windows\system32\WSOCK32.dll
0x000007feff540000 - 0x000007feff58d000 	C:\Windows\system32\WS2_32.dll
0x000007fefdee0000 - 0x000007fefdee8000 	C:\Windows\system32\NSI.dll
0x000007fefabe0000 - 0x000007fefac1b000 	C:\Windows\system32\WINMM.dll
0x000007fefc510000 - 0x000007fefc51c000 	C:\Windows\system32\VERSION.dll
0x0000000077520000 - 0x0000000077527000 	C:\Windows\system32\PSAPI.DLL
0x0000000064530000 - 0x000000006453f000 	C:\Program Files\Java\jdk1.8.0_45\jre\bin\verify.dll
0x0000000063940000 - 0x0000000063969000 	C:\Program Files\Java\jdk1.8.0_45\jre\bin\java.dll
0x0000000063900000 - 0x0000000063916000 	C:\Program Files\Java\jdk1.8.0_45\jre\bin\zip.dll
0x000007fefe100000 - 0x000007fefee89000 	C:\Windows\system32\SHELL32.dll
0x000007fefee90000 - 0x000007feff093000 	C:\Windows\system32\ole32.dll
0x000007fefd0f0000 - 0x000007fefd0ff000 	C:\Windows\system32\profapi.dll
0x0000000059f40000 - 0x000000005a0d8000 	C:\Program Files\Java\jdk1.8.0_45\jre\bin\awt.dll
0x000007fefdef0000 - 0x000007fefdfc7000 	C:\Windows\system32\OLEAUT32.dll
0x000007fefb850000 - 0x000007fefb8a6000 	C:\Windows\system32\uxtheme.dll
0x000007fef28f0000 - 0x000007fef2938000 	C:\Program Files (x86)\TeamViewer\tv_x64.dll
0x000007fefb420000 - 0x000007fefb438000 	C:\Windows\system32\dwmapi.dll
0x000007fefcf90000 - 0x000007fefcf9f000 	C:\Windows\system32\CRYPTBASE.dll
0x000007fef4f40000 - 0x000007fef513f000 	C:\Windows\system32\d3d9.dll
0x000007fef4e70000 - 0x000007fef4e77000 	C:\Windows\system32\d3d8thk.dll
0x000007fecf5f0000 - 0x000007fed0727000 	C:\Windows\system32\nvd3dumx.dll
0x000007fefaac0000 - 0x000007fefaaec000 	C:\Windows\system32\powrprof.dll
0x000007fefdac0000 - 0x000007fefdc97000 	C:\Windows\system32\SETUPAPI.dll
0x000007fefd3d0000 - 0x000007fefd406000 	C:\Windows\system32\CFGMGR32.dll
0x000007fefd450000 - 0x000007fefd46a000 	C:\Windows\system32\DEVOBJ.dll
0x00000000322e0000 - 0x0000000032419000 	C:\Program Files (x86)\NVIDIA Corporation\3D Vision\nvSCPAPI64.dll
0x000000005b6a0000 - 0x000000005b6e7000 	C:\Program Files\Java\jdk1.8.0_45\jre\bin\fontmanager.dll
0x000007fefde40000 - 0x000007fefded9000 	C:\Windows\system32\CLBCatQ.DLL
0x000007fefb270000 - 0x000007fefb3d1000 	C:\Windows\system32\WindowsCodecs.dll
0x000007fefced0000 - 0x000007fefcf27000 	C:\Windows\system32\apphelp.dll
0x000007fef37a0000 - 0x000007fef380f000 	C:\Windows\system32\mscoree.dll
0x000007fef3700000 - 0x000007fef379d000 	C:\Windows\Microsoft.NET\Framework64\v4.0.30319\mscoreei.dll
0x000007fefcfa0000 - 0x000007fefd031000 	C:\Windows\system32\sxs.dll
0x000007fef2b30000 - 0x000007fef34d0000 	C:\Windows\Microsoft.NET\Framework64\v4.0.30319\clr.dll
0x000007fef2a50000 - 0x000007fef2b26000 	C:\Windows\system32\MSVCR120_CLR0400.dll
0x000007fef0260000 - 0x000007fef1801000 	C:\Windows\assembly\NativeImages_v4.0.30319_64\mscorlib\701f2b79b02a02beba70e50bb2edb212\mscorlib.ni.dll
0x000007fefca90000 - 0x000007fefcaa8000 	C:\Windows\system32\CRYPTSP.dll
0x000007fefc5a0000 - 0x000007fefc5e7000 	C:\Windows\system32\rsaenh.dll
0x000007fefd040000 - 0x000007fefd054000 	C:\Windows\system32\RpcRtRemote.dll
0x000000006dd30000 - 0x000000006dd3a000 	C:\Program Files\Box\Box Sync\IconOverlayClient.dll
0x000000006d6a0000 - 0x000000006d6c2000 	C:\Program Files\Box\Box Sync\SharpShell.dll
0x000007feef5e0000 - 0x000007fef0257000 	C:\Windows\assembly\NativeImages_v4.0.30319_64\System\edc284c2fc5f774b65992c5e0b6a1899\System.ni.dll
0x000007fef26d0000 - 0x000007fef28ef000 	C:\Windows\assembly\NativeImages_v4.0.30319_64\System.Drawing\2cc4d1469d26a1bc8dea8a2f8fda6f2b\System.Drawing.ni.dll
0x000007feef4b0000 - 0x000007feef5de000 	C:\Windows\Microsoft.NET\Framework64\v4.0.30319\clrjit.dll
0x00000000688e0000 - 0x0000000068930000 	C:\Program Files\Box\Box Sync\log4net.dll
0x00000000682c0000 - 0x00000000688d6000 	C:\Windows\Microsoft.Net\assembly\GAC_MSIL\System.ServiceModel\v4.0_4.0.0.0__b77a5c561934e089\System.ServiceModel.dll
0x000007feef130000 - 0x000007feef4a1000 	C:\Windows\assembly\NativeImages_v4.0.30319_64\System.Runteb92aa12#\cdca00d5c58d31de2503310a31ca096f\System.Runtime.Serialization.ni.dll
0x000007fef59e0000 - 0x000007fef5b0f000 	C:\Windows\assembly\NativeImages_v4.0.30319_64\System.Configuration\687652cdc9b32bd8e530be3a7da88810\System.Configuration.ni.dll
0x000007feee6a0000 - 0x000007feef04f000 	C:\Windows\assembly\NativeImages_v4.0.30319_64\System.Xml\fdebf7eee3058c7156aef7d7fedf5ac4\System.Xml.ni.dll
0x000007fef6670000 - 0x000007fef6686000 	C:\Windows\Microsoft.NET\Framework64\v4.0.30319\nlssorting.dll
0x000007feedd30000 - 0x000007feee698000 	C:\Windows\assembly\NativeImages_v4.0.30319_64\System.Core\97a77e20513a0e20b1810fb5c3387a50\System.Core.ni.dll
0x000007feedc70000 - 0x000007feedd30000 	C:\Program Files (x86)\Google\Drive\googledrivesync64.dll
0x0000000068ff0000 - 0x00000000690c3000 	C:\Windows\WinSxS\amd64_microsoft.vc90.crt_1fc8b3b9a1e18e3b_9.0.30729.6161_none_08e61857a83bc251\MSVCP90.dll
0x0000000068f40000 - 0x0000000068fe3000 	C:\Windows\WinSxS\amd64_microsoft.vc90.crt_1fc8b3b9a1e18e3b_9.0.30729.6161_none_08e61857a83bc251\MSVCR90.dll
0x000007feeb530000 - 0x000007feeb56b000 	C:\Program Files (x86)\Dropbox\Client\DropboxExt64.28.dll
0x000000005d0b0000 - 0x000000005d0ca000 	C:\Program Files\Java\jdk1.8.0_45\jre\bin\net.dll
0x000007fefc830000 - 0x000007fefc885000 	C:\Windows\system32\mswsock.dll
0x000007fefc9c0000 - 0x000007fefc9c7000 	C:\Windows\System32\wship6.dll
0x000000005cb30000 - 0x000000005cb41000 	C:\Program Files\Java\jdk1.8.0_45\jre\bin\nio.dll
0x000000005ac80000 - 0x000000005acc1000 	C:\Program Files\Java\jdk1.8.0_45\jre\bin\t2k.dll
0x000007fef72f0000 - 0x000007fef7390000 	C:\Windows\WinSxS\amd64_microsoft.windows.common-controls_6595b64144ccf1df_5.82.7601.18837_none_a4d981ff711297b6\comctl32.dll
0x000007fefb8b0000 - 0x000007fefb9dc000 	C:\Windows\system32\propsys.dll
0x000007fefc000000 - 0x000007fefc02d000 	C:\Windows\system32\ntmarta.dll
0x000007fefddd0000 - 0x000007fefde22000 	C:\Windows\system32\WLDAP32.dll
0x000007feec930000 - 0x000007feecacc000 	C:\Windows\system32\NetworkExplorer.dll
0x000007fefb4a0000 - 0x000007fefb4d4000 	C:\Windows\System32\shdocvw.dll
0x000007fef9750000 - 0x000007fef975b000 	C:\Windows\system32\slc.dll
0x000007fef9080000 - 0x000007fef9098000 	C:\Windows\system32\MPR.dll
0x000007fef6650000 - 0x000007fef665a000 	C:\Windows\System32\drprov.dll
0x000007fefcf50000 - 0x000007fefcf8d000 	C:\Windows\System32\WINSTA.dll
0x000000006deb0000 - 0x000000006debf000 	C:\Windows\system32\AFSRDFSProvider.dll
0x000007fef6610000 - 0x000007fef6632000 	C:\Windows\System32\ntlanman.dll
0x000007fef4720000 - 0x000007fef473d000 	C:\Windows\System32\davclnt.dll
0x000007fef65c0000 - 0x000007fef65ca000 	C:\Windows\System32\DAVHLPR.dll
0x000007fefb100000 - 0x000007fefb115000 	C:\Windows\system32\wkscli.dll
0x000007fef6b30000 - 0x000007fef6b3f000 	C:\Windows\system32\cscapi.dll
0x000007fefb120000 - 0x000007fefb12c000 	C:\Windows\system32\netutils.dll
0x000007fedfca0000 - 0x000007fedfdb2000 	C:\Users\Nikolay\AppData\Roaming\Yandex\YandexDisk\YandexDiskShellExt-4724.dll
0x000007fef72e0000 - 0x000007fef72e7000 	C:\Windows\system32\MSIMG32.dll
0x000007fefb630000 - 0x000007fefb846000 	C:\Windows\WinSxS\amd64_microsoft.windows.gdiplus_6595b64144ccf1df_1.1.7601.18946_none_2b27281071eac12c\gdiplus.dll
0x000007feff140000 - 0x000007feff3a9000 	C:\Windows\system32\WININET.dll
0x000007fefd1a0000 - 0x000007fefd1a4000 	C:\Windows\system32\api-ms-win-downlevel-user32-l1-1-0.dll
0x000007fefd410000 - 0x000007fefd414000 	C:\Windows\system32\api-ms-win-downlevel-shlwapi-l1-1-0.dll
0x000007fefd180000 - 0x000007fefd184000 	C:\Windows\system32\api-ms-win-downlevel-version-l1-1-0.dll
0x000007fefd420000 - 0x000007fefd423000 	C:\Windows\system32\api-ms-win-downlevel-normaliz-l1-1-0.dll
0x0000000077510000 - 0x0000000077513000 	C:\Windows\system32\normaliz.DLL
0x000007fefd4b0000 - 0x000007fefd777000 	C:\Windows\system32\iertutil.dll
0x000007fefd190000 - 0x000007fefd195000 	C:\Windows\system32\api-ms-win-downlevel-advapi32-l1-1-0.dll
0x000007fefd430000 - 0x000007fefd44e000 	C:\Windows\system32\USERENV.dll
0x000007fefa0e0000 - 0x000007fefa351000 	C:\Windows\system32\wpdshext.dll
0x000007fef4e80000 - 0x000007fef4f3d000 	C:\Windows\system32\PortableDeviceApi.dll
0x000007fefd470000 - 0x000007fefd4ab000 	C:\Windows\system32\WINTRUST.dll
0x000007fefd260000 - 0x000007fefd3cd000 	C:\Windows\system32\CRYPT32.dll
0x000007fefd100000 - 0x000007fefd10f000 	C:\Windows\system32\MSASN1.dll
0x000007feec820000 - 0x000007feec859000 	C:\Windows\system32\PortableDeviceTypes.dll
0x000007fed5200000 - 0x000007fed5235000 	C:\Windows\system32\EhStorShell.dll
0x000007fefa540000 - 0x000007fefa567000 	C:\Windows\system32\EhStorAPI.dll
0x000007fefbf20000 - 0x000007fefbf2c000 	C:\Windows\system32\LINKINFO.dll
0x000007fefba10000 - 0x000007fefba23000 	C:\Program Files\Windows Journal\NBMapTIP.dll
0x000007fee3270000 - 0x000007fee33c0000 	C:\Windows\system32\MFC42u.dll
0x000007fef66c0000 - 0x000007fef6771000 	C:\Windows\system32\ODBC32.dll
0x000000006a6d0000 - 0x000000006a708000 	C:\Windows\system32\odbcint.dll
0x000007fefaeb0000 - 0x000007fefaf2f000 	C:\Program Files\Common Files\microsoft shared\ink\tiptsf.dll
0x000000006a060000 - 0x000000006a08a000 	C:\Program Files\Java\jdk1.8.0_45\jre\bin\dcpr.dll

VM Arguments:
jvm_args: -Xbootclasspath/p:C:\Program Files\Java\jdk1.8.0_45\jre\lib\javaws.jar -Dfile.encoding=UTF-8 -Xmx60G 
java_command: vortex.gui.frmMain
java_class_path (initial): C:\Users\Nikolay\Dropbox\DEV\LIBS\gephi-toolkit-0.8.7-all\gephi-toolkit.jar;C:\Users\Nikolay\Dropbox\DEV\LIBS\jmathplot.jar;C:\Users\Nikolay\Dropbox\DEV\LIBS\ssj\lib\optimization.jar;C:\Users\Nikolay\Dropbox\DEV\LIBS\ssj\lib\ssj.jar;C:\Users\Nikolay\Dropbox\DEV\ExecutionSlave\dist\ExecutionSlave.jar;C:\Users\Nikolay\Dropbox\DEV\GlassComponents\dist\GlassComponents.jar;C:\Users\Nikolay\Dropbox\DEV\LIBS\colt-1.2.0\lib\colt.jar;C:\Users\Nikolay\Dropbox\DEV\LIBS\colt-1.2.0\lib\concurrent.jar;C:\Users\Nikolay\AppData\Roaming\NetBeans\8.0\modules\ext\beansbinding-1.2.1.jar;C:\Users\Nikolay\Dropbox\DEV\LIBS\hsqldb-2.2.9\lib\hsqldb.jar;C:\Users\Nikolay\Dropbox\DEV\LIBS\MDSJ\mdsj.jar;C:\Users\Nikolay\Dropbox\DEV\LIBS\JFreeChart\jfreechart-1.0.19\lib\jcommon-1.0.23.jar;C:\Users\Nikolay\Dropbox\DEV\LIBS\JFreeChart\jfreechart-1.0.19\lib\jfreechart-1.0.19.jar;C:\Users\Nikolay\Dropbox\DEV\LIBS\FCSOutputLibrary\FCSOutputLibrary\build;C:\Users\Nikolay\YandexDisk\DEV\Sandbox\dist\Sandbox.jar;C:\Users\Nikolay\Dropbox\DEV\LIBS\commons-pool-1.6\commons-pool-1.6.jar;C:\Users\Nikolay\Documents\NetBeansProjects\FMeasure\dist\FMeasure.jar;C:\Users\Nikolay\Documents\NetBeansProjects\vortex\build\classes
Launcher Type: SUN_STANDARD

Environment Variables:
PATH=C:\ProgramData\Oracle\Java\javapath;C:\Program Files (x86)\Common Files\Intel\Shared Files\cpp\bin\Intel64;C:\Windows\system32;C:\Windows;C:\Windows\System32\Wbem;C:\Windows\System32\WindowsPowerShell\v1.0\;C:\Program Files (x86)\Common Files\Acronis\SnapAPI\;C:\Program Files\Java\jdk1.7.0_17\bin;C:\Program Files (x86)\Graphviz2.30\bin;C:\Program Files\MATLAB\MATLAB Compiler Runtime\v83\runtime\win64;C:\Program Files\R\R-3.1.0\bin;C:\Program Files (x86)\MIT\Kerberos\bin;C:\Program Files\OpenAFS\Common;C:\Program Files\OpenAFS\Client\Program;C:\Program Files (x86)\OpenAFS\Common;C:\Program Files (x86)\OpenAFS\Client\Program;C:\Program Files (x86)\Windows Kits\8.1\Windows Performance Toolkit\;C:\Program Files\Microsoft SQL Server\110\Tools\Binn\;C:\Program Files (x86)\Microsoft SDKs\TypeScript\1.0\;C:\Program Files\Microsoft SQL Server\120\Tools\Binn\;C:\Program Files (x86)\Skype\Phone\;C:\Program Files\MATLAB\MATLAB Compiler Runtime\v84\runtime\win64
USERNAME=Nikolay
OS=Windows_NT
PROCESSOR_IDENTIFIER=Intel64 Family 6 Model 45 Stepping 7, GenuineIntel



---------------  S Y S T E M  ---------------

OS: Windows 7 , 64 bit Build 7601 (6.1.7601.19018)

CPU:total 32 (8 cores per cpu, 2 threads per core) family 6 model 45 stepping 7, cmov, cx8, fxsr, mmx, sse, sse2, sse3, ssse3, sse4.1, sse4.2, popcnt, avx, aes, clmul, ht, tsc, tscinvbit, tscinv

Memory: 4k page, physical 67079724k(12521784k free), swap 67077888k(5024k free)

vm_info: Java HotSpot(TM) 64-Bit Server VM (25.45-b02) for windows-amd64 JRE (1.8.0_45-b15), built on Apr 30 2015 12:40:44 by "java_re" with MS VC++ 10.0 (VS2010)

time: Wed Oct 21 12:33:25 2015
elapsed time: 1034 seconds (0d 0h 17m 14s)

