JvmtiExport can_access_local_variables 0
JvmtiExport can_hotswap_or_post_breakpoint 0
JvmtiExport can_post_on_exceptions 0
# 163 ciObject found
instanceKlass vss/HSQLDBStorageEngine$6
instanceKlass java/io/ObjectStreamClass$5
instanceKlass java/io/ObjectStreamClass$4
instanceKlass java/io/ObjectStreamClass$3
instanceKlass java/io/ObjectStreamClass$MemberSignature
instanceKlass java/io/ObjectStreamClass$1
instanceKlass java/io/ObjectStreamClass$ExceptionInfo
instanceKlass main/Dataset$4
instanceKlass util/NormalStatistics
instanceKlass dataIO/DatasetImporter$1
instanceKlass clustering/Datapoint
instanceKlass util/MatrixOp
instanceKlass util/Optimization
instanceKlass util/IO
instanceKlass annotations/Annotation
instanceKlass dataIO/DatasetImporter
instanceKlass dataIO/ImportConfigObject
instanceKlass java/awt/KeyboardFocusManager$4
instanceKlass sun/security/action/GetIntegerAction
instanceKlass java/awt/image/PixelGrabber
instanceKlass java/awt/image/FilteredImageSource
instanceKlass java/awt/image/ImageFilter
instanceKlass sun/awt/image/GifFrame
instanceKlass java/awt/Cursor$2
instanceKlass java/awt/Cursor$3
instanceKlass java/awt/dnd/DragSource
instanceKlass javax/swing/plaf/basic/DragRecognitionSupport
instanceKlass sun/swing/MenuItemLayoutHelper$LayoutResult
instanceKlass sun/swing/MenuItemLayoutHelper$RectSize
instanceKlass sun/swing/MenuItemLayoutHelper$ColumnAlignment
instanceKlass java/util/ArrayList$1
instanceKlass dataIO/DatasetStub
instanceKlass vortex/gui/dlgImportDataset$3
instanceKlass samusik/objecttable/TableModelReorderHandler$DTableData
instanceKlass java/awt/datatransfer/MimeType
instanceKlass java/awt/datatransfer/MimeTypeParameterList
instanceKlass java/awt/datatransfer/DataFlavor
instanceKlass vortex/gui/dlgImportDataset$17
instanceKlass vortex/gui/dlgImportDataset$16
instanceKlass vortex/gui/dlgImportDataset$15
instanceKlass vortex/gui/dlgImportDataset$14
instanceKlass vortex/gui/dlgImportDataset$13
instanceKlass java/text/BreakIterator
instanceKlass javax/swing/text/GlyphView$GlyphPainter
instanceKlass javax/swing/text/TabableView
instanceKlass javax/swing/text/FlowView$FlowStrategy
instanceKlass javax/swing/text/html/StyleSheet$1
instanceKlass javax/swing/text/html/CSSBorder$StrokePainter
instanceKlass javax/swing/text/html/CSSBorder$SolidPainter
instanceKlass javax/swing/text/html/CSSBorder$NullPainter
instanceKlass javax/swing/text/html/CSSBorder$BorderPainter
instanceKlass javax/swing/text/html/StyleSheet$BoxPainter
instanceKlass javax/swing/text/html/StyleSheet$SearchBuffer
instanceKlass javax/swing/text/html/MuxingAttributeSet
instanceKlass javax/swing/text/DefaultStyledDocument$ElementBuffer$ElemChanges
instanceKlass javax/swing/text/DefaultStyledDocument$ElementSpec
instanceKlass javax/swing/text/html/parser/ContentModelState
instanceKlass javax/swing/text/html/parser/TagStack
instanceKlass javax/swing/text/html/parser/TagElement
instanceKlass javax/swing/text/html/parser/Parser
instanceKlass javax/swing/text/html/HTMLDocument$HTMLReader$TagAction
instanceKlass javax/swing/text/html/HTMLEditorKit$ParserCallback
instanceKlass javax/swing/text/html/parser/AttributeList
instanceKlass javax/swing/text/html/parser/ContentModel
instanceKlass javax/swing/text/html/parser/ParserDelegator$1
instanceKlass javax/swing/text/html/parser/Entity
instanceKlass javax/swing/text/html/parser/Element
instanceKlass javax/swing/text/html/parser/DTD
instanceKlass javax/swing/text/html/parser/DTDConstants
instanceKlass javax/swing/text/html/HTMLEditorKit$Parser
instanceKlass javax/swing/text/DefaultStyledDocument$ElementBuffer
instanceKlass javax/swing/text/StyledDocument
instanceKlass javax/swing/text/html/CSS$ShorthandMarginParser
instanceKlass javax/swing/text/html/CSS$LengthUnit
instanceKlass javax/swing/text/html/HTMLEditorKit$1
instanceKlass javax/swing/text/html/CSSParser
instanceKlass javax/swing/text/html/StyleSheet$CssParser
instanceKlass javax/swing/text/html/CSSParser$CSSParserCallback
instanceKlass javax/swing/text/html/StyleSheet$SelectorMapping
instanceKlass javax/swing/text/html/CSS$CssValue
instanceKlass javax/swing/text/html/CSS$Value
instanceKlass javax/swing/text/html/CSS$Attribute
instanceKlass javax/swing/text/html/CSS
instanceKlass javax/swing/text/StyledEditorKit$AttributeTracker
instanceKlass javax/swing/text/html/HTML$Attribute
instanceKlass javax/swing/text/html/HTML
instanceKlass javax/swing/text/html/HTML$Tag
instanceKlass javax/swing/text/StyledEditorKit$StyledViewFactory
instanceKlass javax/swing/text/html/HTMLEditorKit$HTMLFactory
instanceKlass vortex/gui/dlgImportDataset$10
instanceKlass vortex/gui/dlgImportDataset$6
instanceKlass vortex/gui/dlgImportDataset$5
instanceKlass vortex/gui/dlgImportDataset$4
instanceKlass util/DefaultEntry
instanceKlass java/text/FieldPosition$Delegate
instanceKlass javax/swing/JTable$5
instanceKlass javax/swing/JTable$2
instanceKlass javax/swing/JTable$Resizable3
instanceKlass javax/swing/JTable$Resizable2
instanceKlass javax/swing/SwingWorker$5
instanceKlass java/util/Vector$1
instanceKlass javax/swing/SwingWorker$SwingWorkerPropertyChangeSupport$1
instanceKlass javax/swing/SwingWorker$7
instanceKlass javax/swing/SwingWorker$6
instanceKlass javax/swing/SwingWorker$1
instanceKlass sun/swing/AccumulativeRunnable
instanceKlass vortex/gui/DatasetBrowser$2
instanceKlass javax/swing/DefaultCellEditor$EditorDelegate
instanceKlass javax/swing/table/TableColumn
instanceKlass vortex/gui/ClusterBrowserPane$3
instanceKlass vortex/gui/ClusterBrowserPane$2
instanceKlass javax/swing/plaf/synth/SynthTabbedPaneUI$1
instanceKlass javax/swing/plaf/basic/BasicTabbedPaneUI$Handler
instanceKlass javax/swing/plaf/basic/BasicTabbedPaneUI$TabbedPaneLayout
instanceKlass javax/swing/JTabbedPane$ModelListener
instanceKlass vortex/gui/ClusterSetBrowser$1
instanceKlass vortex/gui/ClusterSetBrowser$16
instanceKlass vortex/gui/ClusterSetBrowser$15
instanceKlass vortex/gui/ClusterSetBrowser$14
instanceKlass vortex/gui/ClusterSetBrowser$13
instanceKlass vortex/gui/ClusterSetBrowser$12
instanceKlass vortex/gui/ClusterSetBrowser$11
instanceKlass vortex/gui/ClusterSetBrowser$10
instanceKlass vortex/gui/ClusterSetBrowser$9
instanceKlass vortex/gui/ClusterSetBrowser$8
instanceKlass vortex/gui/ClusterSetBrowser$7
instanceKlass vortex/gui/ClusterSetBrowser$6
instanceKlass vortex/gui/ClusterSetBrowser$5
instanceKlass vortex/gui/ClusterSetBrowser$4
instanceKlass java/awt/datatransfer/Clipboard
instanceKlass vortex/gui/ClusteringResultList$18
instanceKlass vortex/gui/ClusteringResultList$17
instanceKlass vortex/gui/ClusteringResultList$16
instanceKlass vortex/gui/ClusteringResultList$14
instanceKlass vortex/gui/ClusteringResultList$13
instanceKlass vortex/gui/ClusteringResultList$12
instanceKlass vortex/gui/ClusteringResultList$11
instanceKlass vortex/gui/ClusteringResultList$10
instanceKlass vortex/gui/ClusteringResultList$9
instanceKlass vortex/gui/ClusteringResultList$7
instanceKlass vortex/gui/ClusteringResultList$6
instanceKlass vortex/gui/ClusteringResultList$5
instanceKlass vortex/gui/ClusteringResultList$4
instanceKlass vortex/gui/ClusteringResultList$3
instanceKlass vortex/gui/DatasetBrowser$19
instanceKlass vortex/gui/DatasetBrowser$18
instanceKlass vortex/gui/DatasetBrowser$17
instanceKlass vortex/gui/DatasetBrowser$13
instanceKlass vortex/gui/DatasetBrowser$12
instanceKlass vortex/gui/DatasetBrowser$11
instanceKlass vortex/gui/DatasetBrowser$10
instanceKlass vortex/gui/DatasetBrowser$9
instanceKlass vortex/gui/DatasetBrowser$8
instanceKlass vortex/gui/DatasetBrowser$7
instanceKlass vortex/gui/DatasetBrowser$6
instanceKlass vortex/gui/DatasetBrowser$5
instanceKlass vortex/gui/DatasetBrowser$4
instanceKlass javax/swing/plaf/basic/BasicTableUI$Handler
instanceKlass javax/swing/AbstractCellEditor
instanceKlass javax/swing/tree/TreeCellEditor
instanceKlass javax/swing/plaf/basic/BasicTableHeaderUI$MouseInputHandler
instanceKlass javax/swing/plaf/basic/BasicTableHeaderUI$1
instanceKlass sun/swing/table/DefaultTableCellHeaderRenderer$EmptyIcon
instanceKlass javax/swing/JTable$$Lambda$28
instanceKlass javax/swing/JTable$$Lambda$27
instanceKlass javax/swing/JTable$$Lambda$26
instanceKlass javax/swing/JTable$$Lambda$25
instanceKlass javax/swing/JTable$$Lambda$24
instanceKlass javax/swing/JTable$$Lambda$23
instanceKlass javax/swing/JTable$$Lambda$22
instanceKlass javax/swing/JTable$$Lambda$21
instanceKlass javax/swing/JTable$$Lambda$20
instanceKlass javax/swing/JTable$$Lambda$19
instanceKlass javax/swing/JTable$$Lambda$18
instanceKlass javax/swing/table/DefaultTableColumnModel
instanceKlass javax/swing/table/TableColumnModel
instanceKlass javax/swing/table/TableCellEditor
instanceKlass javax/swing/CellEditor
instanceKlass javax/swing/table/TableCellRenderer
instanceKlass java/awt/datatransfer/Transferable
instanceKlass javax/swing/SwingWorker
instanceKlass vortex/gui/frmMain$6
instanceKlass vortex/gui/frmMain$5
instanceKlass vortex/gui/frmMain$2
instanceKlass javax/swing/plaf/basic/BasicProgressBarUI$Handler
instanceKlass javax/swing/JProgressBar$ModelListener
instanceKlass javax/swing/plaf/basic/BasicSplitPaneUI$Handler
instanceKlass javax/swing/plaf/basic/BasicSplitPaneUI$BasicHorizontalLayoutManager
instanceKlass javax/swing/plaf/basic/BasicSplitPaneDivider$DividerLayout
instanceKlass sun/awt/SubRegionShowable
instanceKlass java/awt/AttributeValue
instanceKlass java/awt/BufferCapabilities
instanceKlass org/hsqldb/persist/RAShadowFile
instanceKlass org/hsqldb/persist/ScaledRAFileSimple
instanceKlass org/hsqldb/lib/LineReader
instanceKlass java/io/RandomAccessFile$1
instanceKlass java/io/ObjectStreamClass$FieldReflector
instanceKlass java/io/ObjectInput
instanceKlass java/io/ObjectStreamClass$2
instanceKlass java/io/Externalizable
instanceKlass java/lang/reflect/Proxy$ProxyClassFactory
instanceKlass java/lang/reflect/Proxy$KeyFactory
instanceKlass java/lang/reflect/WeakCache
instanceKlass java/lang/reflect/Proxy
instanceKlass java/io/ObjectStreamClass$EntryFuture
instanceKlass java/io/ObjectStreamClass$Caches
instanceKlass java/io/ObjectStreamClass
instanceKlass java/io/Bits
instanceKlass java/io/ObjectOutputStream$ReplaceTable
instanceKlass java/io/ObjectOutputStream$HandleTable
instanceKlass java/io/ObjectStreamConstants
instanceKlass java/io/ObjectOutput
instanceKlass org/hsqldb/lib/InOutUtil
instanceKlass org/hsqldb/types/JavaObjectData
instanceKlass org/hsqldb/lib/DoubleIntIndex
instanceKlass org/hsqldb/lib/LongLookup
instanceKlass org/hsqldb/lib/IntLookup
instanceKlass org/hsqldb/persist/DataFileBlockManager
instanceKlass org/hsqldb/persist/ScaledRAFileHybrid
instanceKlass org/hsqldb/persist/ScaledRAFile
instanceKlass org/hsqldb/persist/Cache$CachedObjectComparator
instanceKlass org/hsqldb/lib/StopWatch
instanceKlass org/hsqldb/jdbc/JDBCResultSet
instanceKlass java/sql/ResultSetMetaData
instanceKlass java/sql/ResultSet
instanceKlass org/hsqldb/jdbc/JDBCStatementBase
instanceKlass org/hsqldb/Database$CheckpointRunner
instanceKlass org/hsqldb/persist/RandomAccessInterface
instanceKlass org/hsqldb/persist/LobStoreRAFile
instanceKlass org/hsqldb/lib/LongKeyHashMap$Values
instanceKlass org/hsqldb/lib/WrapperIterator
instanceKlass java/util/logging/LogRecord
instanceKlass java/util/logging/ErrorManager
instanceKlass java/util/logging/Formatter
instanceKlass org/hsqldb/lib/FrameworkLogger
instanceKlass org/hsqldb/lib/MultiValueHashMap$Values
instanceKlass org/hsqldb/RowActionBase
instanceKlass sun/security/provider/ByteArrayAccess
instanceKlass sun/security/jca/GetInstance$Instance
instanceKlass java/security/Provider$UString
instanceKlass java/security/Provider$Service
instanceKlass sun/security/provider/NativePRNG$NonBlocking
instanceKlass sun/security/provider/NativePRNG$Blocking
instanceKlass sun/security/provider/NativePRNG
instanceKlass sun/security/provider/SunEntries$1
instanceKlass sun/security/provider/SunEntries
instanceKlass sun/security/jca/ProviderConfig$2
instanceKlass sun/security/jca/ProviderList$2
instanceKlass sun/misc/FDBigInteger
instanceKlass java/security/Provider$EngineDescription
instanceKlass java/security/Provider$ServiceKey
instanceKlass sun/security/jca/ProviderConfig
instanceKlass sun/security/jca/ProviderList
instanceKlass sun/security/jca/Providers
instanceKlass sun/security/jca/GetInstance
instanceKlass java/security/Security$1
instanceKlass java/security/Security
instanceKlass java/security/MessageDigestSpi
instanceKlass org/hsqldb/lib/MD5
instanceKlass java/io/FileOutputStream$1
instanceKlass sun/util/locale/provider/TimeZoneNameUtility$TimeZoneNameGetter
instanceKlass sun/util/locale/provider/TimeZoneNameUtility
instanceKlass org/hsqldb/lib/FileUtil$FileSync
instanceKlass org/hsqldb/rowio/RowOutputInterface
instanceKlass sun/nio/cs/Surrogate
instanceKlass sun/nio/cs/Surrogate$Parser
instanceKlass org/hsqldb/scriptio/ScriptWriterBase
instanceKlass org/hsqldb/scriptio/ScriptReaderBase
instanceKlass org/hsqldb/persist/Log
instanceKlass org/hsqldb/lib/HsqlTimer$Task
instanceKlass org/hsqldb/persist/LockFile$HeartbeatRunner
instanceKlass java/io/DeleteOnExitHook$1
instanceKlass java/io/DeleteOnExitHook
instanceKlass org/hsqldb/lib/java/JavaSystem
instanceKlass sun/awt/shell/Win32ShellFolder2$FolderDisposer$1
instanceKlass javax/swing/JComponent$ActionStandin
instanceKlass javax/swing/JComponent$IntVector
instanceKlass javax/swing/JComponent$KeyboardState
instanceKlass java/awt/KeyboardFocusManager$5
instanceKlass javax/swing/text/DefaultHighlighter$HighlightInfo
instanceKlass sun/swing/FilePane$EditActionListener
instanceKlass sun/swing/FilePane$DelayedSelectionUpdater
instanceKlass javax/accessibility/AccessibleStateSet
instanceKlass sun/swing/plaf/synth/SynthFileChooserUI$DelayedSelectionUpdater
instanceKlass java/awt/peer/FileDialogPeer
instanceKlass java/awt/Dialog$4
instanceKlass javax/swing/plaf/basic/BasicDirectoryModel$DoChangeContents
instanceKlass javax/swing/plaf/basic/BasicDirectoryModel$LoadFilesThread$1
instanceKlass sun/awt/shell/ShellFolder$1
instanceKlass sun/awt/shell/Win32ShellFolderManager2$ComInvoker$4
instanceKlass javax/swing/plaf/basic/BasicDirectoryModel$1
instanceKlass sun/awt/shell/Win32ShellFolder2$13
instanceKlass javax/swing/filechooser/WindowsFileSystemView$1
instanceKlass sun/awt/shell/Win32ShellFolder2$11
instanceKlass sun/awt/shell/Win32ShellFolder2$ColumnComparator$1
instanceKlass sun/awt/shell/Win32ShellFolder2$18
instanceKlass sun/awt/shell/Win32ShellFolder2$5
instanceKlass sun/awt/shell/Win32ShellFolder2$9
instanceKlass sun/awt/shell/Win32ShellFolder2$ColumnComparator
instanceKlass sun/awt/shell/Win32ShellFolder2$16
instanceKlass sun/awt/shell/Win32ShellFolderManager2$1
instanceKlass sun/awt/shell/Win32ShellFolder2$4
instanceKlass sun/awt/shell/Win32ShellFolder2$2
instanceKlass sun/awt/shell/Win32ShellFolder2$12
instanceKlass sun/awt/shell/Win32ShellFolder2$8
instanceKlass sun/awt/shell/Win32ShellFolder2$10
instanceKlass sun/swing/FilePane$Handler
instanceKlass javax/swing/plaf/basic/BasicFileChooserUI$Handler
instanceKlass sun/swing/FilePane$DirectoriesFirstComparatorWrapper
instanceKlass javax/swing/RowSorter$SortKey
instanceKlass sun/swing/FilePane$DetailsTableRowSorter$1
instanceKlass javax/swing/DefaultRowSorter$ModelWrapper
instanceKlass javax/swing/table/TableRowSorter$ComparableComparator
instanceKlass javax/swing/RowSorter
instanceKlass sun/awt/shell/ShellFolderColumnInfo
instanceKlass javax/swing/table/AbstractTableModel
instanceKlass javax/swing/table/TableModel
instanceKlass sun/swing/FilePane$5
instanceKlass sun/swing/plaf/synth/SynthFileChooserUI$1
instanceKlass sun/swing/plaf/synth/SynthFileChooserUI$SynthFCPropertyChangeListener
instanceKlass sun/swing/plaf/synth/SynthFileChooserUIImpl$ButtonAreaLayout
instanceKlass sun/swing/plaf/synth/SynthFileChooserUIImpl$FilterComboBoxRenderer
instanceKlass sun/swing/plaf/synth/SynthFileChooserUIImpl$2
instanceKlass javax/accessibility/AccessibleBundle
instanceKlass sun/awt/shell/Win32ShellFolder2$6
instanceKlass sun/awt/shell/Win32ShellFolder2$1
instanceKlass sun/awt/shell/Win32ShellFolder2$FolderDisposer
instanceKlass sun/awt/shell/Win32ShellFolderManager2$ComInvoker$$Lambda$17
instanceKlass sun/awt/shell/Win32ShellFolderManager2$ComInvoker$3
instanceKlass java/util/concurrent/FutureTask$WaitNode
instanceKlass java/util/concurrent/FutureTask
instanceKlass java/util/concurrent/RunnableFuture
instanceKlass java/util/concurrent/Future
instanceKlass sun/awt/shell/Win32ShellFolder2$7
instanceKlass java/util/concurrent/Callable
instanceKlass sun/awt/shell/ShellFolder$4
instanceKlass sun/awt/shell/ShellFolder$3
instanceKlass sun/awt/shell/Win32ShellFolderManager2$ComInvoker$2
instanceKlass sun/awt/shell/Win32ShellFolderManager2$ComInvoker$1
instanceKlass java/util/concurrent/Executors$DefaultThreadFactory
instanceKlass java/util/concurrent/Executors
instanceKlass java/util/concurrent/LinkedBlockingQueue$Node
instanceKlass java/util/concurrent/ThreadPoolExecutor$AbortPolicy
instanceKlass java/util/concurrent/RejectedExecutionHandler
instanceKlass java/util/concurrent/AbstractExecutorService
instanceKlass java/util/concurrent/ExecutorService
instanceKlass java/util/concurrent/Executor
instanceKlass sun/awt/shell/ShellFolder$Invoker
instanceKlass java/util/concurrent/ThreadFactory
instanceKlass sun/awt/shell/ShellFolderManager
instanceKlass javax/accessibility/AccessibleValue
instanceKlass javax/swing/ActionPropertyChangeListener
instanceKlass javax/swing/ButtonGroup
instanceKlass javax/swing/plaf/basic/BasicMenuItemUI$Handler
instanceKlass javax/swing/event/MenuDragMouseListener
instanceKlass sun/swing/MenuItemLayoutHelper
instanceKlass javax/swing/JMenuItem$MenuItemFocusListener
instanceKlass javax/swing/JMenu$MenuChangeListener
instanceKlass sun/swing/plaf/synth/SynthFileChooserUIImpl$SynthFileChooserUIAccessor
instanceKlass sun/swing/FilePane$FileChooserUIAccessor
instanceKlass sun/swing/FilePane$3
instanceKlass sun/swing/plaf/synth/SynthFileChooserUIImpl$IndentIcon
instanceKlass sun/swing/plaf/synth/SynthFileChooserUIImpl$DirectoryComboBoxRenderer
instanceKlass javax/swing/JComboBox$AccessibleJComboBox$AccessibleJComboBoxPopupMenuListener
instanceKlass javax/swing/JList$ListSelectionHandler
instanceKlass javax/swing/JComboBox$AccessibleJComboBox$AccessibleJComboBoxListSelectionListener
instanceKlass javax/accessibility/AccessibleExtendedText
instanceKlass javax/accessibility/AccessibleEditableText
instanceKlass javax/swing/event/CaretListener
instanceKlass javax/accessibility/AccessibleText
instanceKlass javax/swing/JComboBox$AccessibleJComboBox$AccessibleJComboBoxPropertyChangeListener
instanceKlass javax/accessibility/AccessibleRelationSet
instanceKlass javax/accessibility/AccessibleContext$1
instanceKlass sun/awt/AWTAccessor$AccessibleContextAccessor
instanceKlass javax/accessibility/AccessibleExtendedComponent
instanceKlass javax/accessibility/AccessibleComponent
instanceKlass javax/accessibility/AccessibleSelection
instanceKlass javax/accessibility/AccessibleAction
instanceKlass sun/swing/plaf/synth/SynthFileChooserUIImpl$1
instanceKlass javax/swing/filechooser/FileView
instanceKlass javax/swing/filechooser/FileSystemView$1
instanceKlass javax/swing/filechooser/FileSystemView
instanceKlass javax/swing/JFileChooser$1
instanceKlass javax/swing/JFileChooser$WeakPCL
instanceKlass javax/swing/text/JTextComponent$InputMethodRequestsHandler
instanceKlass javax/swing/plaf/basic/BasicPopupMenuUI$MouseGrabber$2
instanceKlass javax/swing/text/GapContent$UndoPosRef
instanceKlass javax/swing/event/UndoableEditListener
instanceKlass javax/swing/text/DefaultCaret$1
instanceKlass javax/swing/text/AbstractDocument$UndoRedoDocumentEvent
instanceKlass javax/swing/event/DocumentEvent$ElementChange
instanceKlass javax/swing/event/DocumentEvent$EventType
instanceKlass javax/swing/event/DocumentEvent
instanceKlass javax/swing/undo/AbstractUndoableEdit
instanceKlass javax/swing/undo/UndoableEdit
instanceKlass javax/swing/Autoscroller
instanceKlass javax/swing/Timer$1
instanceKlass javax/swing/TimerQueue$DelayedTimer
instanceKlass java/util/concurrent/Delayed
instanceKlass javax/swing/TimerQueue$1
instanceKlass java/util/concurrent/BlockingQueue
instanceKlass javax/swing/TimerQueue
instanceKlass java/awt/geom/RectIterator
instanceKlass javax/swing/RepaintManager$3
instanceKlass javax/swing/Popup
instanceKlass javax/swing/PopupFactory
instanceKlass javax/swing/plaf/basic/BasicPopupMenuUI$MouseGrabber$1
instanceKlass sun/java2d/pipe/ShapeSpanIterator
instanceKlass sun/java2d/pipe/SpanIterator
instanceKlass java/awt/GraphicsDevice$1
instanceKlass com/sun/awt/AWTUtilities$1
instanceKlass com/sun/awt/AWTUtilities
instanceKlass sun/awt/windows/TranslucentWindowPainter$VIOptWindowPainter$1
instanceKlass javax/swing/text/Utilities
instanceKlass javax/swing/text/Segment
instanceKlass javax/swing/text/SegmentCache
instanceKlass samusik/glasscmp/RoundGradientContext
instanceKlass java/awt/TexturePaint
instanceKlass java/awt/font/LineMetrics
instanceKlass sun/font/CoreMetrics
instanceKlass sun/font/StandardGlyphVector$GlyphStrike
instanceKlass java/awt/font/GlyphVector
instanceKlass sun/font/SunFontManager$5
instanceKlass sun/font/SunFontManager$FamilyDescription
instanceKlass java/awt/geom/Line2D
instanceKlass sun/java2d/loops/ProcessPath$Edge
instanceKlass sun/java2d/loops/ProcessPath$ActiveEdgeList
instanceKlass sun/java2d/loops/ProcessPath$Point
instanceKlass sun/java2d/loops/ProcessPath$FillData
instanceKlass sun/java2d/loops/ProcessPath$ProcessHandler
instanceKlass sun/java2d/loops/ProcessPath$1
instanceKlass sun/java2d/loops/ProcessPath$EndSubPathHandler
instanceKlass sun/java2d/loops/ProcessPath
instanceKlass javax/swing/GroupLayout$1
instanceKlass javax/swing/plaf/basic/BasicGraphicsUtils
instanceKlass samusik/glasscmp/RadialGradientPaint
instanceKlass vortex/gui/dlgSelectDatabaseHost$4
instanceKlass vortex/gui/dlgSelectDatabaseHost$3
instanceKlass vortex/gui/dlgSelectDatabaseHost$2
instanceKlass java/net/URLConnection$1
instanceKlass sun/net/www/MimeEntry
instanceKlass sun/net/www/MimeTable$DefaultInstanceHolder$1
instanceKlass sun/net/www/MimeTable$DefaultInstanceHolder
instanceKlass sun/net/www/MimeTable$1
instanceKlass sun/net/www/MimeTable
instanceKlass java/net/FileNameMap
instanceKlass sun/net/DefaultProgressMeteringPolicy
instanceKlass sun/net/ProgressMeteringPolicy
instanceKlass sun/net/ProgressMonitor
instanceKlass vortex/gui/dlgSelectDatabaseHost$1
instanceKlass javax/swing/plaf/basic/BasicComboBoxUI$DefaultKeySelectionManager
instanceKlass javax/swing/JComboBox$KeySelectionManager
